{"/Users/sijinze/Desktop/FrontEnd 3/frontend/_mocks_/styleMock.js": {"path":"/Users/sijinze/Desktop/FrontEnd 3/frontend/_mocks_/styleMock.js","statementMap":{"0":{"start":{"line":1,"column":0},"end":{"line":1,"column":19}}},"fnMap":{},"branchMap":{},"s":{"0":3},"f":{},"b":{},"_coverageSchema":"43e27e138ebf9cfc5966b082cf9a028302ed4184","hash":"5fc20e68c7fe1533ad7fb4f5d0b9b6c25d37f445"}
,"/Users/sijinze/Desktop/FrontEnd 3/frontend/src/ParConstraint.js": {"path":"/Users/sijinze/Desktop/FrontEnd 3/frontend/src/ParConstraint.js","statementMap":{"0":{"start":{"line":3,"column":26},"end":{"line":3,"column":27}},"1":{"start":{"line":4,"column":26},"end":{"line":4,"column":28}},"2":{"start":{"line":5,"column":26},"end":{"line":5,"column":28}},"3":{"start":{"line":15,"column":26},"end":{"line":15,"column":29}},"4":{"start":{"line":16,"column":29},"end":{"line":16,"column":30}},"5":{"start":{"line":17,"column":28},"end":{"line":17,"column":29}},"6":{"start":{"line":18,"column":31},"end":{"line":18,"column":34}},"7":{"start":{"line":19,"column":33},"end":{"line":19,"column":36}},"8":{"start":{"line":20,"column":32},"end":{"line":20,"column":34}},"9":{"start":{"line":21,"column":31},"end":{"line":21,"column":32}},"10":{"start":{"line":22,"column":30},"end":{"line":22,"column":33}},"11":{"start":{"line":35,"column":27},"end":{"line":35,"column":30}},"12":{"start":{"line":36,"column":35},"end":{"line":36,"column":37}},"13":{"start":{"line":37,"column":37},"end":{"line":37,"column":40}},"14":{"start":{"line":45,"column":17},"end":{"line":45,"column":19}}},"fnMap":{},"branchMap":{},"s":{"0":1,"1":1,"2":1,"3":1,"4":1,"5":1,"6":1,"7":1,"8":1,"9":1,"10":1,"11":1,"12":1,"13":1,"14":1},"f":{},"b":{},"_coverageSchema":"43e27e138ebf9cfc5966b082cf9a028302ed4184","hash":"3ff47f772b4a6edd0c054b5c3fde607b5ac756fc"}
,"/Users/sijinze/Desktop/FrontEnd 3/frontend/src/UrlConfig.js": {"path":"/Users/sijinze/Desktop/FrontEnd 3/frontend/src/UrlConfig.js","statementMap":{"0":{"start":{"line":1,"column":15},"end":{"line":1,"column":42}}},"fnMap":{},"branchMap":{},"s":{"0":21},"f":{},"b":{},"_coverageSchema":"43e27e138ebf9cfc5966b082cf9a028302ed4184","hash":"a34fea78f345884846251d81c48a2202f7db8ae1"}
,"/Users/sijinze/Desktop/FrontEnd 3/frontend/src/Components/Foot.js": {"path":"/Users/sijinze/Desktop/FrontEnd 3/frontend/src/Components/Foot.js","statementMap":{"0":{"start":{"line":17,"column":8},"end":{"line":61,"column":9}}},"fnMap":{"0":{"name":"(anonymous_0)","decl":{"start":{"line":16,"column":4},"end":{"line":16,"column":5}},"loc":{"start":{"line":16,"column":13},"end":{"line":62,"column":5}},"line":16}},"branchMap":{},"s":{"0":1},"f":{"0":1},"b":{},"_coverageSchema":"43e27e138ebf9cfc5966b082cf9a028302ed4184","hash":"4751e7c25adaba17ba70429aa76b18ed6d161e1a"}
,"/Users/sijinze/Desktop/FrontEnd 3/frontend/src/Components/Header.js": {"path":"/Users/sijinze/Desktop/FrontEnd 3/frontend/src/Components/Header.js","statementMap":{"0":{"start":{"line":17,"column":8},"end":{"line":17,"column":21}},"1":{"start":{"line":18,"column":8},"end":{"line":20,"column":9}},"2":{"start":{"line":23,"column":17},"end":{"line":25,"column":5}},"3":{"start":{"line":24,"column":8},"end":{"line":24,"column":100}},"4":{"start":{"line":27,"column":16},"end":{"line":29,"column":5}},"5":{"start":{"line":28,"column":8},"end":{"line":28,"column":79}},"6":{"start":{"line":33,"column":8},"end":{"line":68,"column":9}},"7":{"start":{"line":53,"column":69},"end":{"line":53,"column":89}}},"fnMap":{"0":{"name":"(anonymous_0)","decl":{"start":{"line":16,"column":4},"end":{"line":16,"column":5}},"loc":{"start":{"line":16,"column":23},"end":{"line":21,"column":5}},"line":16},"1":{"name":"(anonymous_1)","decl":{"start":{"line":23,"column":17},"end":{"line":23,"column":18}},"loc":{"start":{"line":23,"column":21},"end":{"line":25,"column":5}},"line":23},"2":{"name":"(anonymous_2)","decl":{"start":{"line":27,"column":16},"end":{"line":27,"column":17}},"loc":{"start":{"line":27,"column":25},"end":{"line":29,"column":5}},"line":27},"3":{"name":"(anonymous_3)","decl":{"start":{"line":32,"column":4},"end":{"line":32,"column":5}},"loc":{"start":{"line":32,"column":13},"end":{"line":69,"column":5}},"line":32},"4":{"name":"(anonymous_4)","decl":{"start":{"line":53,"column":65},"end":{"line":53,"column":66}},"loc":{"start":{"line":53,"column":69},"end":{"line":53,"column":89}},"line":53}},"branchMap":{"0":{"loc":{"start":{"line":50,"column":51},"end":{"line":50,"column":113}},"type":"cond-expr","locations":[{"start":{"line":50,"column":91},"end":{"line":50,"column":110}},{"start":{"line":50,"column":111},"end":{"line":50,"column":113}}],"line":50},"1":{"loc":{"start":{"line":52,"column":51},"end":{"line":52,"column":114}},"type":"cond-expr","locations":[{"start":{"line":52,"column":92},"end":{"line":52,"column":111}},{"start":{"line":52,"column":112},"end":{"line":52,"column":114}}],"line":52},"2":{"loc":{"start":{"line":54,"column":37},"end":{"line":55,"column":98}},"type":"cond-expr","locations":[{"start":{"line":54,"column":76},"end":{"line":55,"column":93}},{"start":{"line":55,"column":94},"end":{"line":55,"column":98}}],"line":54},"3":{"loc":{"start":{"line":54,"column":91},"end":{"line":54,"column":155}},"type":"cond-expr","locations":[{"start":{"line":54,"column":133},"end":{"line":54,"column":152}},{"start":{"line":54,"column":153},"end":{"line":54,"column":155}}],"line":54},"4":{"loc":{"start":{"line":57,"column":37},"end":{"line":58,"column":97}},"type":"cond-expr","locations":[{"start":{"line":57,"column":77},"end":{"line":58,"column":92}},{"start":{"line":58,"column":93},"end":{"line":58,"column":97}}],"line":57},"5":{"loc":{"start":{"line":57,"column":92},"end":{"line":57,"column":151}},"type":"cond-expr","locations":[{"start":{"line":57,"column":129},"end":{"line":57,"column":148}},{"start":{"line":57,"column":149},"end":{"line":57,"column":151}}],"line":57},"6":{"loc":{"start":{"line":59,"column":37},"end":{"line":59,"column":193}},"type":"cond-expr","locations":[{"start":{"line":59,"column":76},"end":{"line":59,"column":186}},{"start":{"line":59,"column":187},"end":{"line":59,"column":193}}],"line":59}},"s":{"0":1,"1":1,"2":1,"3":1,"4":1,"5":1,"6":1,"7":0},"f":{"0":1,"1":1,"2":1,"3":1,"4":0},"b":{"0":[0,1],"1":[0,1],"2":[1,0],"3":[0,1],"4":[0,1],"5":[0,0],"6":[1,0]},"_coverageSchema":"43e27e138ebf9cfc5966b082cf9a028302ed4184","hash":"0b469b7291b53d78ca9606abde4b19825a71a395"}
,"/Users/sijinze/Desktop/FrontEnd 3/frontend/src/Components/PostSpeak.js": {"path":"/Users/sijinze/Desktop/FrontEnd 3/frontend/src/Components/PostSpeak.js","statementMap":{"0":{"start":{"line":10,"column":17},"end":{"line":10,"column":23}},"1":{"start":{"line":14,"column":8},"end":{"line":14,"column":21}},"2":{"start":{"line":15,"column":8},"end":{"line":15,"column":68}},"3":{"start":{"line":16,"column":8},"end":{"line":24,"column":10}},"4":{"start":{"line":27,"column":17},"end":{"line":29,"column":5}},"5":{"start":{"line":28,"column":8},"end":{"line":28,"column":39}},"6":{"start":{"line":31,"column":14},"end":{"line":33,"column":5}},"7":{"start":{"line":32,"column":8},"end":{"line":32,"column":40}},"8":{"start":{"line":36,"column":8},"end":{"line":36,"column":34}},"9":{"start":{"line":37,"column":8},"end":{"line":37,"column":32}},"10":{"start":{"line":40,"column":21},"end":{"line":42,"column":5}},"11":{"start":{"line":41,"column":8},"end":{"line":41,"column":48}},"12":{"start":{"line":44,"column":24},"end":{"line":58,"column":5}},"13":{"start":{"line":45,"column":8},"end":{"line":57,"column":9}},"14":{"start":{"line":46,"column":12},"end":{"line":46,"column":38}},"15":{"start":{"line":47,"column":13},"end":{"line":57,"column":9}},"16":{"start":{"line":48,"column":12},"end":{"line":50,"column":15}},"17":{"start":{"line":52,"column":25},"end":{"line":52,"column":27}},"18":{"start":{"line":53,"column":12},"end":{"line":53,"column":31}},"19":{"start":{"line":54,"column":12},"end":{"line":56,"column":14}},"20":{"start":{"line":60,"column":25},"end":{"line":85,"column":5}},"21":{"start":{"line":61,"column":18},"end":{"line":61,"column":39}},"22":{"start":{"line":62,"column":23},"end":{"line":79,"column":9}},"23":{"start":{"line":63,"column":12},"end":{"line":71,"column":13}},"24":{"start":{"line":64,"column":27},"end":{"line":64,"column":29}},"25":{"start":{"line":65,"column":16},"end":{"line":66,"column":62}},"26":{"start":{"line":65,"column":29},"end":{"line":65,"column":30}},"27":{"start":{"line":66,"column":20},"end":{"line":66,"column":62}},"28":{"start":{"line":67,"column":29},"end":{"line":67,"column":33}},"29":{"start":{"line":68,"column":16},"end":{"line":70,"column":18}},"30":{"start":{"line":72,"column":12},"end":{"line":74,"column":13}},"31":{"start":{"line":73,"column":16},"end":{"line":73,"column":55}},"32":{"start":{"line":75,"column":12},"end":{"line":78,"column":13}},"33":{"start":{"line":76,"column":16},"end":{"line":76,"column":38}},"34":{"start":{"line":77,"column":16},"end":{"line":77,"column":46}},"35":{"start":{"line":80,"column":8},"end":{"line":83,"column":14}},"36":{"start":{"line":82,"column":16},"end":{"line":82,"column":31}},"37":{"start":{"line":87,"column":30},"end":{"line":91,"column":5}},"38":{"start":{"line":88,"column":8},"end":{"line":90,"column":11}},"39":{"start":{"line":93,"column":22},"end":{"line":104,"column":5}},"40":{"start":{"line":94,"column":8},"end":{"line":102,"column":9}},"41":{"start":{"line":95,"column":12},"end":{"line":95,"column":36}},"42":{"start":{"line":97,"column":25},"end":{"line":97,"column":27}},"43":{"start":{"line":98,"column":12},"end":{"line":98,"column":31}},"44":{"start":{"line":99,"column":12},"end":{"line":101,"column":14}},"45":{"start":{"line":106,"column":23},"end":{"line":128,"column":5}},"46":{"start":{"line":107,"column":18},"end":{"line":107,"column":37}},"47":{"start":{"line":108,"column":23},"end":{"line":122,"column":9}},"48":{"start":{"line":109,"column":12},"end":{"line":114,"column":13}},"49":{"start":{"line":110,"column":29},"end":{"line":110,"column":49}},"50":{"start":{"line":111,"column":16},"end":{"line":113,"column":18}},"51":{"start":{"line":115,"column":12},"end":{"line":117,"column":13}},"52":{"start":{"line":116,"column":16},"end":{"line":116,"column":46}},"53":{"start":{"line":118,"column":12},"end":{"line":121,"column":13}},"54":{"start":{"line":119,"column":16},"end":{"line":119,"column":38}},"55":{"start":{"line":120,"column":16},"end":{"line":120,"column":46}},"56":{"start":{"line":123,"column":8},"end":{"line":126,"column":14}},"57":{"start":{"line":125,"column":16},"end":{"line":125,"column":31}},"58":{"start":{"line":130,"column":28},"end":{"line":134,"column":5}},"59":{"start":{"line":131,"column":8},"end":{"line":133,"column":11}},"60":{"start":{"line":136,"column":17},"end":{"line":184,"column":5}},"61":{"start":{"line":137,"column":8},"end":{"line":151,"column":9}},"62":{"start":{"line":139,"column":12},"end":{"line":139,"column":38}},"63":{"start":{"line":140,"column":12},"end":{"line":140,"column":19}},"64":{"start":{"line":147,"column":13},"end":{"line":151,"column":9}},"65":{"start":{"line":149,"column":12},"end":{"line":149,"column":38}},"66":{"start":{"line":150,"column":12},"end":{"line":150,"column":19}},"67":{"start":{"line":152,"column":18},"end":{"line":152,"column":42}},"68":{"start":{"line":153,"column":23},"end":{"line":159,"column":9}},"69":{"start":{"line":160,"column":23},"end":{"line":178,"column":9}},"70":{"start":{"line":161,"column":12},"end":{"line":170,"column":13}},"71":{"start":{"line":162,"column":16},"end":{"line":162,"column":37}},"72":{"start":{"line":163,"column":16},"end":{"line":168,"column":19}},"73":{"start":{"line":169,"column":16},"end":{"line":169,"column":41}},"74":{"start":{"line":171,"column":12},"end":{"line":173,"column":13}},"75":{"start":{"line":172,"column":16},"end":{"line":172,"column":40}},"76":{"start":{"line":174,"column":12},"end":{"line":177,"column":13}},"77":{"start":{"line":175,"column":16},"end":{"line":175,"column":38}},"78":{"start":{"line":176,"column":16},"end":{"line":176,"column":46}},"79":{"start":{"line":179,"column":8},"end":{"line":182,"column":14}},"80":{"start":{"line":181,"column":16},"end":{"line":181,"column":31}},"81":{"start":{"line":188,"column":29},"end":{"line":188,"column":89}},"82":{"start":{"line":188,"column":60},"end":{"line":188,"column":88}},"83":{"start":{"line":189,"column":27},"end":{"line":189,"column":85}},"84":{"start":{"line":189,"column":56},"end":{"line":189,"column":84}},"85":{"start":{"line":191,"column":8},"end":{"line":247,"column":10}}},"fnMap":{"0":{"name":"(anonymous_0)","decl":{"start":{"line":13,"column":4},"end":{"line":13,"column":5}},"loc":{"start":{"line":13,"column":23},"end":{"line":25,"column":5}},"line":13},"1":{"name":"(anonymous_1)","decl":{"start":{"line":27,"column":17},"end":{"line":27,"column":18}},"loc":{"start":{"line":27,"column":23},"end":{"line":29,"column":5}},"line":27},"2":{"name":"(anonymous_2)","decl":{"start":{"line":31,"column":14},"end":{"line":31,"column":15}},"loc":{"start":{"line":31,"column":20},"end":{"line":33,"column":5}},"line":31},"3":{"name":"(anonymous_3)","decl":{"start":{"line":35,"column":4},"end":{"line":35,"column":5}},"loc":{"start":{"line":35,"column":32},"end":{"line":38,"column":5}},"line":35},"4":{"name":"(anonymous_4)","decl":{"start":{"line":40,"column":21},"end":{"line":40,"column":22}},"loc":{"start":{"line":40,"column":28},"end":{"line":42,"column":5}},"line":40},"5":{"name":"(anonymous_5)","decl":{"start":{"line":44,"column":24},"end":{"line":44,"column":25}},"loc":{"start":{"line":44,"column":35},"end":{"line":58,"column":5}},"line":44},"6":{"name":"(anonymous_6)","decl":{"start":{"line":60,"column":25},"end":{"line":60,"column":26}},"loc":{"start":{"line":60,"column":31},"end":{"line":85,"column":5}},"line":60},"7":{"name":"(anonymous_7)","decl":{"start":{"line":62,"column":23},"end":{"line":62,"column":24}},"loc":{"start":{"line":62,"column":37},"end":{"line":79,"column":9}},"line":62},"8":{"name":"(anonymous_8)","decl":{"start":{"line":81,"column":18},"end":{"line":81,"column":19}},"loc":{"start":{"line":81,"column":28},"end":{"line":83,"column":13}},"line":81},"9":{"name":"(anonymous_9)","decl":{"start":{"line":87,"column":30},"end":{"line":87,"column":31}},"loc":{"start":{"line":87,"column":41},"end":{"line":91,"column":5}},"line":87},"10":{"name":"(anonymous_10)","decl":{"start":{"line":93,"column":22},"end":{"line":93,"column":23}},"loc":{"start":{"line":93,"column":33},"end":{"line":104,"column":5}},"line":93},"11":{"name":"(anonymous_11)","decl":{"start":{"line":106,"column":23},"end":{"line":106,"column":24}},"loc":{"start":{"line":106,"column":29},"end":{"line":128,"column":5}},"line":106},"12":{"name":"(anonymous_12)","decl":{"start":{"line":108,"column":23},"end":{"line":108,"column":24}},"loc":{"start":{"line":108,"column":37},"end":{"line":122,"column":9}},"line":108},"13":{"name":"(anonymous_13)","decl":{"start":{"line":124,"column":18},"end":{"line":124,"column":19}},"loc":{"start":{"line":124,"column":28},"end":{"line":126,"column":13}},"line":124},"14":{"name":"(anonymous_14)","decl":{"start":{"line":130,"column":28},"end":{"line":130,"column":29}},"loc":{"start":{"line":130,"column":39},"end":{"line":134,"column":5}},"line":130},"15":{"name":"(anonymous_15)","decl":{"start":{"line":136,"column":17},"end":{"line":136,"column":18}},"loc":{"start":{"line":136,"column":22},"end":{"line":184,"column":5}},"line":136},"16":{"name":"(anonymous_16)","decl":{"start":{"line":160,"column":23},"end":{"line":160,"column":24}},"loc":{"start":{"line":160,"column":31},"end":{"line":178,"column":9}},"line":160},"17":{"name":"(anonymous_17)","decl":{"start":{"line":180,"column":18},"end":{"line":180,"column":19}},"loc":{"start":{"line":180,"column":28},"end":{"line":182,"column":13}},"line":180},"18":{"name":"(anonymous_18)","decl":{"start":{"line":187,"column":4},"end":{"line":187,"column":5}},"loc":{"start":{"line":187,"column":13},"end":{"line":248,"column":5}},"line":187},"19":{"name":"(anonymous_19)","decl":{"start":{"line":188,"column":55},"end":{"line":188,"column":56}},"loc":{"start":{"line":188,"column":60},"end":{"line":188,"column":88}},"line":188},"20":{"name":"(anonymous_20)","decl":{"start":{"line":189,"column":51},"end":{"line":189,"column":52}},"loc":{"start":{"line":189,"column":56},"end":{"line":189,"column":84}},"line":189}},"branchMap":{"0":{"loc":{"start":{"line":45,"column":8},"end":{"line":57,"column":9}},"type":"if","locations":[{"start":{"line":45,"column":8},"end":{"line":57,"column":9}},{"start":{"line":45,"column":8},"end":{"line":57,"column":9}}],"line":45},"1":{"loc":{"start":{"line":47,"column":13},"end":{"line":57,"column":9}},"type":"if","locations":[{"start":{"line":47,"column":13},"end":{"line":57,"column":9}},{"start":{"line":47,"column":13},"end":{"line":57,"column":9}}],"line":47},"2":{"loc":{"start":{"line":63,"column":12},"end":{"line":71,"column":13}},"type":"if","locations":[{"start":{"line":63,"column":12},"end":{"line":71,"column":13}},{"start":{"line":63,"column":12},"end":{"line":71,"column":13}}],"line":63},"3":{"loc":{"start":{"line":72,"column":12},"end":{"line":74,"column":13}},"type":"if","locations":[{"start":{"line":72,"column":12},"end":{"line":74,"column":13}},{"start":{"line":72,"column":12},"end":{"line":74,"column":13}}],"line":72},"4":{"loc":{"start":{"line":75,"column":12},"end":{"line":78,"column":13}},"type":"if","locations":[{"start":{"line":75,"column":12},"end":{"line":78,"column":13}},{"start":{"line":75,"column":12},"end":{"line":78,"column":13}}],"line":75},"5":{"loc":{"start":{"line":94,"column":8},"end":{"line":102,"column":9}},"type":"if","locations":[{"start":{"line":94,"column":8},"end":{"line":102,"column":9}},{"start":{"line":94,"column":8},"end":{"line":102,"column":9}}],"line":94},"6":{"loc":{"start":{"line":109,"column":12},"end":{"line":114,"column":13}},"type":"if","locations":[{"start":{"line":109,"column":12},"end":{"line":114,"column":13}},{"start":{"line":109,"column":12},"end":{"line":114,"column":13}}],"line":109},"7":{"loc":{"start":{"line":115,"column":12},"end":{"line":117,"column":13}},"type":"if","locations":[{"start":{"line":115,"column":12},"end":{"line":117,"column":13}},{"start":{"line":115,"column":12},"end":{"line":117,"column":13}}],"line":115},"8":{"loc":{"start":{"line":118,"column":12},"end":{"line":121,"column":13}},"type":"if","locations":[{"start":{"line":118,"column":12},"end":{"line":121,"column":13}},{"start":{"line":118,"column":12},"end":{"line":121,"column":13}}],"line":118},"9":{"loc":{"start":{"line":137,"column":8},"end":{"line":151,"column":9}},"type":"if","locations":[{"start":{"line":137,"column":8},"end":{"line":151,"column":9}},{"start":{"line":137,"column":8},"end":{"line":151,"column":9}}],"line":137},"10":{"loc":{"start":{"line":147,"column":13},"end":{"line":151,"column":9}},"type":"if","locations":[{"start":{"line":147,"column":13},"end":{"line":151,"column":9}},{"start":{"line":147,"column":13},"end":{"line":151,"column":9}}],"line":147},"11":{"loc":{"start":{"line":161,"column":12},"end":{"line":170,"column":13}},"type":"if","locations":[{"start":{"line":161,"column":12},"end":{"line":170,"column":13}},{"start":{"line":161,"column":12},"end":{"line":170,"column":13}}],"line":161},"12":{"loc":{"start":{"line":171,"column":12},"end":{"line":173,"column":13}},"type":"if","locations":[{"start":{"line":171,"column":12},"end":{"line":173,"column":13}},{"start":{"line":171,"column":12},"end":{"line":173,"column":13}}],"line":171},"13":{"loc":{"start":{"line":174,"column":12},"end":{"line":177,"column":13}},"type":"if","locations":[{"start":{"line":174,"column":12},"end":{"line":177,"column":13}},{"start":{"line":174,"column":12},"end":{"line":177,"column":13}}],"line":174}},"s":{"0":6,"1":1,"2":1,"3":1,"4":1,"5":1,"6":1,"7":1,"8":1,"9":1,"10":1,"11":1,"12":1,"13":3,"14":1,"15":2,"16":1,"17":1,"18":1,"19":1,"20":1,"21":5,"22":5,"23":5,"24":3,"25":3,"26":3,"27":3,"28":3,"29":3,"30":5,"31":1,"32":5,"33":1,"34":1,"35":5,"36":5,"37":1,"38":1,"39":1,"40":2,"41":1,"42":1,"43":1,"44":1,"45":1,"46":5,"47":5,"48":5,"49":3,"50":3,"51":5,"52":1,"53":5,"54":1,"55":1,"56":5,"57":5,"58":1,"59":1,"60":1,"61":5,"62":1,"63":1,"64":4,"65":0,"66":0,"67":4,"68":4,"69":4,"70":4,"71":2,"72":2,"73":2,"74":4,"75":0,"76":4,"77":1,"78":1,"79":4,"80":4,"81":21,"82":16,"83":21,"84":25,"85":21},"f":{"0":1,"1":1,"2":1,"3":1,"4":1,"5":3,"6":5,"7":5,"8":5,"9":1,"10":2,"11":5,"12":5,"13":5,"14":1,"15":5,"16":4,"17":4,"18":21,"19":16,"20":25},"b":{"0":[1,2],"1":[1,1],"2":[3,2],"3":[1,4],"4":[1,4],"5":[1,1],"6":[3,2],"7":[1,4],"8":[1,4],"9":[1,4],"10":[0,4],"11":[2,2],"12":[0,4],"13":[1,3]},"_coverageSchema":"43e27e138ebf9cfc5966b082cf9a028302ed4184","hash":"0bcff61fb4029ed2e75b61d28e41c53d52240828"}
,"/Users/sijinze/Desktop/FrontEnd 3/frontend/src/Components/RichText.js": {"path":"/Users/sijinze/Desktop/FrontEnd 3/frontend/src/Components/RichText.js","statementMap":{"0":{"start":{"line":6,"column":13},"end":{"line":6,"column":17}},"1":{"start":{"line":7,"column":27},"end":{"line":7,"column":29}},"2":{"start":{"line":11,"column":34},"end":{"line":11,"column":46}},"3":{"start":{"line":13,"column":4},"end":{"line":40,"column":11}},"4":{"start":{"line":15,"column":8},"end":{"line":15,"column":32}},"5":{"start":{"line":16,"column":8},"end":{"line":16,"column":64}},"6":{"start":{"line":17,"column":8},"end":{"line":25,"column":10}},"7":{"start":{"line":18,"column":12},"end":{"line":24,"column":13}},"8":{"start":{"line":20,"column":16},"end":{"line":23,"column":23}},"9":{"start":{"line":22,"column":24},"end":{"line":22,"column":43}},"10":{"start":{"line":27,"column":8},"end":{"line":30,"column":10}},"11":{"start":{"line":28,"column":12},"end":{"line":28,"column":32}},"12":{"start":{"line":29,"column":12},"end":{"line":29,"column":36}},"13":{"start":{"line":34,"column":8},"end":{"line":34,"column":24}},"14":{"start":{"line":36,"column":8},"end":{"line":39,"column":9}},"15":{"start":{"line":38,"column":12},"end":{"line":38,"column":28}},"16":{"start":{"line":44,"column":4},"end":{"line":48,"column":6}}},"fnMap":{"0":{"name":"RichText","decl":{"start":{"line":9,"column":9},"end":{"line":9,"column":17}},"loc":{"start":{"line":9,"column":20},"end":{"line":49,"column":1}},"line":9},"1":{"name":"(anonymous_1)","decl":{"start":{"line":13,"column":14},"end":{"line":13,"column":15}},"loc":{"start":{"line":13,"column":20},"end":{"line":40,"column":5}},"line":13},"2":{"name":"(anonymous_2)","decl":{"start":{"line":17,"column":40},"end":{"line":17,"column":41}},"loc":{"start":{"line":17,"column":64},"end":{"line":25,"column":9}},"line":17},"3":{"name":"(anonymous_3)","decl":{"start":{"line":21,"column":26},"end":{"line":21,"column":27}},"loc":{"start":{"line":21,"column":29},"end":{"line":23,"column":21}},"line":21},"4":{"name":"(anonymous_4)","decl":{"start":{"line":27,"column":33},"end":{"line":27,"column":34}},"loc":{"start":{"line":27,"column":46},"end":{"line":30,"column":9}},"line":27},"5":{"name":"(anonymous_5)","decl":{"start":{"line":36,"column":15},"end":{"line":36,"column":16}},"loc":{"start":{"line":36,"column":21},"end":{"line":39,"column":9}},"line":36}},"branchMap":{},"s":{"0":6,"1":6,"2":0,"3":0,"4":0,"5":0,"6":0,"7":0,"8":0,"9":0,"10":0,"11":0,"12":0,"13":0,"14":0,"15":0,"16":0},"f":{"0":0,"1":0,"2":0,"3":0,"4":0,"5":0},"b":{},"_coverageSchema":"43e27e138ebf9cfc5966b082cf9a028302ed4184","hash":"7e1319c7544a656a3bea581bfb901b7737e283c5"}
,"/Users/sijinze/Desktop/FrontEnd 3/frontend/src/Components/SignUpForm.js": {"path":"/Users/sijinze/Desktop/FrontEnd 3/frontend/src/Components/SignUpForm.js","statementMap":{"0":{"start":{"line":22,"column":23},"end":{"line":23,"column":1}},"1":{"start":{"line":24,"column":26},"end":{"line":25,"column":1}},"2":{"start":{"line":26,"column":15},"end":{"line":28,"column":1}},"3":{"start":{"line":32,"column":8},"end":{"line":32,"column":21}},"4":{"start":{"line":33,"column":8},"end":{"line":41,"column":10}},"5":{"start":{"line":42,"column":8},"end":{"line":42,"column":59}},"6":{"start":{"line":43,"column":8},"end":{"line":43,"column":65}},"7":{"start":{"line":47,"column":8},"end":{"line":49,"column":9}},"8":{"start":{"line":48,"column":12},"end":{"line":48,"column":22}},"9":{"start":{"line":50,"column":19},"end":{"line":56,"column":9}},"10":{"start":{"line":52,"column":12},"end":{"line":55,"column":26}},"11":{"start":{"line":53,"column":16},"end":{"line":53,"column":50}},"12":{"start":{"line":55,"column":16},"end":{"line":55,"column":26}},"13":{"start":{"line":57,"column":19},"end":{"line":59,"column":9}},"14":{"start":{"line":60,"column":18},"end":{"line":60,"column":45}},"15":{"start":{"line":61,"column":8},"end":{"line":64,"column":14}},"16":{"start":{"line":63,"column":16},"end":{"line":63,"column":27}},"17":{"start":{"line":68,"column":8},"end":{"line":70,"column":9}},"18":{"start":{"line":69,"column":12},"end":{"line":69,"column":22}},"19":{"start":{"line":71,"column":19},"end":{"line":76,"column":9}},"20":{"start":{"line":72,"column":12},"end":{"line":75,"column":27}},"21":{"start":{"line":73,"column":16},"end":{"line":73,"column":49}},"22":{"start":{"line":75,"column":16},"end":{"line":75,"column":27}},"23":{"start":{"line":77,"column":19},"end":{"line":79,"column":9}},"24":{"start":{"line":80,"column":18},"end":{"line":80,"column":45}},"25":{"start":{"line":81,"column":8},"end":{"line":84,"column":14}},"26":{"start":{"line":83,"column":16},"end":{"line":83,"column":27}},"27":{"start":{"line":87,"column":18},"end":{"line":91,"column":5}},"28":{"start":{"line":88,"column":8},"end":{"line":90,"column":10}},"29":{"start":{"line":92,"column":18},"end":{"line":103,"column":5}},"30":{"start":{"line":93,"column":20},"end":{"line":93,"column":95}},"31":{"start":{"line":94,"column":8},"end":{"line":102,"column":9}},"32":{"start":{"line":95,"column":12},"end":{"line":97,"column":14}},"33":{"start":{"line":99,"column":12},"end":{"line":101,"column":14}},"34":{"start":{"line":104,"column":21},"end":{"line":108,"column":5}},"35":{"start":{"line":105,"column":8},"end":{"line":107,"column":10}},"36":{"start":{"line":109,"column":28},"end":{"line":113,"column":5}},"37":{"start":{"line":110,"column":8},"end":{"line":112,"column":10}},"38":{"start":{"line":114,"column":21},"end":{"line":118,"column":5}},"39":{"start":{"line":115,"column":8},"end":{"line":117,"column":10}},"40":{"start":{"line":119,"column":13},"end":{"line":152,"column":5}},"41":{"start":{"line":120,"column":8},"end":{"line":125,"column":19}},"42":{"start":{"line":125,"column":12},"end":{"line":125,"column":19}},"43":{"start":{"line":126,"column":8},"end":{"line":127,"column":19}},"44":{"start":{"line":127,"column":12},"end":{"line":127,"column":19}},"45":{"start":{"line":129,"column":18},"end":{"line":129,"column":38}},"46":{"start":{"line":130,"column":27},"end":{"line":135,"column":9}},"47":{"start":{"line":136,"column":23},"end":{"line":146,"column":9}},"48":{"start":{"line":138,"column":12},"end":{"line":144,"column":13}},"49":{"start":{"line":139,"column":16},"end":{"line":139,"column":45}},"50":{"start":{"line":140,"column":16},"end":{"line":140,"column":34}},"51":{"start":{"line":142,"column":16},"end":{"line":142,"column":40}},"52":{"start":{"line":147,"column":8},"end":{"line":150,"column":14}},"53":{"start":{"line":149,"column":16},"end":{"line":149,"column":31}},"54":{"start":{"line":153,"column":17},"end":{"line":155,"column":5}},"55":{"start":{"line":154,"column":8},"end":{"line":154,"column":26}},"56":{"start":{"line":158,"column":8},"end":{"line":326,"column":10}},"57":{"start":{"line":196,"column":43},"end":{"line":203,"column":37}},"58":{"start":{"line":198,"column":44},"end":{"line":200,"column":45}},"59":{"start":{"line":199,"column":48},"end":{"line":199,"column":101}},"60":{"start":{"line":201,"column":44},"end":{"line":201,"column":86}},"61":{"start":{"line":209,"column":53},"end":{"line":209,"column":75}},"62":{"start":{"line":224,"column":43},"end":{"line":231,"column":37}},"63":{"start":{"line":226,"column":44},"end":{"line":228,"column":45}},"64":{"start":{"line":227,"column":48},"end":{"line":227,"column":72}},"65":{"start":{"line":229,"column":44},"end":{"line":229,"column":83}},"66":{"start":{"line":236,"column":53},"end":{"line":236,"column":72}},"67":{"start":{"line":248,"column":43},"end":{"line":258,"column":37}},"68":{"start":{"line":250,"column":44},"end":{"line":252,"column":45}},"69":{"start":{"line":251,"column":48},"end":{"line":251,"column":114}},"70":{"start":{"line":253,"column":44},"end":{"line":255,"column":45}},"71":{"start":{"line":254,"column":48},"end":{"line":254,"column":114}},"72":{"start":{"line":266,"column":53},"end":{"line":266,"column":75}},"73":{"start":{"line":281,"column":58},"end":{"line":288,"column":37}},"74":{"start":{"line":283,"column":44},"end":{"line":285,"column":45}},"75":{"start":{"line":284,"column":48},"end":{"line":284,"column":73}},"76":{"start":{"line":286,"column":44},"end":{"line":286,"column":81}},"77":{"start":{"line":295,"column":53},"end":{"line":295,"column":82}},"78":{"start":{"line":305,"column":53},"end":{"line":305,"column":72}},"79":{"start":{"line":310,"column":55},"end":{"line":310,"column":68}},"80":{"start":{"line":319,"column":85},"end":{"line":319,"column":102}}},"fnMap":{"0":{"name":"(anonymous_0)","decl":{"start":{"line":22,"column":23},"end":{"line":22,"column":24}},"loc":{"start":{"line":22,"column":29},"end":{"line":23,"column":1}},"line":22},"1":{"name":"(anonymous_1)","decl":{"start":{"line":24,"column":26},"end":{"line":24,"column":27}},"loc":{"start":{"line":24,"column":32},"end":{"line":25,"column":1}},"line":24},"2":{"name":"(anonymous_2)","decl":{"start":{"line":31,"column":4},"end":{"line":31,"column":5}},"loc":{"start":{"line":31,"column":23},"end":{"line":44,"column":5}},"line":31},"3":{"name":"(anonymous_3)","decl":{"start":{"line":46,"column":4},"end":{"line":46,"column":5}},"loc":{"start":{"line":46,"column":41},"end":{"line":65,"column":5}},"line":46},"4":{"name":"(anonymous_4)","decl":{"start":{"line":50,"column":19},"end":{"line":50,"column":20}},"loc":{"start":{"line":50,"column":29},"end":{"line":56,"column":9}},"line":50},"5":{"name":"(anonymous_5)","decl":{"start":{"line":62,"column":18},"end":{"line":62,"column":19}},"loc":{"start":{"line":62,"column":28},"end":{"line":64,"column":13}},"line":62},"6":{"name":"(anonymous_6)","decl":{"start":{"line":67,"column":4},"end":{"line":67,"column":5}},"loc":{"start":{"line":67,"column":38},"end":{"line":85,"column":5}},"line":67},"7":{"name":"(anonymous_7)","decl":{"start":{"line":71,"column":19},"end":{"line":71,"column":20}},"loc":{"start":{"line":71,"column":29},"end":{"line":76,"column":9}},"line":71},"8":{"name":"(anonymous_8)","decl":{"start":{"line":82,"column":18},"end":{"line":82,"column":19}},"loc":{"start":{"line":82,"column":28},"end":{"line":84,"column":13}},"line":82},"9":{"name":"(anonymous_9)","decl":{"start":{"line":87,"column":18},"end":{"line":87,"column":19}},"loc":{"start":{"line":87,"column":25},"end":{"line":91,"column":5}},"line":87},"10":{"name":"(anonymous_10)","decl":{"start":{"line":92,"column":18},"end":{"line":92,"column":19}},"loc":{"start":{"line":92,"column":25},"end":{"line":103,"column":5}},"line":92},"11":{"name":"(anonymous_11)","decl":{"start":{"line":104,"column":21},"end":{"line":104,"column":22}},"loc":{"start":{"line":104,"column":28},"end":{"line":108,"column":5}},"line":104},"12":{"name":"(anonymous_12)","decl":{"start":{"line":109,"column":28},"end":{"line":109,"column":29}},"loc":{"start":{"line":109,"column":35},"end":{"line":113,"column":5}},"line":109},"13":{"name":"(anonymous_13)","decl":{"start":{"line":114,"column":21},"end":{"line":114,"column":22}},"loc":{"start":{"line":114,"column":28},"end":{"line":118,"column":5}},"line":114},"14":{"name":"(anonymous_14)","decl":{"start":{"line":119,"column":13},"end":{"line":119,"column":14}},"loc":{"start":{"line":119,"column":19},"end":{"line":152,"column":5}},"line":119},"15":{"name":"(anonymous_15)","decl":{"start":{"line":136,"column":23},"end":{"line":136,"column":24}},"loc":{"start":{"line":136,"column":31},"end":{"line":146,"column":9}},"line":136},"16":{"name":"(anonymous_16)","decl":{"start":{"line":148,"column":18},"end":{"line":148,"column":19}},"loc":{"start":{"line":148,"column":28},"end":{"line":150,"column":13}},"line":148},"17":{"name":"(anonymous_17)","decl":{"start":{"line":153,"column":17},"end":{"line":153,"column":18}},"loc":{"start":{"line":153,"column":23},"end":{"line":155,"column":5}},"line":153},"18":{"name":"(anonymous_18)","decl":{"start":{"line":157,"column":4},"end":{"line":157,"column":5}},"loc":{"start":{"line":157,"column":13},"end":{"line":327,"column":5}},"line":157},"19":{"name":"(anonymous_19)","decl":{"start":{"line":196,"column":36},"end":{"line":196,"column":37}},"loc":{"start":{"line":196,"column":43},"end":{"line":203,"column":37}},"line":196},"20":{"name":"(anonymous_20)","decl":{"start":{"line":197,"column":40},"end":{"line":197,"column":41}},"loc":{"start":{"line":197,"column":73},"end":{"line":202,"column":41}},"line":197},"21":{"name":"(anonymous_21)","decl":{"start":{"line":209,"column":46},"end":{"line":209,"column":47}},"loc":{"start":{"line":209,"column":53},"end":{"line":209,"column":75}},"line":209},"22":{"name":"(anonymous_22)","decl":{"start":{"line":224,"column":36},"end":{"line":224,"column":37}},"loc":{"start":{"line":224,"column":43},"end":{"line":231,"column":37}},"line":224},"23":{"name":"(anonymous_23)","decl":{"start":{"line":225,"column":40},"end":{"line":225,"column":41}},"loc":{"start":{"line":225,"column":73},"end":{"line":230,"column":41}},"line":225},"24":{"name":"(anonymous_24)","decl":{"start":{"line":236,"column":46},"end":{"line":236,"column":47}},"loc":{"start":{"line":236,"column":53},"end":{"line":236,"column":72}},"line":236},"25":{"name":"(anonymous_25)","decl":{"start":{"line":248,"column":36},"end":{"line":248,"column":37}},"loc":{"start":{"line":248,"column":43},"end":{"line":258,"column":37}},"line":248},"26":{"name":"(anonymous_26)","decl":{"start":{"line":249,"column":40},"end":{"line":249,"column":41}},"loc":{"start":{"line":249,"column":63},"end":{"line":257,"column":41}},"line":249},"27":{"name":"(anonymous_27)","decl":{"start":{"line":266,"column":46},"end":{"line":266,"column":47}},"loc":{"start":{"line":266,"column":53},"end":{"line":266,"column":75}},"line":266},"28":{"name":"(anonymous_28)","decl":{"start":{"line":281,"column":36},"end":{"line":281,"column":37}},"loc":{"start":{"line":281,"column":58},"end":{"line":288,"column":37}},"line":281},"29":{"name":"(anonymous_29)","decl":{"start":{"line":282,"column":40},"end":{"line":282,"column":41}},"loc":{"start":{"line":282,"column":63},"end":{"line":287,"column":41}},"line":282},"30":{"name":"(anonymous_30)","decl":{"start":{"line":295,"column":46},"end":{"line":295,"column":47}},"loc":{"start":{"line":295,"column":53},"end":{"line":295,"column":82}},"line":295},"31":{"name":"(anonymous_31)","decl":{"start":{"line":305,"column":46},"end":{"line":305,"column":47}},"loc":{"start":{"line":305,"column":53},"end":{"line":305,"column":72}},"line":305},"32":{"name":"(anonymous_32)","decl":{"start":{"line":310,"column":49},"end":{"line":310,"column":50}},"loc":{"start":{"line":310,"column":55},"end":{"line":310,"column":68}},"line":310},"33":{"name":"(anonymous_33)","decl":{"start":{"line":319,"column":79},"end":{"line":319,"column":80}},"loc":{"start":{"line":319,"column":85},"end":{"line":319,"column":102}},"line":319}},"branchMap":{"0":{"loc":{"start":{"line":47,"column":8},"end":{"line":49,"column":9}},"type":"if","locations":[{"start":{"line":47,"column":8},"end":{"line":49,"column":9}},{"start":{"line":47,"column":8},"end":{"line":49,"column":9}}],"line":47},"1":{"loc":{"start":{"line":52,"column":12},"end":{"line":55,"column":26}},"type":"if","locations":[{"start":{"line":52,"column":12},"end":{"line":55,"column":26}},{"start":{"line":52,"column":12},"end":{"line":55,"column":26}}],"line":52},"2":{"loc":{"start":{"line":68,"column":8},"end":{"line":70,"column":9}},"type":"if","locations":[{"start":{"line":68,"column":8},"end":{"line":70,"column":9}},{"start":{"line":68,"column":8},"end":{"line":70,"column":9}}],"line":68},"3":{"loc":{"start":{"line":72,"column":12},"end":{"line":75,"column":27}},"type":"if","locations":[{"start":{"line":72,"column":12},"end":{"line":75,"column":27}},{"start":{"line":72,"column":12},"end":{"line":75,"column":27}}],"line":72},"4":{"loc":{"start":{"line":94,"column":8},"end":{"line":102,"column":9}},"type":"if","locations":[{"start":{"line":94,"column":8},"end":{"line":102,"column":9}},{"start":{"line":94,"column":8},"end":{"line":102,"column":9}}],"line":94},"5":{"loc":{"start":{"line":120,"column":8},"end":{"line":125,"column":19}},"type":"if","locations":[{"start":{"line":120,"column":8},"end":{"line":125,"column":19}},{"start":{"line":120,"column":8},"end":{"line":125,"column":19}}],"line":120},"6":{"loc":{"start":{"line":120,"column":12},"end":{"line":123,"column":38}},"type":"binary-expr","locations":[{"start":{"line":120,"column":12},"end":{"line":120,"column":38}},{"start":{"line":121,"column":15},"end":{"line":121,"column":41}},{"start":{"line":122,"column":15},"end":{"line":122,"column":48}},{"start":{"line":123,"column":15},"end":{"line":123,"column":38}}],"line":120},"7":{"loc":{"start":{"line":126,"column":8},"end":{"line":127,"column":19}},"type":"if","locations":[{"start":{"line":126,"column":8},"end":{"line":127,"column":19}},{"start":{"line":126,"column":8},"end":{"line":127,"column":19}}],"line":126},"8":{"loc":{"start":{"line":138,"column":12},"end":{"line":144,"column":13}},"type":"if","locations":[{"start":{"line":138,"column":12},"end":{"line":144,"column":13}},{"start":{"line":138,"column":12},"end":{"line":144,"column":13}}],"line":138},"9":{"loc":{"start":{"line":198,"column":44},"end":{"line":200,"column":45}},"type":"if","locations":[{"start":{"line":198,"column":44},"end":{"line":200,"column":45}},{"start":{"line":198,"column":44},"end":{"line":200,"column":45}}],"line":198},"10":{"loc":{"start":{"line":226,"column":44},"end":{"line":228,"column":45}},"type":"if","locations":[{"start":{"line":226,"column":44},"end":{"line":228,"column":45}},{"start":{"line":226,"column":44},"end":{"line":228,"column":45}}],"line":226},"11":{"loc":{"start":{"line":250,"column":44},"end":{"line":252,"column":45}},"type":"if","locations":[{"start":{"line":250,"column":44},"end":{"line":252,"column":45}},{"start":{"line":250,"column":44},"end":{"line":252,"column":45}}],"line":250},"12":{"loc":{"start":{"line":253,"column":44},"end":{"line":255,"column":45}},"type":"if","locations":[{"start":{"line":253,"column":44},"end":{"line":255,"column":45}},{"start":{"line":253,"column":44},"end":{"line":255,"column":45}}],"line":253},"13":{"loc":{"start":{"line":253,"column":48},"end":{"line":253,"column":102}},"type":"binary-expr","locations":[{"start":{"line":253,"column":48},"end":{"line":253,"column":80}},{"start":{"line":253,"column":84},"end":{"line":253,"column":102}}],"line":253},"14":{"loc":{"start":{"line":283,"column":44},"end":{"line":285,"column":45}},"type":"if","locations":[{"start":{"line":283,"column":44},"end":{"line":285,"column":45}},{"start":{"line":283,"column":44},"end":{"line":285,"column":45}}],"line":283},"15":{"loc":{"start":{"line":283,"column":48},"end":{"line":283,"column":93}},"type":"binary-expr","locations":[{"start":{"line":283,"column":48},"end":{"line":283,"column":54}},{"start":{"line":283,"column":58},"end":{"line":283,"column":93}}],"line":283}},"s":{"0":1,"1":1,"2":1,"3":1,"4":1,"5":1,"6":1,"7":3,"8":1,"9":3,"10":3,"11":3,"12":0,"13":3,"14":3,"15":3,"16":3,"17":3,"18":1,"19":3,"20":3,"21":3,"22":0,"23":3,"24":3,"25":3,"26":3,"27":1,"28":2,"29":1,"30":4,"31":4,"32":1,"33":3,"34":1,"35":2,"36":1,"37":3,"38":1,"39":2,"40":1,"41":8,"42":3,"43":5,"44":2,"45":3,"46":3,"47":3,"48":3,"49":0,"50":0,"51":3,"52":3,"53":3,"54":1,"55":0,"56":14,"57":0,"58":0,"59":0,"60":0,"61":1,"62":0,"63":0,"64":0,"65":0,"66":1,"67":0,"68":0,"69":0,"70":0,"71":0,"72":1,"73":0,"74":0,"75":0,"76":0,"77":1,"78":1,"79":0,"80":0},"f":{"0":0,"1":0,"2":1,"3":3,"4":3,"5":3,"6":3,"7":3,"8":3,"9":2,"10":4,"11":2,"12":3,"13":2,"14":8,"15":3,"16":3,"17":0,"18":14,"19":0,"20":0,"21":1,"22":0,"23":0,"24":1,"25":0,"26":0,"27":1,"28":0,"29":0,"30":1,"31":1,"32":0,"33":0},"b":{"0":[1,2],"1":[3,0],"2":[1,2],"3":[3,0],"4":[1,3],"5":[3,5],"6":[8,5,5,5],"7":[2,3],"8":[0,3],"9":[0,0],"10":[0,0],"11":[0,0],"12":[0,0],"13":[0,0],"14":[0,0],"15":[0,0]},"_coverageSchema":"43e27e138ebf9cfc5966b082cf9a028302ed4184","hash":"90fbfeed5cbe73623c406c51c45e096ab009fb13"}
,"/Users/sijinze/Desktop/FrontEnd 3/frontend/src/Components/UploadImage.js": {"path":"/Users/sijinze/Desktop/FrontEnd 3/frontend/src/Components/UploadImage.js","statementMap":{"0":{"start":{"line":13,"column":8},"end":{"line":13,"column":21}},"1":{"start":{"line":14,"column":8},"end":{"line":19,"column":9}},"2":{"start":{"line":23,"column":8},"end":{"line":25,"column":11}},"3":{"start":{"line":28,"column":16},"end":{"line":32,"column":5}},"4":{"start":{"line":29,"column":8},"end":{"line":31,"column":11}},"5":{"start":{"line":34,"column":19},"end":{"line":38,"column":5}},"6":{"start":{"line":35,"column":8},"end":{"line":37,"column":11}},"7":{"start":{"line":40,"column":17},"end":{"line":58,"column":5}},"8":{"start":{"line":41,"column":8},"end":{"line":57,"column":10}},"9":{"start":{"line":42,"column":24},"end":{"line":42,"column":73}},"10":{"start":{"line":43,"column":30},"end":{"line":43,"column":113}},"11":{"start":{"line":44,"column":28},"end":{"line":44,"column":56}},"12":{"start":{"line":45,"column":12},"end":{"line":55,"column":27}},"13":{"start":{"line":46,"column":16},"end":{"line":49,"column":17}},"14":{"start":{"line":47,"column":20},"end":{"line":47,"column":46}},"15":{"start":{"line":48,"column":20},"end":{"line":48,"column":29}},"16":{"start":{"line":50,"column":16},"end":{"line":53,"column":17}},"17":{"start":{"line":51,"column":20},"end":{"line":51,"column":50}},"18":{"start":{"line":52,"column":20},"end":{"line":52,"column":29}},"19":{"start":{"line":55,"column":17},"end":{"line":55,"column":27}},"20":{"start":{"line":56,"column":12},"end":{"line":56,"column":30}},"21":{"start":{"line":60,"column":15},"end":{"line":65,"column":5}},"22":{"start":{"line":61,"column":8},"end":{"line":64,"column":15}},"23":{"start":{"line":63,"column":16},"end":{"line":63,"column":52}},"24":{"start":{"line":69,"column":39},"end":{"line":69,"column":49}},"25":{"start":{"line":71,"column":12},"end":{"line":74,"column":18}},"26":{"start":{"line":76,"column":8},"end":{"line":107,"column":10}}},"fnMap":{"0":{"name":"(anonymous_0)","decl":{"start":{"line":12,"column":4},"end":{"line":12,"column":5}},"loc":{"start":{"line":12,"column":23},"end":{"line":20,"column":5}},"line":12},"1":{"name":"(anonymous_1)","decl":{"start":{"line":22,"column":4},"end":{"line":22,"column":5}},"loc":{"start":{"line":22,"column":60},"end":{"line":26,"column":5}},"line":22},"2":{"name":"(anonymous_2)","decl":{"start":{"line":28,"column":16},"end":{"line":28,"column":17}},"loc":{"start":{"line":28,"column":22},"end":{"line":32,"column":5}},"line":28},"3":{"name":"(anonymous_3)","decl":{"start":{"line":34,"column":19},"end":{"line":34,"column":20}},"loc":{"start":{"line":34,"column":25},"end":{"line":38,"column":5}},"line":34},"4":{"name":"(anonymous_4)","decl":{"start":{"line":40,"column":17},"end":{"line":40,"column":18}},"loc":{"start":{"line":40,"column":25},"end":{"line":58,"column":5}},"line":40},"5":{"name":"(anonymous_5)","decl":{"start":{"line":41,"column":27},"end":{"line":41,"column":28}},"loc":{"start":{"line":41,"column":48},"end":{"line":57,"column":9}},"line":41},"6":{"name":"(anonymous_6)","decl":{"start":{"line":60,"column":15},"end":{"line":60,"column":16}},"loc":{"start":{"line":60,"column":26},"end":{"line":65,"column":5}},"line":60},"7":{"name":"(anonymous_7)","decl":{"start":{"line":62,"column":18},"end":{"line":62,"column":19}},"loc":{"start":{"line":62,"column":22},"end":{"line":64,"column":13}},"line":62},"8":{"name":"(anonymous_8)","decl":{"start":{"line":68,"column":4},"end":{"line":68,"column":5}},"loc":{"start":{"line":68,"column":13},"end":{"line":108,"column":5}},"line":68}},"branchMap":{"0":{"loc":{"start":{"line":43,"column":30},"end":{"line":43,"column":113}},"type":"binary-expr","locations":[{"start":{"line":43,"column":30},"end":{"line":43,"column":47}},{"start":{"line":43,"column":52},"end":{"line":43,"column":69}},{"start":{"line":43,"column":74},"end":{"line":43,"column":91}},{"start":{"line":43,"column":96},"end":{"line":43,"column":113}}],"line":43},"1":{"loc":{"start":{"line":45,"column":12},"end":{"line":55,"column":27}},"type":"if","locations":[{"start":{"line":45,"column":12},"end":{"line":55,"column":27}},{"start":{"line":45,"column":12},"end":{"line":55,"column":27}}],"line":45},"2":{"loc":{"start":{"line":45,"column":15},"end":{"line":45,"column":37}},"type":"binary-expr","locations":[{"start":{"line":45,"column":15},"end":{"line":45,"column":25}},{"start":{"line":45,"column":29},"end":{"line":45,"column":37}}],"line":45},"3":{"loc":{"start":{"line":46,"column":16},"end":{"line":49,"column":17}},"type":"if","locations":[{"start":{"line":46,"column":16},"end":{"line":49,"column":17}},{"start":{"line":46,"column":16},"end":{"line":49,"column":17}}],"line":46},"4":{"loc":{"start":{"line":50,"column":16},"end":{"line":53,"column":17}},"type":"if","locations":[{"start":{"line":50,"column":16},"end":{"line":53,"column":17}},{"start":{"line":50,"column":16},"end":{"line":53,"column":17}}],"line":50},"5":{"loc":{"start":{"line":79,"column":25},"end":{"line":80,"column":78}},"type":"cond-expr","locations":[{"start":{"line":80,"column":24},"end":{"line":80,"column":63}},{"start":{"line":80,"column":64},"end":{"line":80,"column":78}}],"line":79},"6":{"loc":{"start":{"line":79,"column":26},"end":{"line":79,"column":96}},"type":"binary-expr","locations":[{"start":{"line":79,"column":26},"end":{"line":79,"column":45}},{"start":{"line":79,"column":47},"end":{"line":79,"column":68}},{"start":{"line":79,"column":70},"end":{"line":79,"column":96}}],"line":79},"7":{"loc":{"start":{"line":102,"column":29},"end":{"line":102,"column":135}},"type":"cond-expr","locations":[{"start":{"line":102,"column":53},"end":{"line":102,"column":120}},{"start":{"line":102,"column":123},"end":{"line":102,"column":135}}],"line":102}},"s":{"0":2,"1":2,"2":1,"3":2,"4":1,"5":2,"6":1,"7":2,"8":0,"9":0,"10":0,"11":0,"12":0,"13":0,"14":0,"15":0,"16":0,"17":0,"18":0,"19":0,"20":0,"21":2,"22":0,"23":0,"24":5,"25":5,"26":5},"f":{"0":2,"1":1,"2":1,"3":1,"4":0,"5":0,"6":0,"7":0,"8":5},"b":{"0":[0,0,0,0],"1":[0,0],"2":[0,0],"3":[0,0],"4":[0,0],"5":[1,4],"6":[5,4,4],"7":[4,1]},"_coverageSchema":"43e27e138ebf9cfc5966b082cf9a028302ed4184","hash":"b527af89e5d9ec74e0a5a5528f795c0400227fb1"}
,"/Users/sijinze/Desktop/FrontEnd 3/frontend/src/Components/Admin/AdminForm.js": {"path":"/Users/sijinze/Desktop/FrontEnd 3/frontend/src/Components/Admin/AdminForm.js","statementMap":{"0":{"start":{"line":12,"column":19},"end":{"line":12,"column":25}},"1":{"start":{"line":13,"column":19},"end":{"line":13,"column":31}},"2":{"start":{"line":16,"column":8},"end":{"line":16,"column":21}},"3":{"start":{"line":17,"column":8},"end":{"line":23,"column":11}},"4":{"start":{"line":24,"column":8},"end":{"line":24,"column":24}},"5":{"start":{"line":26,"column":14},"end":{"line":84,"column":5}},"6":{"start":{"line":35,"column":28},"end":{"line":35,"column":50}},"7":{"start":{"line":53,"column":16},"end":{"line":65,"column":13}},"8":{"start":{"line":55,"column":24},"end":{"line":55,"column":61}},"9":{"start":{"line":56,"column":12},"end":{"line":58,"column":13}},"10":{"start":{"line":57,"column":16},"end":{"line":57,"column":34}},"11":{"start":{"line":59,"column":12},"end":{"line":63,"column":14}},"12":{"start":{"line":72,"column":26},"end":{"line":81,"column":26}},"13":{"start":{"line":86,"column":11},"end":{"line":113,"column":6}},"14":{"start":{"line":114,"column":12},"end":{"line":120,"column":5}},"15":{"start":{"line":121,"column":16},"end":{"line":125,"column":5}},"16":{"start":{"line":122,"column":8},"end":{"line":124,"column":11}},"17":{"start":{"line":127,"column":15},"end":{"line":131,"column":5}},"18":{"start":{"line":128,"column":8},"end":{"line":130,"column":11}},"19":{"start":{"line":133,"column":19},"end":{"line":137,"column":5}},"20":{"start":{"line":134,"column":8},"end":{"line":136,"column":11}},"21":{"start":{"line":139,"column":8},"end":{"line":141,"column":11}},"22":{"start":{"line":142,"column":8},"end":{"line":146,"column":9}},"23":{"start":{"line":143,"column":12},"end":{"line":143,"column":30}},"24":{"start":{"line":145,"column":12},"end":{"line":145,"column":28}},"25":{"start":{"line":150,"column":14},"end":{"line":150,"column":16}},"26":{"start":{"line":153,"column":8},"end":{"line":411,"column":9}},"27":{"start":{"line":153,"column":39},"end":{"line":178,"column":11}},"28":{"start":{"line":179,"column":13},"end":{"line":411,"column":9}},"29":{"start":{"line":180,"column":12},"end":{"line":218,"column":15}},"30":{"start":{"line":221,"column":12},"end":{"line":223,"column":15}},"31":{"start":{"line":224,"column":21},"end":{"line":224,"column":57}},"32":{"start":{"line":225,"column":36},"end":{"line":225,"column":40}},"33":{"start":{"line":226,"column":12},"end":{"line":228,"column":13}},"34":{"start":{"line":227,"column":16},"end":{"line":227,"column":73}},"35":{"start":{"line":229,"column":12},"end":{"line":410,"column":13}},"36":{"start":{"line":230,"column":16},"end":{"line":319,"column":18}},"37":{"start":{"line":322,"column":16},"end":{"line":409,"column":19}},"38":{"start":{"line":413,"column":16},"end":{"line":424,"column":5}},"39":{"start":{"line":414,"column":32},"end":{"line":414,"column":63}},"40":{"start":{"line":415,"column":8},"end":{"line":419,"column":9}},"41":{"start":{"line":416,"column":12},"end":{"line":416,"column":75}},"42":{"start":{"line":418,"column":12},"end":{"line":418,"column":45}},"43":{"start":{"line":420,"column":8},"end":{"line":420,"column":43}},"44":{"start":{"line":422,"column":8},"end":{"line":422,"column":37}},"45":{"start":{"line":427,"column":32},"end":{"line":427,"column":58}},"46":{"start":{"line":428,"column":29},"end":{"line":436,"column":9}},"47":{"start":{"line":431,"column":16},"end":{"line":433,"column":19}},"48":{"start":{"line":434,"column":16},"end":{"line":434,"column":45}},"49":{"start":{"line":438,"column":8},"end":{"line":462,"column":10}},"50":{"start":{"line":444,"column":40},"end":{"line":448,"column":21}},"51":{"start":{"line":446,"column":28},"end":{"line":446,"column":51}}},"fnMap":{"0":{"name":"(anonymous_0)","decl":{"start":{"line":15,"column":4},"end":{"line":15,"column":5}},"loc":{"start":{"line":15,"column":23},"end":{"line":25,"column":5}},"line":15},"1":{"name":"(anonymous_1)","decl":{"start":{"line":35,"column":20},"end":{"line":35,"column":21}},"loc":{"start":{"line":35,"column":28},"end":{"line":35,"column":50}},"line":35},"2":{"name":"(anonymous_2)","decl":{"start":{"line":52,"column":20},"end":{"line":52,"column":21}},"loc":{"start":{"line":53,"column":16},"end":{"line":65,"column":13}},"line":53},"3":{"name":"(anonymous_3)","decl":{"start":{"line":54,"column":18},"end":{"line":54,"column":19}},"loc":{"start":{"line":54,"column":25},"end":{"line":64,"column":9}},"line":54},"4":{"name":"(anonymous_4)","decl":{"start":{"line":72,"column":20},"end":{"line":72,"column":21}},"loc":{"start":{"line":72,"column":26},"end":{"line":81,"column":26}},"line":72},"5":{"name":"(anonymous_5)","decl":{"start":{"line":121,"column":16},"end":{"line":121,"column":17}},"loc":{"start":{"line":121,"column":22},"end":{"line":125,"column":5}},"line":121},"6":{"name":"(anonymous_6)","decl":{"start":{"line":127,"column":15},"end":{"line":127,"column":16}},"loc":{"start":{"line":127,"column":20},"end":{"line":131,"column":5}},"line":127},"7":{"name":"(anonymous_7)","decl":{"start":{"line":133,"column":19},"end":{"line":133,"column":20}},"loc":{"start":{"line":133,"column":24},"end":{"line":137,"column":5}},"line":133},"8":{"name":"(anonymous_8)","decl":{"start":{"line":138,"column":4},"end":{"line":138,"column":5}},"loc":{"start":{"line":138,"column":14},"end":{"line":147,"column":5}},"line":138},"9":{"name":"(anonymous_9)","decl":{"start":{"line":148,"column":4},"end":{"line":148,"column":5}},"loc":{"start":{"line":148,"column":24},"end":{"line":149,"column":5}},"line":148},"10":{"name":"(anonymous_10)","decl":{"start":{"line":151,"column":4},"end":{"line":151,"column":5}},"loc":{"start":{"line":151,"column":27},"end":{"line":412,"column":5}},"line":151},"11":{"name":"(anonymous_11)","decl":{"start":{"line":413,"column":16},"end":{"line":413,"column":17}},"loc":{"start":{"line":413,"column":28},"end":{"line":424,"column":5}},"line":413},"12":{"name":"(anonymous_12)","decl":{"start":{"line":426,"column":4},"end":{"line":426,"column":5}},"loc":{"start":{"line":426,"column":13},"end":{"line":463,"column":5}},"line":426},"13":{"name":"(anonymous_13)","decl":{"start":{"line":430,"column":22},"end":{"line":430,"column":23}},"loc":{"start":{"line":430,"column":43},"end":{"line":435,"column":13}},"line":430},"14":{"name":"(anonymous_14)","decl":{"start":{"line":444,"column":27},"end":{"line":444,"column":28}},"loc":{"start":{"line":444,"column":40},"end":{"line":448,"column":21}},"line":444},"15":{"name":"(anonymous_15)","decl":{"start":{"line":445,"column":33},"end":{"line":445,"column":34}},"loc":{"start":{"line":445,"column":39},"end":{"line":447,"column":25}},"line":445}},"branchMap":{"0":{"loc":{"start":{"line":55,"column":24},"end":{"line":55,"column":61}},"type":"cond-expr","locations":[{"start":{"line":55,"column":41},"end":{"line":55,"column":51}},{"start":{"line":55,"column":54},"end":{"line":55,"column":61}}],"line":55},"1":{"loc":{"start":{"line":56,"column":12},"end":{"line":58,"column":13}},"type":"if","locations":[{"start":{"line":56,"column":12},"end":{"line":58,"column":13}},{"start":{"line":56,"column":12},"end":{"line":58,"column":13}}],"line":56},"2":{"loc":{"start":{"line":142,"column":8},"end":{"line":146,"column":9}},"type":"if","locations":[{"start":{"line":142,"column":8},"end":{"line":146,"column":9}},{"start":{"line":142,"column":8},"end":{"line":146,"column":9}}],"line":142},"3":{"loc":{"start":{"line":153,"column":8},"end":{"line":411,"column":9}},"type":"if","locations":[{"start":{"line":153,"column":8},"end":{"line":411,"column":9}},{"start":{"line":153,"column":8},"end":{"line":411,"column":9}}],"line":153},"4":{"loc":{"start":{"line":179,"column":13},"end":{"line":411,"column":9}},"type":"if","locations":[{"start":{"line":179,"column":13},"end":{"line":411,"column":9}},{"start":{"line":179,"column":13},"end":{"line":411,"column":9}}],"line":179},"5":{"loc":{"start":{"line":226,"column":12},"end":{"line":228,"column":13}},"type":"if","locations":[{"start":{"line":226,"column":12},"end":{"line":228,"column":13}},{"start":{"line":226,"column":12},"end":{"line":228,"column":13}}],"line":226},"6":{"loc":{"start":{"line":226,"column":15},"end":{"line":226,"column":46}},"type":"binary-expr","locations":[{"start":{"line":226,"column":15},"end":{"line":226,"column":30}},{"start":{"line":226,"column":32},"end":{"line":226,"column":46}}],"line":226},"7":{"loc":{"start":{"line":229,"column":12},"end":{"line":410,"column":13}},"type":"if","locations":[{"start":{"line":229,"column":12},"end":{"line":410,"column":13}},{"start":{"line":229,"column":12},"end":{"line":410,"column":13}}],"line":229},"8":{"loc":{"start":{"line":415,"column":8},"end":{"line":419,"column":9}},"type":"if","locations":[{"start":{"line":415,"column":8},"end":{"line":419,"column":9}},{"start":{"line":415,"column":8},"end":{"line":419,"column":9}}],"line":415}},"s":{"0":2,"1":2,"2":2,"3":2,"4":2,"5":2,"6":0,"7":0,"8":0,"9":0,"10":0,"11":0,"12":0,"13":2,"14":2,"15":2,"16":1,"17":2,"18":1,"19":2,"20":1,"21":2,"22":2,"23":1,"24":1,"25":2,"26":8,"27":3,"28":5,"29":2,"30":3,"31":3,"32":3,"33":3,"34":3,"35":3,"36":2,"37":1,"38":2,"39":2,"40":2,"41":1,"42":1,"43":2,"44":2,"45":20,"46":20,"47":0,"48":0,"49":20,"50":0,"51":0},"f":{"0":2,"1":0,"2":0,"3":0,"4":0,"5":1,"6":1,"7":1,"8":2,"9":1,"10":8,"11":2,"12":20,"13":0,"14":0,"15":0},"b":{"0":[0,0],"1":[0,0],"2":[1,1],"3":[3,5],"4":[2,3],"5":[3,0],"6":[3,3],"7":[2,1],"8":[1,1]},"_coverageSchema":"43e27e138ebf9cfc5966b082cf9a028302ed4184","hash":"b60cfc16006ebaef098b4c1350e837c5a4e1b5d1"}
,"/Users/sijinze/Desktop/FrontEnd 3/frontend/src/Components/Admin/AdminsManagementContent.js": {"path":"/Users/sijinze/Desktop/FrontEnd 3/frontend/src/Components/Admin/AdminsManagementContent.js","statementMap":{"0":{"start":{"line":7,"column":8},"end":{"line":21,"column":10}}},"fnMap":{"0":{"name":"(anonymous_0)","decl":{"start":{"line":6,"column":4},"end":{"line":6,"column":5}},"loc":{"start":{"line":6,"column":13},"end":{"line":22,"column":5}},"line":6}},"branchMap":{},"s":{"0":0},"f":{"0":0},"b":{},"_coverageSchema":"43e27e138ebf9cfc5966b082cf9a028302ed4184","hash":"a0bfe280874f0d3c4dbaa85b6ebcbbc39c215aef"}
,"/Users/sijinze/Desktop/FrontEnd 3/frontend/src/Components/Admin/AllQuestionsContent.js": {"path":"/Users/sijinze/Desktop/FrontEnd 3/frontend/src/Components/Admin/AllQuestionsContent.js","statementMap":{"0":{"start":{"line":13,"column":8},"end":{"line":13,"column":21}},"1":{"start":{"line":14,"column":8},"end":{"line":18,"column":11}},"2":{"start":{"line":19,"column":8},"end":{"line":19,"column":44}},"3":{"start":{"line":21,"column":16},"end":{"line":21,"column":17}},"4":{"start":{"line":22,"column":17},"end":{"line":22,"column":19}},"5":{"start":{"line":23,"column":16},"end":{"line":23,"column":20}},"6":{"start":{"line":24,"column":15},"end":{"line":24,"column":19}},"7":{"start":{"line":26,"column":8},"end":{"line":26,"column":25}},"8":{"start":{"line":27,"column":8},"end":{"line":27,"column":48}},"9":{"start":{"line":30,"column":14},"end":{"line":53,"column":5}},"10":{"start":{"line":31,"column":16},"end":{"line":31,"column":35}},"11":{"start":{"line":32,"column":22},"end":{"line":48,"column":9}},"12":{"start":{"line":34,"column":12},"end":{"line":43,"column":13}},"13":{"start":{"line":35,"column":24},"end":{"line":35,"column":26}},"14":{"start":{"line":36,"column":16},"end":{"line":38,"column":17}},"15":{"start":{"line":36,"column":29},"end":{"line":36,"column":30}},"16":{"start":{"line":37,"column":20},"end":{"line":37,"column":103}},"17":{"start":{"line":39,"column":16},"end":{"line":41,"column":19}},"18":{"start":{"line":42,"column":16},"end":{"line":42,"column":25}},"19":{"start":{"line":44,"column":12},"end":{"line":47,"column":13}},"20":{"start":{"line":45,"column":16},"end":{"line":45,"column":30}},"21":{"start":{"line":46,"column":16},"end":{"line":46,"column":23}},"22":{"start":{"line":49,"column":8},"end":{"line":52,"column":14}},"23":{"start":{"line":51,"column":16},"end":{"line":51,"column":31}},"24":{"start":{"line":54,"column":17},"end":{"line":143,"column":5}},"25":{"start":{"line":55,"column":18},"end":{"line":55,"column":47}},"26":{"start":{"line":56,"column":34},"end":{"line":56,"column":38}},"27":{"start":{"line":58,"column":8},"end":{"line":77,"column":9}},"28":{"start":{"line":59,"column":12},"end":{"line":61,"column":14}},"29":{"start":{"line":63,"column":12},"end":{"line":67,"column":14}},"30":{"start":{"line":68,"column":12},"end":{"line":70,"column":13}},"31":{"start":{"line":69,"column":16},"end":{"line":69,"column":47}},"32":{"start":{"line":71,"column":12},"end":{"line":73,"column":13}},"33":{"start":{"line":72,"column":16},"end":{"line":72,"column":85}},"34":{"start":{"line":74,"column":12},"end":{"line":76,"column":13}},"35":{"start":{"line":75,"column":16},"end":{"line":75,"column":89}},"36":{"start":{"line":78,"column":8},"end":{"line":95,"column":9}},"37":{"start":{"line":79,"column":13},"end":{"line":95,"column":9}},"38":{"start":{"line":80,"column":18},"end":{"line":80,"column":41}},"39":{"start":{"line":82,"column":12},"end":{"line":82,"column":38}},"40":{"start":{"line":84,"column":12},"end":{"line":86,"column":13}},"41":{"start":{"line":85,"column":16},"end":{"line":85,"column":32}},"42":{"start":{"line":87,"column":12},"end":{"line":87,"column":54}},"43":{"start":{"line":90,"column":21},"end":{"line":91,"column":111}},"44":{"start":{"line":93,"column":12},"end":{"line":93,"column":54}},"45":{"start":{"line":97,"column":23},"end":{"line":138,"column":9}},"46":{"start":{"line":99,"column":12},"end":{"line":133,"column":13}},"47":{"start":{"line":100,"column":16},"end":{"line":104,"column":17}},"48":{"start":{"line":101,"column":20},"end":{"line":101,"column":36}},"49":{"start":{"line":102,"column":20},"end":{"line":102,"column":39}},"50":{"start":{"line":103,"column":20},"end":{"line":103,"column":27}},"51":{"start":{"line":105,"column":22},"end":{"line":105,"column":24}},"52":{"start":{"line":106,"column":26},"end":{"line":106,"column":28}},"53":{"start":{"line":107,"column":16},"end":{"line":121,"column":17}},"54":{"start":{"line":107,"column":29},"end":{"line":107,"column":30}},"55":{"start":{"line":108,"column":20},"end":{"line":108,"column":108}},"56":{"start":{"line":109,"column":20},"end":{"line":120,"column":23}},"57":{"start":{"line":123,"column":16},"end":{"line":126,"column":17}},"58":{"start":{"line":124,"column":20},"end":{"line":124,"column":50}},"59":{"start":{"line":127,"column":16},"end":{"line":127,"column":37}},"60":{"start":{"line":128,"column":16},"end":{"line":130,"column":17}},"61":{"start":{"line":129,"column":20},"end":{"line":129,"column":39}},"62":{"start":{"line":131,"column":16},"end":{"line":131,"column":34}},"63":{"start":{"line":132,"column":16},"end":{"line":132,"column":25}},"64":{"start":{"line":134,"column":12},"end":{"line":137,"column":13}},"65":{"start":{"line":135,"column":16},"end":{"line":135,"column":30}},"66":{"start":{"line":136,"column":16},"end":{"line":136,"column":23}},"67":{"start":{"line":139,"column":8},"end":{"line":142,"column":14}},"68":{"start":{"line":141,"column":16},"end":{"line":141,"column":31}},"69":{"start":{"line":144,"column":14},"end":{"line":204,"column":5}},"70":{"start":{"line":190,"column":16},"end":{"line":201,"column":18}},"71":{"start":{"line":205,"column":20},"end":{"line":205,"column":22}},"72":{"start":{"line":206,"column":12},"end":{"line":210,"column":5}},"73":{"start":{"line":211,"column":16},"end":{"line":215,"column":5}},"74":{"start":{"line":212,"column":8},"end":{"line":214,"column":11}},"75":{"start":{"line":217,"column":15},"end":{"line":222,"column":5}},"76":{"start":{"line":219,"column":8},"end":{"line":221,"column":11}},"77":{"start":{"line":224,"column":19},"end":{"line":229,"column":5}},"78":{"start":{"line":226,"column":8},"end":{"line":228,"column":11}},"79":{"start":{"line":230,"column":17},"end":{"line":235,"column":5}},"80":{"start":{"line":232,"column":8},"end":{"line":234,"column":10}},"81":{"start":{"line":236,"column":21},"end":{"line":240,"column":5}},"82":{"start":{"line":238,"column":8},"end":{"line":238,"column":43}},"83":{"start":{"line":239,"column":8},"end":{"line":239,"column":55}},"84":{"start":{"line":242,"column":16},"end":{"line":242,"column":22}},"85":{"start":{"line":243,"column":17},"end":{"line":243,"column":21}},"86":{"start":{"line":244,"column":21},"end":{"line":253,"column":9}},"87":{"start":{"line":246,"column":12},"end":{"line":252,"column":13}},"88":{"start":{"line":247,"column":16},"end":{"line":247,"column":30}},"89":{"start":{"line":249,"column":17},"end":{"line":252,"column":13}},"90":{"start":{"line":250,"column":16},"end":{"line":250,"column":30}},"91":{"start":{"line":251,"column":16},"end":{"line":251,"column":56}},"92":{"start":{"line":254,"column":8},"end":{"line":304,"column":9}},"93":{"start":{"line":256,"column":12},"end":{"line":258,"column":14}},"94":{"start":{"line":259,"column":12},"end":{"line":287,"column":13}},"95":{"start":{"line":260,"column":16},"end":{"line":260,"column":36}},"96":{"start":{"line":262,"column":16},"end":{"line":264,"column":18}},"97":{"start":{"line":263,"column":20},"end":{"line":263,"column":35}},"98":{"start":{"line":265,"column":18},"end":{"line":287,"column":13}},"99":{"start":{"line":266,"column":16},"end":{"line":266,"column":38}},"100":{"start":{"line":268,"column":16},"end":{"line":270,"column":18}},"101":{"start":{"line":269,"column":20},"end":{"line":269,"column":35}},"102":{"start":{"line":271,"column":18},"end":{"line":287,"column":13}},"103":{"start":{"line":272,"column":16},"end":{"line":272,"column":39}},"104":{"start":{"line":273,"column":16},"end":{"line":276,"column":18}},"105":{"start":{"line":278,"column":16},"end":{"line":280,"column":18}},"106":{"start":{"line":279,"column":20},"end":{"line":279,"column":35}},"107":{"start":{"line":281,"column":18},"end":{"line":287,"column":13}},"108":{"start":{"line":282,"column":16},"end":{"line":282,"column":31}},"109":{"start":{"line":283,"column":16},"end":{"line":283,"column":23}},"110":{"start":{"line":285,"column":16},"end":{"line":285,"column":44}},"111":{"start":{"line":286,"column":16},"end":{"line":286,"column":23}},"112":{"start":{"line":288,"column":14},"end":{"line":304,"column":9}},"113":{"start":{"line":289,"column":12},"end":{"line":289,"column":32}},"114":{"start":{"line":290,"column":12},"end":{"line":290,"column":19}},"115":{"start":{"line":291,"column":12},"end":{"line":303,"column":13}},"116":{"start":{"line":293,"column":18},"end":{"line":303,"column":13}},"117":{"start":{"line":295,"column":18},"end":{"line":303,"column":13}},"118":{"start":{"line":297,"column":18},"end":{"line":303,"column":13}},"119":{"start":{"line":298,"column":16},"end":{"line":298,"column":31}},"120":{"start":{"line":299,"column":16},"end":{"line":299,"column":23}},"121":{"start":{"line":301,"column":16},"end":{"line":301,"column":44}},"122":{"start":{"line":302,"column":16},"end":{"line":302,"column":23}},"123":{"start":{"line":309,"column":17},"end":{"line":309,"column":67}},"124":{"start":{"line":310,"column":8},"end":{"line":354,"column":9}},"125":{"start":{"line":311,"column":27},"end":{"line":311,"column":33}},"126":{"start":{"line":312,"column":12},"end":{"line":328,"column":15}},"127":{"start":{"line":323,"column":66},"end":{"line":323,"column":94}},"128":{"start":{"line":330,"column":13},"end":{"line":354,"column":9}},"129":{"start":{"line":331,"column":12},"end":{"line":334,"column":15}},"130":{"start":{"line":337,"column":12},"end":{"line":353,"column":15}},"131":{"start":{"line":356,"column":13},"end":{"line":364,"column":5}},"132":{"start":{"line":358,"column":8},"end":{"line":358,"column":30}},"133":{"start":{"line":359,"column":8},"end":{"line":363,"column":9}},"134":{"start":{"line":360,"column":12},"end":{"line":360,"column":33}},"135":{"start":{"line":361,"column":12},"end":{"line":361,"column":31}},"136":{"start":{"line":362,"column":12},"end":{"line":362,"column":52}},"137":{"start":{"line":366,"column":11},"end":{"line":374,"column":5}},"138":{"start":{"line":368,"column":8},"end":{"line":371,"column":9}},"139":{"start":{"line":369,"column":12},"end":{"line":369,"column":28}},"140":{"start":{"line":370,"column":12},"end":{"line":370,"column":19}},"141":{"start":{"line":372,"column":8},"end":{"line":372,"column":27}},"142":{"start":{"line":373,"column":8},"end":{"line":373,"column":29}},"143":{"start":{"line":375,"column":13},"end":{"line":383,"column":5}},"144":{"start":{"line":377,"column":8},"end":{"line":380,"column":9}},"145":{"start":{"line":378,"column":12},"end":{"line":378,"column":28}},"146":{"start":{"line":379,"column":12},"end":{"line":379,"column":19}},"147":{"start":{"line":381,"column":8},"end":{"line":381,"column":27}},"148":{"start":{"line":382,"column":8},"end":{"line":382,"column":29}},"149":{"start":{"line":385,"column":36},"end":{"line":385,"column":46}},"150":{"start":{"line":386,"column":29},"end":{"line":421,"column":9}},"151":{"start":{"line":396,"column":49},"end":{"line":396,"column":51}},"152":{"start":{"line":397,"column":24},"end":{"line":402,"column":27}},"153":{"start":{"line":398,"column":28},"end":{"line":400,"column":29}},"154":{"start":{"line":399,"column":32},"end":{"line":399,"column":45}},"155":{"start":{"line":401,"column":28},"end":{"line":401,"column":40}},"156":{"start":{"line":403,"column":24},"end":{"line":403,"column":79}},"157":{"start":{"line":410,"column":49},"end":{"line":410,"column":51}},"158":{"start":{"line":411,"column":24},"end":{"line":416,"column":27}},"159":{"start":{"line":412,"column":28},"end":{"line":414,"column":29}},"160":{"start":{"line":413,"column":32},"end":{"line":413,"column":44}},"161":{"start":{"line":415,"column":28},"end":{"line":415,"column":41}},"162":{"start":{"line":417,"column":24},"end":{"line":417,"column":79}},"163":{"start":{"line":422,"column":19},"end":{"line":422,"column":39}},"164":{"start":{"line":423,"column":8},"end":{"line":485,"column":10}}},"fnMap":{"0":{"name":"(anonymous_0)","decl":{"start":{"line":12,"column":4},"end":{"line":12,"column":5}},"loc":{"start":{"line":12,"column":23},"end":{"line":20,"column":5}},"line":12},"1":{"name":"(anonymous_1)","decl":{"start":{"line":25,"column":4},"end":{"line":25,"column":5}},"loc":{"start":{"line":25,"column":24},"end":{"line":28,"column":5}},"line":25},"2":{"name":"(anonymous_2)","decl":{"start":{"line":30,"column":14},"end":{"line":30,"column":15}},"loc":{"start":{"line":30,"column":19},"end":{"line":53,"column":5}},"line":30},"3":{"name":"(anonymous_3)","decl":{"start":{"line":32,"column":22},"end":{"line":32,"column":23}},"loc":{"start":{"line":32,"column":28},"end":{"line":48,"column":9}},"line":32},"4":{"name":"(anonymous_4)","decl":{"start":{"line":50,"column":18},"end":{"line":50,"column":19}},"loc":{"start":{"line":50,"column":28},"end":{"line":52,"column":13}},"line":50},"5":{"name":"(anonymous_5)","decl":{"start":{"line":54,"column":17},"end":{"line":54,"column":18}},"loc":{"start":{"line":54,"column":24},"end":{"line":143,"column":5}},"line":54},"6":{"name":"(anonymous_6)","decl":{"start":{"line":97,"column":23},"end":{"line":97,"column":24}},"loc":{"start":{"line":97,"column":31},"end":{"line":138,"column":9}},"line":97},"7":{"name":"(anonymous_7)","decl":{"start":{"line":140,"column":18},"end":{"line":140,"column":19}},"loc":{"start":{"line":140,"column":28},"end":{"line":142,"column":13}},"line":140},"8":{"name":"(anonymous_8)","decl":{"start":{"line":189,"column":19},"end":{"line":189,"column":20}},"loc":{"start":{"line":189,"column":25},"end":{"line":202,"column":13}},"line":189},"9":{"name":"(anonymous_9)","decl":{"start":{"line":211,"column":16},"end":{"line":211,"column":17}},"loc":{"start":{"line":211,"column":22},"end":{"line":215,"column":5}},"line":211},"10":{"name":"(anonymous_10)","decl":{"start":{"line":217,"column":15},"end":{"line":217,"column":16}},"loc":{"start":{"line":217,"column":20},"end":{"line":222,"column":5}},"line":217},"11":{"name":"(anonymous_11)","decl":{"start":{"line":224,"column":19},"end":{"line":224,"column":20}},"loc":{"start":{"line":224,"column":24},"end":{"line":229,"column":5}},"line":224},"12":{"name":"(anonymous_12)","decl":{"start":{"line":230,"column":17},"end":{"line":230,"column":18}},"loc":{"start":{"line":230,"column":25},"end":{"line":235,"column":5}},"line":230},"13":{"name":"(anonymous_13)","decl":{"start":{"line":236,"column":21},"end":{"line":236,"column":22}},"loc":{"start":{"line":236,"column":40},"end":{"line":240,"column":5}},"line":236},"14":{"name":"(anonymous_14)","decl":{"start":{"line":241,"column":4},"end":{"line":241,"column":5}},"loc":{"start":{"line":241,"column":23},"end":{"line":305,"column":5}},"line":241},"15":{"name":"(anonymous_15)","decl":{"start":{"line":244,"column":21},"end":{"line":244,"column":22}},"loc":{"start":{"line":244,"column":27},"end":{"line":253,"column":9}},"line":244},"16":{"name":"(anonymous_16)","decl":{"start":{"line":262,"column":51},"end":{"line":262,"column":52}},"loc":{"start":{"line":262,"column":59},"end":{"line":264,"column":17}},"line":262},"17":{"name":"(anonymous_17)","decl":{"start":{"line":268,"column":51},"end":{"line":268,"column":52}},"loc":{"start":{"line":268,"column":59},"end":{"line":270,"column":17}},"line":268},"18":{"name":"(anonymous_18)","decl":{"start":{"line":278,"column":54},"end":{"line":278,"column":55}},"loc":{"start":{"line":278,"column":62},"end":{"line":280,"column":17}},"line":278},"19":{"name":"(anonymous_19)","decl":{"start":{"line":308,"column":4},"end":{"line":308,"column":5}},"loc":{"start":{"line":308,"column":38},"end":{"line":355,"column":5}},"line":308},"20":{"name":"(anonymous_20)","decl":{"start":{"line":323,"column":62},"end":{"line":323,"column":63}},"loc":{"start":{"line":323,"column":66},"end":{"line":323,"column":94}},"line":323},"21":{"name":"(anonymous_21)","decl":{"start":{"line":356,"column":13},"end":{"line":356,"column":14}},"loc":{"start":{"line":356,"column":20},"end":{"line":364,"column":5}},"line":356},"22":{"name":"(anonymous_22)","decl":{"start":{"line":366,"column":11},"end":{"line":366,"column":12}},"loc":{"start":{"line":366,"column":15},"end":{"line":374,"column":5}},"line":366},"23":{"name":"(anonymous_23)","decl":{"start":{"line":375,"column":13},"end":{"line":375,"column":14}},"loc":{"start":{"line":375,"column":17},"end":{"line":383,"column":5}},"line":375},"24":{"name":"(anonymous_24)","decl":{"start":{"line":384,"column":4},"end":{"line":384,"column":5}},"loc":{"start":{"line":384,"column":13},"end":{"line":486,"column":5}},"line":384},"25":{"name":"(anonymous_25)","decl":{"start":{"line":395,"column":30},"end":{"line":395,"column":31}},"loc":{"start":{"line":395,"column":50},"end":{"line":404,"column":21}},"line":395},"26":{"name":"(anonymous_26)","decl":{"start":{"line":397,"column":69},"end":{"line":397,"column":70}},"loc":{"start":{"line":397,"column":85},"end":{"line":402,"column":25}},"line":397},"27":{"name":"(anonymous_27)","decl":{"start":{"line":409,"column":30},"end":{"line":409,"column":31}},"loc":{"start":{"line":409,"column":50},"end":{"line":418,"column":21}},"line":409},"28":{"name":"(anonymous_28)","decl":{"start":{"line":411,"column":69},"end":{"line":411,"column":70}},"loc":{"start":{"line":411,"column":85},"end":{"line":416,"column":25}},"line":411}},"branchMap":{"0":{"loc":{"start":{"line":34,"column":12},"end":{"line":43,"column":13}},"type":"if","locations":[{"start":{"line":34,"column":12},"end":{"line":43,"column":13}},{"start":{"line":34,"column":12},"end":{"line":43,"column":13}}],"line":34},"1":{"loc":{"start":{"line":44,"column":12},"end":{"line":47,"column":13}},"type":"if","locations":[{"start":{"line":44,"column":12},"end":{"line":47,"column":13}},{"start":{"line":44,"column":12},"end":{"line":47,"column":13}}],"line":44},"2":{"loc":{"start":{"line":58,"column":8},"end":{"line":77,"column":9}},"type":"if","locations":[{"start":{"line":58,"column":8},"end":{"line":77,"column":9}},{"start":{"line":58,"column":8},"end":{"line":77,"column":9}}],"line":58},"3":{"loc":{"start":{"line":68,"column":12},"end":{"line":70,"column":13}},"type":"if","locations":[{"start":{"line":68,"column":12},"end":{"line":70,"column":13}},{"start":{"line":68,"column":12},"end":{"line":70,"column":13}}],"line":68},"4":{"loc":{"start":{"line":71,"column":12},"end":{"line":73,"column":13}},"type":"if","locations":[{"start":{"line":71,"column":12},"end":{"line":73,"column":13}},{"start":{"line":71,"column":12},"end":{"line":73,"column":13}}],"line":71},"5":{"loc":{"start":{"line":74,"column":12},"end":{"line":76,"column":13}},"type":"if","locations":[{"start":{"line":74,"column":12},"end":{"line":76,"column":13}},{"start":{"line":74,"column":12},"end":{"line":76,"column":13}}],"line":74},"6":{"loc":{"start":{"line":78,"column":8},"end":{"line":95,"column":9}},"type":"if","locations":[{"start":{"line":78,"column":8},"end":{"line":95,"column":9}},{"start":{"line":78,"column":8},"end":{"line":95,"column":9}}],"line":78},"7":{"loc":{"start":{"line":78,"column":11},"end":{"line":78,"column":42}},"type":"binary-expr","locations":[{"start":{"line":78,"column":11},"end":{"line":78,"column":20}},{"start":{"line":78,"column":22},"end":{"line":78,"column":42}}],"line":78},"8":{"loc":{"start":{"line":79,"column":13},"end":{"line":95,"column":9}},"type":"if","locations":[{"start":{"line":79,"column":13},"end":{"line":95,"column":9}},{"start":{"line":79,"column":13},"end":{"line":95,"column":9}}],"line":79},"9":{"loc":{"start":{"line":84,"column":12},"end":{"line":86,"column":13}},"type":"if","locations":[{"start":{"line":84,"column":12},"end":{"line":86,"column":13}},{"start":{"line":84,"column":12},"end":{"line":86,"column":13}}],"line":84},"10":{"loc":{"start":{"line":90,"column":21},"end":{"line":91,"column":111}},"type":"cond-expr","locations":[{"start":{"line":91,"column":20},"end":{"line":91,"column":52}},{"start":{"line":91,"column":53},"end":{"line":91,"column":111}}],"line":90},"11":{"loc":{"start":{"line":99,"column":12},"end":{"line":133,"column":13}},"type":"if","locations":[{"start":{"line":99,"column":12},"end":{"line":133,"column":13}},{"start":{"line":99,"column":12},"end":{"line":133,"column":13}}],"line":99},"12":{"loc":{"start":{"line":100,"column":16},"end":{"line":104,"column":17}},"type":"if","locations":[{"start":{"line":100,"column":16},"end":{"line":104,"column":17}},{"start":{"line":100,"column":16},"end":{"line":104,"column":17}}],"line":100},"13":{"loc":{"start":{"line":100,"column":19},"end":{"line":100,"column":71}},"type":"binary-expr","locations":[{"start":{"line":100,"column":19},"end":{"line":100,"column":49}},{"start":{"line":100,"column":51},"end":{"line":100,"column":71}}],"line":100},"14":{"loc":{"start":{"line":108,"column":27},"end":{"line":108,"column":106}},"type":"cond-expr","locations":[{"start":{"line":108,"column":67},"end":{"line":108,"column":72}},{"start":{"line":108,"column":73},"end":{"line":108,"column":106}}],"line":108},"15":{"loc":{"start":{"line":119,"column":31},"end":{"line":119,"column":118}},"type":"cond-expr","locations":[{"start":{"line":119,"column":65},"end":{"line":119,"column":69}},{"start":{"line":119,"column":71},"end":{"line":119,"column":117}}],"line":119},"16":{"loc":{"start":{"line":119,"column":71},"end":{"line":119,"column":117}},"type":"cond-expr","locations":[{"start":{"line":119,"column":106},"end":{"line":119,"column":111}},{"start":{"line":119,"column":112},"end":{"line":119,"column":117}}],"line":119},"17":{"loc":{"start":{"line":123,"column":16},"end":{"line":126,"column":17}},"type":"if","locations":[{"start":{"line":123,"column":16},"end":{"line":126,"column":17}},{"start":{"line":123,"column":16},"end":{"line":126,"column":17}}],"line":123},"18":{"loc":{"start":{"line":128,"column":16},"end":{"line":130,"column":17}},"type":"if","locations":[{"start":{"line":128,"column":16},"end":{"line":130,"column":17}},{"start":{"line":128,"column":16},"end":{"line":130,"column":17}}],"line":128},"19":{"loc":{"start":{"line":134,"column":12},"end":{"line":137,"column":13}},"type":"if","locations":[{"start":{"line":134,"column":12},"end":{"line":137,"column":13}},{"start":{"line":134,"column":12},"end":{"line":137,"column":13}}],"line":134},"20":{"loc":{"start":{"line":246,"column":12},"end":{"line":252,"column":13}},"type":"if","locations":[{"start":{"line":246,"column":12},"end":{"line":252,"column":13}},{"start":{"line":246,"column":12},"end":{"line":252,"column":13}}],"line":246},"21":{"loc":{"start":{"line":249,"column":17},"end":{"line":252,"column":13}},"type":"if","locations":[{"start":{"line":249,"column":17},"end":{"line":252,"column":13}},{"start":{"line":249,"column":17},"end":{"line":252,"column":13}}],"line":249},"22":{"loc":{"start":{"line":254,"column":8},"end":{"line":304,"column":9}},"type":"i
[...]
246,"column":62},"end":{"line":246,"column":80}}},"fnMap":{"0":{"name":"(anonymous_0)","decl":{"start":{"line":20,"column":4},"end":{"line":20,"column":5}},"loc":{"start":{"line":20,"column":23},"end":{"line":31,"column":5}},"line":20},"1":{"name":"(anonymous_1)","decl":{"start":{"line":33,"column":4},"end":{"line":33,"column":5}},"loc":{"start":{"line":33,"column":32},"end":{"line":43,"column":5}},"line":33},"2":{"name":"(anonymous_2)","decl":{"start":{"line":45,"column":17},"end":{"line":45,"column":18}},"loc":{"start":{"line":45,"column":28},"end":{"line":47,"column":5}},"line":45},"3":{"name":"(anonymous_3)","decl":{"start":{"line":49,"column":16},"end":{"line":49,"column":17}},"loc":{"start":{"line":49,"column":21},"end":{"line":79,"column":5}},"line":49},"4":{"name":"(anonymous_4)","decl":{"start":{"line":58,"column":23},"end":{"line":58,"column":24}},"loc":{"start":{"line":58,"column":31},"end":{"line":74,"column":9}},"line":58},"5":{"name":"(anonymous_5)","decl":{"start":{"line":76,"column":18},"end":{"line":76,"column":19}},"loc":{"start":{"line":76,"column":28},"end":{"line":78,"column":13}},"line":76},"6":{"name":"(anonymous_6)","decl":{"start":{"line":81,"column":21},"end":{"line":81,"column":22}},"loc":{"start":{"line":81,"column":26},"end":{"line":103,"column":5}},"line":81},"7":{"name":"(anonymous_7)","decl":{"start":{"line":86,"column":23},"end":{"line":86,"column":24}},"loc":{"start":{"line":86,"column":31},"end":{"line":98,"column":9}},"line":86},"8":{"name":"(anonymous_8)","decl":{"start":{"line":100,"column":18},"end":{"line":100,"column":19}},"loc":{"start":{"line":100,"column":28},"end":{"line":102,"column":13}},"line":100},"9":{"name":"(anonymous_9)","decl":{"start":{"line":105,"column":22},"end":{"line":105,"column":23}},"loc":{"start":{"line":105,"column":83},"end":{"line":121,"column":5}},"line":105},"10":{"name":"(anonymous_10)","decl":{"start":{"line":123,"column":19},"end":{"line":123,"column":20}},"loc":{"start":{"line":123,"column":24},"end":{"line":148,"column":5}},"line":123},"11":{"name":"(anonymous_11)","decl":{"start":{"line":131,"column":23},"end":{"line":131,"column":24}},"loc":{"start":{"line":131,"column":31},"end":{"line":142,"column":9}},"line":131},"12":{"name":"(anonymous_12)","decl":{"start":{"line":144,"column":18},"end":{"line":144,"column":19}},"loc":{"start":{"line":144,"column":28},"end":{"line":146,"column":13}},"line":144},"13":{"name":"(anonymous_13)","decl":{"start":{"line":151,"column":4},"end":{"line":151,"column":5}},"loc":{"start":{"line":151,"column":13},"end":{"line":277,"column":5}},"line":151},"14":{"name":"(anonymous_14)","decl":{"start":{"line":208,"column":52},"end":{"line":208,"column":53}},"loc":{"start":{"line":208,"column":58},"end":{"line":208,"column":76}},"line":208},"15":{"name":"(anonymous_15)","decl":{"start":{"line":210,"column":52},"end":{"line":210,"column":53}},"loc":{"start":{"line":210,"column":58},"end":{"line":210,"column":76}},"line":210},"16":{"name":"(anonymous_16)","decl":{"start":{"line":221,"column":56},"end":{"line":221,"column":57}},"loc":{"start":{"line":221,"column":62},"end":{"line":221,"column":80}},"line":221},"17":{"name":"(anonymous_17)","decl":{"start":{"line":227,"column":56},"end":{"line":227,"column":57}},"loc":{"start":{"line":227,"column":62},"end":{"line":227,"column":80}},"line":227},"18":{"name":"(anonymous_18)","decl":{"start":{"line":233,"column":56},"end":{"line":233,"column":57}},"loc":{"start":{"line":233,"column":62},"end":{"line":233,"column":80}},"line":233},"19":{"name":"(anonymous_19)","decl":{"start":{"line":239,"column":56},"end":{"line":239,"column":57}},"loc":{"start":{"line":239,"column":62},"end":{"line":239,"column":80}},"line":239},"20":{"name":"(anonymous_20)","decl":{"start":{"line":246,"column":56},"end":{"line":246,"column":57}},"loc":{"start":{"line":246,"column":62},"end":{"line":246,"column":80}},"line":246}},"branchMap":{"0":{"loc":{"start":{"line":34,"column":8},"end":{"line":40,"column":9}},"type":"if","locations":[{"start":{"line":34,"column":8},"end":{"line":40,"column":9}},{"start":{"line":34,"column":8},"end":{"line":40,"column":9}}],"line":34},"1":{"loc":{"start":{"line":59,"column":12},"end":{"line":66,"column":13}},"type":"if","locations":[{"start":{"line":59,"column":12},"end":{"line":66,"column":13}},{"start":{"line":59,"column":12},"end":{"line":66,"column":13}}],"line":59},"2":{"loc":{"start":{"line":67,"column":12},"end":{"line":69,"column":13}},"type":"if","locations":[{"start":{"line":67,"column":12},"end":{"line":69,"column":13}},{"start":{"line":67,"column":12},"end":{"line":69,"column":13}}],"line":67},"3":{"loc":{"start":{"line":70,"column":12},"end":{"line":73,"column":13}},"type":"if","locations":[{"start":{"line":70,"column":12},"end":{"line":73,"column":13}},{"start":{"line":70,"column":12},"end":{"line":73,"column":13}}],"line":70},"4":{"loc":{"start":{"line":87,"column":12},"end":{"line":90,"column":13}},"type":"if","locations":[{"start":{"line":87,"column":12},"end":{"line":90,"column":13}},{"start":{"line":87,"column":12},"end":{"line":90,"column":13}}],"line":87},"5":{"loc":{"start":{"line":88,"column":16},"end":{"line":89,"column":65}},"type":"if","locations":[{"start":{"line":88,"column":16},"end":{"line":89,"column":65}},{"start":{"line":88,"column":16},"end":{"line":89,"column":65}}],"line":88},"6":{"loc":{"start":{"line":91,"column":12},"end":{"line":93,"column":13}},"type":"if","locations":[{"start":{"line":91,"column":12},"end":{"line":93,"column":13}},{"start":{"line":91,"column":12},"end":{"line":93,"column":13}}],"line":91},"7":{"loc":{"start":{"line":94,"column":12},"end":{"line":97,"column":13}},"type":"if","locations":[{"start":{"line":94,"column":12},"end":{"line":97,"column":13}},{"start":{"line":94,"column":12},"end":{"line":97,"column":13}}],"line":94},"8":{"loc":{"start":{"line":124,"column":18},"end":{"line":124,"column":108}},"type":"cond-expr","locations":[{"start":{"line":124,"column":55},"end":{"line":124,"column":80}},{"start":{"line":124,"column":83},"end":{"line":124,"column":108}}],"line":124},"9":{"loc":{"start":{"line":132,"column":12},"end":{"line":134,"column":13}},"type":"if","locations":[{"start":{"line":132,"column":12},"end":{"line":134,"column":13}},{"start":{"line":132,"column":12},"end":{"line":134,"column":13}}],"line":132},"10":{"loc":{"start":{"line":135,"column":12},"end":{"line":137,"column":13}},"type":"if","locations":[{"start":{"line":135,"column":12},"end":{"line":137,"column":13}},{"start":{"line":135,"column":12},"end":{"line":137,"column":13}}],"line":135},"11":{"loc":{"start":{"line":138,"column":12},"end":{"line":141,"column":13}},"type":"if","locations":[{"start":{"line":138,"column":12},"end":{"line":141,"column":13}},{"start":{"line":138,"column":12},"end":{"line":141,"column":13}}],"line":138},"12":{"loc":{"start":{"line":169,"column":37},"end":{"line":171,"column":101}},"type":"binary-expr","locations":[{"start":{"line":169,"column":37},"end":{"line":169,"column":92}},{"start":{"line":169,"column":96},"end":{"line":169,"column":120}},{"start":{"line":170,"column":40},"end":{"line":171,"column":101}}],"line":169},"13":{"loc":{"start":{"line":173,"column":37},"end":{"line":175,"column":99}},"type":"binary-expr","locations":[{"start":{"line":173,"column":37},"end":{"line":173,"column":92}},{"start":{"line":173,"column":96},"end":{"line":173,"column":121}},{"start":{"line":174,"column":36},"end":{"line":175,"column":99}}],"line":173},"14":{"loc":{"start":{"line":180,"column":41},"end":{"line":180,"column":126}},"type":"binary-expr","locations":[{"start":{"line":180,"column":41},"end":{"line":180,"column":68}},{"start":{"line":180,"column":72},"end":{"line":180,"column":126}}],"line":180},"15":{"loc":{"start":{"line":181,"column":62},"end":{"line":181,"column":92}},"type":"cond-expr","locations":[{"start":{"line":181,"column":85},"end":{"line":181,"column":88}},{"start":{"line":181,"column":89},"end":{"line":181,"column":92}}],"line":181},"16":{"loc":{"start":{"line":183,"column":37},"end":{"line":183,"column":167}},"type":"binary-expr","locations":[{"start":{"line":183,"column":37},"end":{"line":183,"column":64}},{"start":{"line":183,"column":68},"end":{"line":183,"column":167}}],"line":183},"17":{"loc":{"start":{"line":220,"column":58},"end":{"line":220,"column":95}},"type":"cond-expr","locations":[{"start":{"line":220,"column":82},"end":{"line":220,"column":90}},{"start":{"line":220,"column":93},"end":{"line":220,"column":95}}],"line":220},"18":{"loc":{"start":{"line":226,"column":58},"end":{"line":226,"column":95}},"type":"cond-expr","locations":[{"start":{"line":226,"column":82},"end":{"line":226,"column":90}},{"start":{"line":226,"column":93},"end":{"line":226,"column":95}}],"line":226},"19":{"loc":{"start":{"line":232,"column":58},"end":{"line":232,"column":95}},"type":"cond-expr","locations":[{"start":{"line":232,"column":82},"end":{"line":232,"column":90}},{"start":{"line":232,"column":93},"end":{"line":232,"column":95}}],"line":232},"20":{"loc":{"start":{"line":238,"column":58},"end":{"line":238,"column":95}},"type":"cond-expr","locations":[{"start":{"line":238,"column":82},"end":{"line":238,"column":90}},{"start":{"line":238,"column":93},"end":{"line":238,"column":95}}],"line":238},"21":{"loc":{"start":{"line":243,"column":41},"end":{"line":249,"column":45}},"type":"binary-expr","locations":[{"start":{"line":243,"column":41},"end":{"line":243,"column":96}},{"start":{"line":244,"column":40},"end":{"line":249,"column":45}}],"line":243},"22":{"loc":{"start":{"line":245,"column":58},"end":{"line":245,"column":95}},"type":"cond-expr","locations":[{"start":{"line":245,"column":82},"end":{"line":245,"column":90}},{"start":{"line":245,"column":93},"end":{"line":245,"column":95}}],"line":245},"23":{"loc":{"start":{"line":254,"column":29},"end":{"line":254,"column":109}},"type":"binary-expr","locations":[{"start":{"line":254,"column":29},"end":{"line":254,"column":50}},{"start":{"line":254,"column":54},"end":{"line":254,"column":109}}],"line":254},"24":{"loc":{"start":{"line":255,"column":29},"end":{"line":255,"column":106}},"type":"binary-expr","locations":[{"start":{"line":255,"column":29},"end":{"line":255,"column":50}},{"start":{"line":255,"column":54},"end":{"line":255,"column":106}}],"line":255},"25":{"loc":{"start":{"line":256,"column":29},"end":{"line":256,"column":140}},"type":"binary-expr","locations":[{"start":{"line":256,"column":29},"end":{"line":256,"column":50}},{"start":{"line":256,"column":54},"end":{"line":256,"column":140}}],"line":256},"26":{"loc":{"start":{"line":257,"column":29},"end":{"line":257,"column":107}},"type":"binary-expr","locations":[{"start":{"line":257,"column":29},"end":{"line":257,"column":50}},{"start":{"line":257,"column":54},"end":{"line":257,"column":107}}],"line":257},"27":{"loc":{"start":{"line":258,"column":29},"end":{"line":266,"column":76}},"type":"binary-expr","locations":[{"start":{"line":258,"column":29},"end":{"line":258,"column":50}},{"start":{"line":258,"column":54},"end":{"line":258,"column":109}},{"start":{"line":259,"column":32},"end":{"line":266,"column":76}}],"line":258},"28":{"loc":{"start":{"line":267,"column":29},"end":{"line":267,"column":99}},"type":"binary-expr","locations":[{"start":{"line":267,"column":29},"end":{"line":267,"column":50}},{"start":{"line":267,"column":54},"end":{"line":267,"column":99}}],"line":267},"29":{"loc":{"start":{"line":268,"column":29},"end":{"line":268,"column":98}},"type":"binary-expr","locations":[{"start":{"line":268,"column":29},"end":{"line":268,"column":50}},{"start":{"line":268,"column":54},"end":{"line":268,"column":98}}],"line":268}},"s":{"0":3,"1":3,"2":3,"3":1,"4":2,"5":2,"6":3,"7":3,"8":3,"9":7,"10":3,"11":6,"12":6,"13":6,"14":6,"15":6,"16":6,"17":3,"18":6,"19":2,"20":6,"21":1,"22":1,"23":6,"24":6,"25":3,"26":3,"27":3,"28":3,"29":3,"30":3,"31":3,"32":3,"33":0,"34":3,"35":0,"36":0,"37":3,"38":3,"39":3,"40":1,"41":1,"42":1,"43":1,"44":1,"45":1,"46":1,"47":1,"48":1,"49":1,"50":1,"51":3,"52":3,"53":3,"54":3,"55":3,"56":3,"57":3,"58":1,"59":3,"60":1,"61":3,"62":1,"63":1,"64":3,"65":3,"66":19,"67":1,"68":1,"69":1,"70":1,"71":1,"72":1,"73":1},"f":{"0":3,"1":3,"2":7,"3":6,"4":6,"5":6,"6":3,"7":3,"8":3,"9":1,"10":3,"11":3,"12":3,"13":19,"14":1,"15":1,"16":1,"17":1,"18":1,"19":1,"20":1},"b":{"0":[1,2],"1":[3,3],"2":[2,4],"3":[1,5],"4":[3,0],"5":[3,0],"6":[0,3],"7":[0,3],"8":[0,3],"9":[1,2],"10":[1,2],"11":[1,2],"12":[19,7,3],"13":[19,7,4],"14":[19,4],"15":[6,13],"16":[19,4],"17":[10,9],"18":[1,18],"19":[1,18],"20":[1,18],"21":[19,12],"22":[4,8],"23":[19,10],"24":[19,1],"25":[19,1],"26":[19,1],"27":[19,4,4],"28":[19,1],"29":[19,1]},"_coverageSchema":"43e27e138ebf9cfc5966b082cf9a028302ed4184","hash":"10e823f5114ea04a1b36e22d753308aa35f08095"}
,"/Users/sijinze/Desktop/FrontEnd 3/frontend/src/Views/SignInPage.js": {"path":"/Users/sijinze/Desktop/FrontEnd 3/frontend/src/Views/SignInPage.js","statementMap":{"0":{"start":{"line":13,"column":8},"end":{"line":13,"column":21}},"1":{"start":{"line":14,"column":8},"end":{"line":19,"column":10}},"2":{"start":{"line":22,"column":15},"end":{"line":26,"column":5}},"3":{"start":{"line":23,"column":8},"end":{"line":25,"column":11}},"4":{"start":{"line":27,"column":21},"end":{"line":32,"column":5}},"5":{"start":{"line":29,"column":8},"end":{"line":31,"column":10}},"6":{"start":{"line":33,"column":21},"end":{"line":38,"column":5}},"7":{"start":{"line":35,"column":8},"end":{"line":37,"column":10}},"8":{"start":{"line":39,"column":19},"end":{"line":80,"column":5}},"9":{"start":{"line":41,"column":8},"end":{"line":47,"column":9}},"10":{"start":{"line":42,"column":12},"end":{"line":45,"column":15}},"11":{"start":{"line":46,"column":12},"end":{"line":46,"column":19}},"12":{"start":{"line":48,"column":18},"end":{"line":48,"column":35}},"13":{"start":{"line":49,"column":23},"end":{"line":52,"column":9}},"14":{"start":{"line":54,"column":23},"end":{"line":75,"column":9}},"15":{"start":{"line":55,"column":7},"end":{"line":55,"column":29}},"16":{"start":{"line":56,"column":12},"end":{"line":67,"column":13}},"17":{"start":{"line":57,"column":16},"end":{"line":57,"column":65}},"18":{"start":{"line":58,"column":16},"end":{"line":58,"column":65}},"19":{"start":{"line":59,"column":16},"end":{"line":59,"column":69}},"20":{"start":{"line":60,"column":16},"end":{"line":60,"column":69}},"21":{"start":{"line":61,"column":16},"end":{"line":61,"column":65}},"22":{"start":{"line":62,"column":16},"end":{"line":62,"column":63}},"23":{"start":{"line":63,"column":16},"end":{"line":63,"column":63}},"24":{"start":{"line":64,"column":16},"end":{"line":64,"column":69}},"25":{"start":{"line":65,"column":16},"end":{"line":65,"column":45}},"26":{"start":{"line":66,"column":16},"end":{"line":66,"column":23}},"27":{"start":{"line":69,"column":12},"end":{"line":72,"column":15}},"28":{"start":{"line":76,"column":8},"end":{"line":79,"column":14}},"29":{"start":{"line":78,"column":16},"end":{"line":78,"column":31}},"30":{"start":{"line":81,"column":17},"end":{"line":83,"column":5}},"31":{"start":{"line":82,"column":8},"end":{"line":82,"column":36}},"32":{"start":{"line":86,"column":8},"end":{"line":152,"column":10}},"33":{"start":{"line":116,"column":49},"end":{"line":116,"column":71}},"34":{"start":{"line":124,"column":49},"end":{"line":124,"column":71}},"35":{"start":{"line":146,"column":85},"end":{"line":146,"column":102}}},"fnMap":{"0":{"name":"(anonymous_0)","decl":{"start":{"line":12,"column":4},"end":{"line":12,"column":5}},"loc":{"start":{"line":12,"column":23},"end":{"line":20,"column":5}},"line":12},"1":{"name":"(anonymous_1)","decl":{"start":{"line":22,"column":15},"end":{"line":22,"column":16}},"loc":{"start":{"line":22,"column":21},"end":{"line":26,"column":5}},"line":22},"2":{"name":"(anonymous_2)","decl":{"start":{"line":27,"column":21},"end":{"line":27,"column":22}},"loc":{"start":{"line":27,"column":28},"end":{"line":32,"column":5}},"line":27},"3":{"name":"(anonymous_3)","decl":{"start":{"line":33,"column":21},"end":{"line":33,"column":22}},"loc":{"start":{"line":33,"column":28},"end":{"line":38,"column":5}},"line":33},"4":{"name":"(anonymous_4)","decl":{"start":{"line":39,"column":19},"end":{"line":39,"column":20}},"loc":{"start":{"line":39,"column":25},"end":{"line":80,"column":5}},"line":39},"5":{"name":"(anonymous_5)","decl":{"start":{"line":54,"column":23},"end":{"line":54,"column":24}},"loc":{"start":{"line":54,"column":31},"end":{"line":75,"column":9}},"line":54},"6":{"name":"(anonymous_6)","decl":{"start":{"line":77,"column":18},"end":{"line":77,"column":19}},"loc":{"start":{"line":77,"column":28},"end":{"line":79,"column":13}},"line":77},"7":{"name":"(anonymous_7)","decl":{"start":{"line":81,"column":17},"end":{"line":81,"column":18}},"loc":{"start":{"line":81,"column":23},"end":{"line":83,"column":5}},"line":81},"8":{"name":"(anonymous_8)","decl":{"start":{"line":85,"column":4},"end":{"line":85,"column":5}},"loc":{"start":{"line":85,"column":13},"end":{"line":153,"column":5}},"line":85},"9":{"name":"(anonymous_9)","decl":{"start":{"line":116,"column":42},"end":{"line":116,"column":43}},"loc":{"start":{"line":116,"column":49},"end":{"line":116,"column":71}},"line":116},"10":{"name":"(anonymous_10)","decl":{"start":{"line":124,"column":42},"end":{"line":124,"column":43}},"loc":{"start":{"line":124,"column":49},"end":{"line":124,"column":71}},"line":124},"11":{"name":"(anonymous_11)","decl":{"start":{"line":146,"column":79},"end":{"line":146,"column":80}},"loc":{"start":{"line":146,"column":85},"end":{"line":146,"column":102}},"line":146}},"branchMap":{"0":{"loc":{"start":{"line":41,"column":8},"end":{"line":47,"column":9}},"type":"if","locations":[{"start":{"line":41,"column":8},"end":{"line":47,"column":9}},{"start":{"line":41,"column":8},"end":{"line":47,"column":9}}],"line":41},"1":{"loc":{"start":{"line":41,"column":12},"end":{"line":41,"column":68}},"type":"binary-expr","locations":[{"start":{"line":41,"column":12},"end":{"line":41,"column":38}},{"start":{"line":41,"column":42},"end":{"line":41,"column":68}}],"line":41},"2":{"loc":{"start":{"line":56,"column":12},"end":{"line":67,"column":13}},"type":"if","locations":[{"start":{"line":56,"column":12},"end":{"line":67,"column":13}},{"start":{"line":56,"column":12},"end":{"line":67,"column":13}}],"line":56}},"s":{"0":1,"1":1,"2":1,"3":1,"4":1,"5":2,"6":1,"7":2,"8":1,"9":5,"10":1,"11":1,"12":4,"13":4,"14":4,"15":4,"16":4,"17":2,"18":2,"19":2,"20":2,"21":2,"22":2,"23":2,"24":2,"25":2,"26":2,"27":2,"28":4,"29":4,"30":1,"31":0,"32":9,"33":1,"34":1,"35":0},"f":{"0":1,"1":1,"2":2,"3":2,"4":5,"5":4,"6":4,"7":0,"8":9,"9":1,"10":1,"11":0},"b":{"0":[1,4],"1":[5,4],"2":[2,2]},"_coverageSchema":"43e27e138ebf9cfc5966b082cf9a028302ed4184","hash":"b590c63d7be8ae9dfb9907bd94a823f6dacde54a"}
,"/Users/sijinze/Desktop/FrontEnd 3/frontend/src/Views/SignUpPage.js": {"path":"/Users/sijinze/Desktop/FrontEnd 3/frontend/src/Views/SignUpPage.js","statementMap":{"0":{"start":{"line":7,"column":8},"end":{"line":11,"column":10}}},"fnMap":{"0":{"name":"(anonymous_0)","decl":{"start":{"line":6,"column":4},"end":{"line":6,"column":5}},"loc":{"start":{"line":6,"column":12},"end":{"line":12,"column":5}},"line":6}},"branchMap":{},"s":{"0":1},"f":{"0":1},"b":{},"_coverageSchema":"43e27e138ebf9cfc5966b082cf9a028302ed4184","hash":"5d14d7e1d22270ff59243c9c6da58b37c7ac9bf9"}
,"/Users/sijinze/Desktop/FrontEnd 3/frontend/src/test/sum.js": {"path":"/Users/sijinze/Desktop/FrontEnd 3/frontend/src/test/sum.js","statementMap":{"0":{"start":{"line":2,"column":4},"end":{"line":2,"column":17}},"1":{"start":{"line":4,"column":0},"end":{"line":4,"column":21}}},"fnMap":{"0":{"name":"sum","decl":{"start":{"line":1,"column":9},"end":{"line":1,"column":12}},"loc":{"start":{"line":1,"column":19},"end":{"line":3,"column":1}},"line":1}},"branchMap":{},"s":{"0":1,"1":1},"f":{"0":1},"b":{},"_coverageSchema":"43e27e138ebf9cfc5966b082cf9a028302ed4184","hash":"2866738829655fb98c0b2d59c0d18dee5694d870"}
}
