TN:
SF:/Users/sijinze/Desktop/FrontEnd 3/frontend/_mocks_/styleMock.js
FNF:0
FNH:0
DA:1,3
LF:1
LH:1
BRF:0
BRH:0
end_of_record
TN:
SF:/Users/sijinze/Desktop/FrontEnd 3/frontend/src/ParConstraint.js
FNF:0
FNH:0
DA:3,1
DA:4,1
DA:5,1
DA:15,1
DA:16,1
DA:17,1
DA:18,1
DA:19,1
DA:20,1
DA:21,1
DA:22,1
DA:35,1
DA:36,1
DA:37,1
DA:45,1
LF:15
LH:15
BRF:0
BRH:0
end_of_record
TN:
SF:/Users/sijinze/Desktop/FrontEnd 3/frontend/src/UrlConfig.js
FNF:0
FNH:0
DA:1,21
LF:1
LH:1
BRF:0
BRH:0
end_of_record
TN:
SF:/Users/sijinze/Desktop/FrontEnd 3/frontend/src/Components/Foot.js
FN:16,(anonymous_0)
FNF:1
FNH:1
FNDA:1,(anonymous_0)
DA:17,1
LF:1
LH:1
BRF:0
BRH:0
end_of_record
TN:
SF:/Users/sijinze/Desktop/FrontEnd 3/frontend/src/Components/Header.js
FN:16,(anonymous_0)
FN:23,(anonymous_1)
FN:27,(anonymous_2)
FN:32,(anonymous_3)
FN:53,(anonymous_4)
FNF:5
FNH:4
FNDA:1,(anonymous_0)
FNDA:1,(anonymous_1)
FNDA:1,(anonymous_2)
FNDA:1,(anonymous_3)
FNDA:0,(anonymous_4)
DA:17,1
DA:18,1
DA:23,1
DA:24,1
DA:27,1
DA:28,1
DA:33,1
DA:53,0
LF:8
LH:7
BRDA:50,0,0,0
BRDA:50,0,1,1
BRDA:52,1,0,0
BRDA:52,1,1,1
BRDA:54,2,0,1
BRDA:54,2,1,0
BRDA:54,3,0,0
BRDA:54,3,1,1
BRDA:57,4,0,0
BRDA:57,4,1,1
BRDA:57,5,0,0
BRDA:57,5,1,0
BRDA:59,6,0,1
BRDA:59,6,1,0
BRF:14
BRH:6
end_of_record
TN:
SF:/Users/sijinze/Desktop/FrontEnd 3/frontend/src/Components/PostSpeak.js
FN:13,(anonymous_0)
FN:27,(anonymous_1)
FN:31,(anonymous_2)
FN:35,(anonymous_3)
FN:40,(anonymous_4)
FN:44,(anonymous_5)
FN:60,(anonymous_6)
FN:62,(anonymous_7)
FN:81,(anonymous_8)
FN:87,(anonymous_9)
FN:93,(anonymous_10)
FN:106,(anonymous_11)
FN:108,(anonymous_12)
FN:124,(anonymous_13)
FN:130,(anonymous_14)
FN:136,(anonymous_15)
FN:160,(anonymous_16)
FN:180,(anonymous_17)
FN:187,(anonymous_18)
FN:188,(anonymous_19)
FN:189,(anonymous_20)
FNF:21
FNH:21
FNDA:1,(anonymous_0)
FNDA:1,(anonymous_1)
FNDA:1,(anonymous_2)
FNDA:1,(anonymous_3)
FNDA:1,(anonymous_4)
FNDA:3,(anonymous_5)
FNDA:5,(anonymous_6)
FNDA:5,(anonymous_7)
FNDA:5,(anonymous_8)
FNDA:1,(anonymous_9)
FNDA:2,(anonymous_10)
FNDA:5,(anonymous_11)
FNDA:5,(anonymous_12)
FNDA:5,(anonymous_13)
FNDA:1,(anonymous_14)
FNDA:5,(anonymous_15)
FNDA:4,(anonymous_16)
FNDA:4,(anonymous_17)
FNDA:21,(anonymous_18)
FNDA:16,(anonymous_19)
FNDA:25,(anonymous_20)
DA:10,6
DA:14,1
DA:15,1
DA:16,1
DA:27,1
DA:28,1
DA:31,1
DA:32,1
DA:36,1
DA:37,1
DA:40,1
DA:41,1
DA:44,1
DA:45,3
DA:46,1
DA:47,2
DA:48,1
DA:52,1
DA:53,1
DA:54,1
DA:60,1
DA:61,5
DA:62,5
DA:63,5
DA:64,3
DA:65,3
DA:66,3
DA:67,3
DA:68,3
DA:72,5
DA:73,1
DA:75,5
DA:76,1
DA:77,1
DA:80,5
DA:82,5
DA:87,1
DA:88,1
DA:93,1
DA:94,2
DA:95,1
DA:97,1
DA:98,1
DA:99,1
DA:106,1
DA:107,5
DA:108,5
DA:109,5
DA:110,3
DA:111,3
DA:115,5
DA:116,1
DA:118,5
DA:119,1
DA:120,1
DA:123,5
DA:125,5
DA:130,1
DA:131,1
DA:136,1
DA:137,5
DA:139,1
DA:140,1
DA:147,4
DA:149,0
DA:150,0
DA:152,4
DA:153,4
DA:160,4
DA:161,4
DA:162,2
DA:163,2
DA:169,2
DA:171,4
DA:172,0
DA:174,4
DA:175,1
DA:176,1
DA:179,4
DA:181,4
DA:188,21
DA:189,25
DA:191,21
LF:83
LH:80
BRDA:45,0,0,1
BRDA:45,0,1,2
BRDA:47,1,0,1
BRDA:47,1,1,1
BRDA:63,2,0,3
BRDA:63,2,1,2
BRDA:72,3,0,1
BRDA:72,3,1,4
BRDA:75,4,0,1
BRDA:75,4,1,4
BRDA:94,5,0,1
BRDA:94,5,1,1
BRDA:109,6,0,3
BRDA:109,6,1,2
BRDA:115,7,0,1
BRDA:115,7,1,4
BRDA:118,8,0,1
BRDA:118,8,1,4
BRDA:137,9,0,1
BRDA:137,9,1,4
BRDA:147,10,0,0
BRDA:147,10,1,4
BRDA:161,11,0,2
BRDA:161,11,1,2
BRDA:171,12,0,0
BRDA:171,12,1,4
BRDA:174,13,0,1
BRDA:174,13,1,3
BRF:28
BRH:26
end_of_record
TN:
SF:/Users/sijinze/Desktop/FrontEnd 3/frontend/src/Components/RichText.js
FN:9,RichText
FN:13,(anonymous_1)
FN:17,(anonymous_2)
FN:21,(anonymous_3)
FN:27,(anonymous_4)
FN:36,(anonymous_5)
FNF:6
FNH:0
FNDA:0,RichText
FNDA:0,(anonymous_1)
FNDA:0,(anonymous_2)
FNDA:0,(anonymous_3)
FNDA:0,(anonymous_4)
FNDA:0,(anonymous_5)
DA:6,6
DA:7,6
DA:11,0
DA:13,0
DA:15,0
DA:16,0
DA:17,0
DA:18,0
DA:20,0
DA:22,0
DA:27,0
DA:28,0
DA:29,0
DA:34,0
DA:36,0
DA:38,0
DA:44,0
LF:17
LH:2
BRF:0
BRH:0
end_of_record
TN:
SF:/Users/sijinze/Desktop/FrontEnd 3/frontend/src/Components/SignUpForm.js
FN:22,(anonymous_0)
FN:24,(anonymous_1)
FN:31,(anonymous_2)
FN:46,(anonymous_3)
FN:50,(anonymous_4)
FN:62,(anonymous_5)
FN:67,(anonymous_6)
FN:71,(anonymous_7)
FN:82,(anonymous_8)
FN:87,(anonymous_9)
FN:92,(anonymous_10)
FN:104,(anonymous_11)
FN:109,(anonymous_12)
FN:114,(anonymous_13)
FN:119,(anonymous_14)
FN:136,(anonymous_15)
FN:148,(anonymous_16)
FN:153,(anonymous_17)
FN:157,(anonymous_18)
FN:196,(anonymous_19)
FN:197,(anonymous_20)
FN:209,(anonymous_21)
FN:224,(anonymous_22)
FN:225,(anonymous_23)
FN:236,(anonymous_24)
FN:248,(anonymous_25)
FN:249,(anonymous_26)
FN:266,(anonymous_27)
FN:281,(anonymous_28)
FN:282,(anonymous_29)
FN:295,(anonymous_30)
FN:305,(anonymous_31)
FN:310,(anonymous_32)
FN:319,(anonymous_33)
FNF:34
FNH:21
FNDA:0,(anonymous_0)
FNDA:0,(anonymous_1)
FNDA:1,(anonymous_2)
FNDA:3,(anonymous_3)
FNDA:3,(anonymous_4)
FNDA:3,(anonymous_5)
FNDA:3,(anonymous_6)
FNDA:3,(anonymous_7)
FNDA:3,(anonymous_8)
FNDA:2,(anonymous_9)
FNDA:4,(anonymous_10)
FNDA:2,(anonymous_11)
FNDA:3,(anonymous_12)
FNDA:2,(anonymous_13)
FNDA:8,(anonymous_14)
FNDA:3,(anonymous_15)
FNDA:3,(anonymous_16)
FNDA:0,(anonymous_17)
FNDA:14,(anonymous_18)
FNDA:0,(anonymous_19)
FNDA:0,(anonymous_20)
FNDA:1,(anonymous_21)
FNDA:0,(anonymous_22)
FNDA:0,(anonymous_23)
FNDA:1,(anonymous_24)
FNDA:0,(anonymous_25)
FNDA:0,(anonymous_26)
FNDA:1,(anonymous_27)
FNDA:0,(anonymous_28)
FNDA:0,(anonymous_29)
FNDA:1,(anonymous_30)
FNDA:1,(anonymous_31)
FNDA:0,(anonymous_32)
FNDA:0,(anonymous_33)
DA:22,1
DA:24,1
DA:26,1
DA:32,1
DA:33,1
DA:42,1
DA:43,1
DA:47,3
DA:48,1
DA:50,3
DA:52,3
DA:53,3
DA:55,0
DA:57,3
DA:60,3
DA:61,3
DA:63,3
DA:68,3
DA:69,1
DA:71,3
DA:72,3
DA:73,3
DA:75,0
DA:77,3
DA:80,3
DA:81,3
DA:83,3
DA:87,1
DA:88,2
DA:92,1
DA:93,4
DA:94,4
DA:95,1
DA:99,3
DA:104,1
DA:105,2
DA:109,1
DA:110,3
DA:114,1
DA:115,2
DA:119,1
DA:120,8
DA:125,3
DA:126,5
DA:127,2
DA:129,3
DA:130,3
DA:136,3
DA:138,3
DA:139,0
DA:140,0
DA:142,3
DA:147,3
DA:149,3
DA:153,1
DA:154,0
DA:158,14
DA:196,0
DA:198,0
DA:199,0
DA:201,0
DA:209,1
DA:224,0
DA:226,0
DA:227,0
DA:229,0
DA:236,1
DA:248,0
DA:250,0
DA:251,0
DA:253,0
DA:254,0
DA:266,1
DA:281,0
DA:283,0
DA:284,0
DA:286,0
DA:295,1
DA:305,1
DA:310,0
DA:319,0
LF:81
LH:57
BRDA:47,0,0,1
BRDA:47,0,1,2
BRDA:52,1,0,3
BRDA:52,1,1,0
BRDA:68,2,0,1
BRDA:68,2,1,2
BRDA:72,3,0,3
BRDA:72,3,1,0
BRDA:94,4,0,1
BRDA:94,4,1,3
BRDA:120,5,0,3
BRDA:120,5,1,5
BRDA:120,6,0,8
BRDA:120,6,1,5
BRDA:120,6,2,5
BRDA:120,6,3,5
BRDA:126,7,0,2
BRDA:126,7,1,3
BRDA:138,8,0,0
BRDA:138,8,1,3
BRDA:198,9,0,0
BRDA:198,9,1,0
BRDA:226,10,0,0
BRDA:226,10,1,0
BRDA:250,11,0,0
BRDA:250,11,1,0
BRDA:253,12,0,0
BRDA:253,12,1,0
BRDA:253,13,0,0
BRDA:253,13,1,0
BRDA:283,14,0,0
BRDA:283,14,1,0
BRDA:283,15,0,0
BRDA:283,15,1,0
BRF:34
BRH:17
end_of_record
TN:
SF:/Users/sijinze/Desktop/FrontEnd 3/frontend/src/Components/UploadImage.js
FN:12,(anonymous_0)
FN:22,(anonymous_1)
FN:28,(anonymous_2)
FN:34,(anonymous_3)
FN:40,(anonymous_4)
FN:41,(anonymous_5)
FN:60,(anonymous_6)
FN:62,(anonymous_7)
FN:68,(anonymous_8)
FNF:9
FNH:5
FNDA:2,(anonymous_0)
FNDA:1,(anonymous_1)
FNDA:1,(anonymous_2)
FNDA:1,(anonymous_3)
FNDA:0,(anonymous_4)
FNDA:0,(anonymous_5)
FNDA:0,(anonymous_6)
FNDA:0,(anonymous_7)
FNDA:5,(anonymous_8)
DA:13,2
DA:14,2
DA:23,1
DA:28,2
DA:29,1
DA:34,2
DA:35,1
DA:40,2
DA:41,0
DA:42,0
DA:43,0
DA:44,0
DA:45,0
DA:46,0
DA:47,0
DA:48,0
DA:50,0
DA:51,0
DA:52,0
DA:55,0
DA:56,0
DA:60,2
DA:61,0
DA:63,0
DA:69,5
DA:71,5
DA:76,5
LF:27
LH:12
BRDA:43,0,0,0
BRDA:43,0,1,0
BRDA:43,0,2,0
BRDA:43,0,3,0
BRDA:45,1,0,0
BRDA:45,1,1,0
BRDA:45,2,0,0
BRDA:45,2,1,0
BRDA:46,3,0,0
BRDA:46,3,1,0
BRDA:50,4,0,0
BRDA:50,4,1,0
BRDA:79,5,0,1
BRDA:79,5,1,4
BRDA:79,6,0,5
BRDA:79,6,1,4
BRDA:79,6,2,4
BRDA:102,7,0,4
BRDA:102,7,1,1
BRF:19
BRH:7
end_of_record
TN:
SF:/Users/sijinze/Desktop/FrontEnd 3/frontend/src/Components/Admin/AdminForm.js
FN:15,(anonymous_0)
FN:35,(anonymous_1)
FN:52,(anonymous_2)
FN:54,(anonymous_3)
FN:72,(anonymous_4)
FN:121,(anonymous_5)
FN:127,(anonymous_6)
FN:133,(anonymous_7)
FN:138,(anonymous_8)
FN:148,(anonymous_9)
FN:151,(anonymous_10)
FN:413,(anonymous_11)
FN:426,(anonymous_12)
FN:430,(anonymous_13)
FN:444,(anonymous_14)
FN:445,(anonymous_15)
FNF:16
FNH:9
FNDA:2,(anonymous_0)
FNDA:0,(anonymous_1)
FNDA:0,(anonymous_2)
FNDA:0,(anonymous_3)
FNDA:0,(anonymous_4)
FNDA:1,(anonymous_5)
FNDA:1,(anonymous_6)
FNDA:1,(anonymous_7)
FNDA:2,(anonymous_8)
FNDA:1,(anonymous_9)
FNDA:8,(anonymous_10)
FNDA:2,(anonymous_11)
FNDA:20,(anonymous_12)
FNDA:0,(anonymous_13)
FNDA:0,(anonymous_14)
FNDA:0,(anonymous_15)
DA:12,2
DA:13,2
DA:16,2
DA:17,2
DA:24,2
DA:26,2
DA:35,0
DA:53,0
DA:55,0
DA:56,0
DA:57,0
DA:59,0
DA:72,0
DA:86,2
DA:114,2
DA:121,2
DA:122,1
DA:127,2
DA:128,1
DA:133,2
DA:134,1
DA:139,2
DA:142,2
DA:143,1
DA:145,1
DA:150,2
DA:153,8
DA:179,5
DA:180,2
DA:221,3
DA:224,3
DA:225,3
DA:226,3
DA:227,3
DA:229,3
DA:230,2
DA:322,1
DA:413,2
DA:414,2
DA:415,2
DA:416,1
DA:418,1
DA:420,2
DA:422,2
DA:427,20
DA:428,20
DA:431,0
DA:434,0
DA:438,20
DA:444,0
DA:446,0
LF:51
LH:40
BRDA:55,0,0,0
BRDA:55,0,1,0
BRDA:56,1,0,0
BRDA:56,1,1,0
BRDA:142,2,0,1
BRDA:142,2,1,1
BRDA:153,3,0,3
BRDA:153,3,1,5
BRDA:179,4,0,2
BRDA:179,4,1,3
BRDA:226,5,0,3
BRDA:226,5,1,0
BRDA:226,6,0,3
BRDA:226,6,1,3
BRDA:229,7,0,2
BRDA:229,7,1,1
BRDA:415,8,0,1
BRDA:415,8,1,1
BRF:18
BRH:13
end_of_record
TN:
SF:/Users/sijinze/Desktop/FrontEnd 3/frontend/src/Components/Admin/AdminsManagementContent.js
FN:6,(anonymous_0)
FNF:1
FNH:0
FNDA:0,(anonymous_0)
DA:7,0
LF:1
LH:0
BRF:0
BRH:0
end_of_record
TN:
SF:/Users/sijinze/Desktop/FrontEnd 3/frontend/src/Components/Admin/AllQuestionsContent.js
FN:12,(anonymous_0)
FN:25,(anonymous_1)
FN:30,(anonymous_2)
FN:32,(anonymous_3)
FN:50,(anonymous_4)
FN:54,(anonymous_5)
FN:97,(anonymous_6)
FN:140,(anonymous_7)
FN:189,(anonymous_8)
FN:211,(anonymous_9)
FN:217,(anonymous_10)
FN:224,(anonymous_11)
FN:230,(anonymous_12)
FN:236,(anonymous_13)
FN:241,(anonymous_14)
FN:244,(anonymous_15)
FN:262,(anonymous_16)
FN:268,(anonymous_17)
FN:278,(anonymous_18)
FN:308,(anonymous_19)
FN:323,(anonymous_20)
FN:356,(anonymous_21)
FN:366,(anonymous_22)
FN:375,(anonymous_23)
FN:384,(anonymous_24)
FN:395,(anonymous_25)
FN:397,(anonymous_26)
FN:409,(anonymous_27)
FN:411,(anonymous_28)
FNF:29
FNH:0
FNDA:0,(anonymous_0)
FNDA:0,(anonymous_1)
FNDA:0,(anonymous_2)
FNDA:0,(anonymous_3)
FNDA:0,(anonymous_4)
FNDA:0,(anonymous_5)
FNDA:0,(anonymous_6)
FNDA:0,(anonymous_7)
FNDA:0,(anonymous_8)
FNDA:0,(anonymous_9)
FNDA:0,(anonymous_10)
FNDA:0,(anonymous_11)
FNDA:0,(anonymous_12)
FNDA:0,(anonymous_13)
FNDA:0,(anonymous_14)
FNDA:0,(anonymous_15)
FNDA:0,(anonymous_16)
FNDA:0,(anonymous_17)
FNDA:0,(anonymous_18)
FNDA:0,(anonymous_19)
FNDA:0,(anonymous_20)
FNDA:0,(anonymous_21)
FNDA:0,(anonymous_22)
FNDA:0,(anonymous_23)
FNDA:0,(anonymous_24)
FNDA:0,(anonymous_25)
FNDA:0,(anonymous_26)
FNDA:0,(anonymous_27)
FNDA:0,(anonymous_28)
DA:13,0
DA:14,0
DA:19,0
DA:21,0
DA:22,0
DA:23,0
DA:24,0
DA:26,0
DA:27,0
DA:30,0
DA:31,0
DA:32,0
DA:34,0
DA:35,0
DA:36,0
DA:37,0
DA:39,0
DA:42,0
DA:44,0
DA:45,0
DA:46,0
DA:49,0
DA:51,0
DA:54,0
DA:55,0
DA:56,0
DA:58,0
DA:59,0
DA:63,0
DA:68,0
DA:69,0
DA:71,0
DA:72,0
DA:74,0
DA:75,0
DA:78,0
DA:79,0
DA:80,0
DA:82,0
DA:84,0
DA:85,0
DA:87,0
DA:90,0
DA:93,0
DA:97,0
DA:99,0
DA:100,0
DA:101,0
DA:102,0
DA:103,0
DA:105,0
DA:106,0
DA:107,0
DA:108,0
DA:109,0
DA:123,0
DA:124,0
DA:127,0
DA:128,0
DA:129,0
DA:131,0
DA:132,0
DA:134,0
DA:135,0
DA:136,0
DA:139,0
DA:141,0
DA:144,0
DA:190,0
DA:205,0
DA:206,0
DA:211,0
DA:212,0
DA:217,0
DA:219,0
DA:224,0
DA:226,0
DA:230,0
DA:232,0
DA:236,0
DA:238,0
DA:239,0
DA:242,0
DA:243,0
DA:244,0
DA:246,0
DA:247,0
DA:249,0
DA:250,0
DA:251,0
DA:254,0
DA:256,0
DA:259,0
DA:260,0
DA:262,0
DA:263,0
DA:265,0
DA:266,0
DA:268,0
DA:269,0
DA:271,0
DA:272,0
DA:273,0
DA:278,0
DA:279,0
DA:281,0
DA:282,0
DA:283,0
DA:285,0
DA:286,0
DA:288,0
DA:289,0
DA:290,0
DA:291,0
DA:293,0
DA:295,0
DA:297,0
DA:298,0
DA:299,0
DA:301,0
DA:302,0
DA:309,0
DA:310,0
DA:311,0
DA:312,0
DA:323,0
DA:330,0
DA:331,0
DA:337,0
DA:356,0
DA:358,0
DA:359,0
DA:360,0
DA:361,0
DA:362,0
DA:366,0
DA:368,0
DA:369,0
DA:370,0
DA:372,0
DA:373,0
DA:375,0
DA:377,0
DA:378,0
DA:379,0
DA:381,0
DA:382,0
DA:385,0
DA:386,0
DA:396,0
DA:397,0
DA:398,0
DA:399,0
DA:401,0
DA:403,0
DA:410,0
DA:411,0
DA:412,0
DA:413,0
DA:415,0
DA:417,0
DA:422,0
DA:423,0
LF:163
LH:0
BRDA:34,0,0,0
BRDA:34,0,1,0
BRDA:44,1,0,0
BRDA:44,1,1,0
BRDA:58,2,0,0
BRDA:58,2,1,0
BRDA:68,3,0,0
BRDA:68,3,1,0
BRDA:71,4,0,0
BRDA:71,4,1,0
BRDA:74,5,0,0
BRDA:74,5,1,0
BRDA:78,6,0,0
BRDA:78,6,1,0
BRDA:78,7,0,0
BRDA:78,7,1,0
BRDA:79,8,0,0
BRDA:79,8,1,0
BRDA:84,9,0,0
BRDA:84,9,1,0
BRDA:90,10,0,0
BRDA:90,10,1,0
BRDA:99,11,0,0
BRDA:99,11,1,0
BRDA:100,12,0,0
BRDA:100,12,1,0
BRDA:100,13,0,0
BRDA:100,13,1,0
BRDA:108,14,0,0
BRDA:108,14,1,0
BRDA:119,15,0,0
BRDA:119,15,1,0
BRDA:119,16,0,0
BRDA:119,16,1,0
BRDA:123,17,0,0
BRDA:123,17,1,0
BRDA:128,18,0,0
BRDA:128,18,1,0
BRDA:134,19,0,0
BRDA:134,19,1,0
BRDA:246,20,0,0
BRDA:246,20,1,0
BRDA:249,21,0,0
BRDA:249,21,1,0
BRDA:254,22,0,0
BRDA:254,22,1,0
BRDA:259,23,0,0
BRDA:259,23,1,0
BRDA:265,24,0,0
BRDA:265,24,1,0
BRDA:271,25,0,0
BRDA:271,25,1,0
BRDA:281,26,0,0
BRDA:281,26,1,0
BRDA:288,27,0,0
BRDA:288,27,1,0
BRDA:291,28,0,0
BRDA:291,28,1,0
BRDA:293,29,0,0
BRDA:293,29,1,0
BRDA:295,30,0,0
BRDA:295,30,1,0
BRDA:297,31,0,0
BRDA:297,31,1,0
BRDA:309,32,0,0
BRDA:309,32,1,0
BRDA:310,33,0,0
BRDA:310,33,1,0
BRDA:310,34,0,0
BRDA:310,34,1,0
BRDA:330,35,0,0
BRDA:330,35,1,0
BRDA:330,36,0,0
BRDA:330,36,1,0
BRDA:359,37,0,0
BRDA:359,37,1,0
BRDA:368,38,0,0
BRDA:368,38,1,0
BRDA:377,39,0,0
BRDA:377,39,1,0
BRDA:377,40,0,0
BRDA:377,40,1,0
BRDA:398,41,0,0
BRDA:398,41,1,0
BRDA:412,42,0,0
BRDA:412,42,1,0
BRF:86
BRH:0
end_of_record
TN:
SF:/Users/sijinze/Desktop/FrontEnd 3/frontend/src/Components/Admin/AllUsersContent.js
FN:9,(anonymous_0)
FN:26,(anonymous_1)
FN:37,(anonymous_2)
FN:47,(anonymous_3)
FNF:4
FNH:4
FNDA:1,(anonymous_0)
FNDA:1,(anonymous_1)
FNDA:1,(anonymous_2)
FNDA:4,(anonymous_3)
DA:6,2
DA:10,1
DA:11,1
DA:16,1
DA:21,1
DA:25,1
DA:26,1
DA:28,1
DA:35,1
DA:37,1
DA:38,1
DA:40,1
DA:41,0
DA:42,1
DA:48,4
LF:15
LH:14
BRDA:40,0,0,1
BRDA:40,0,1,0
BRF:2
BRH:1
end_of_record
TN:
SF:/Users/sijinze/Desktop/FrontEnd 3/frontend/src/Components/Admin/BannedQuestionContent.js
FN:7,(anonymous_0)
FNF:1
FNH:0
FNDA:0,(anonymous_0)
DA:8,0
LF:1
LH:0
BRF:0
BRH:0
end_of_record
TN:
SF:/Users/sijinze/Desktop/FrontEnd 3/frontend/src/Components/Admin/BannedQuestionForm.js
FN:44,(anonymous_0)
FN:57,(anonymous_1)
FN:67,(anonymous_2)
FN:70,(anonymous_3)
FN:74,(anonymous_4)
FN:100,(anonymous_5)
FN:101,(anonymous_6)
FNF:7
FNH:3
FNDA:0,(anonymous_0)
FNDA:2,(anonymous_1)
FNDA:2,(anonymous_2)
FNDA:5,(anonymous_3)
FNDA:0,(anonymous_4)
FNDA:0,(anonymous_5)
FNDA:0,(anonymous_6)
DA:9,1
DA:45,0
DA:50,1
DA:51,1
DA:57,1
DA:58,2
DA:59,2
DA:60,1
DA:62,1
DA:64,2
DA:65,2
DA:71,5
DA:72,5
DA:75,0
DA:78,0
DA:81,5
DA:82,500
DA:92,5
DA:100,0
DA:102,0
LF:20
LH:15
BRDA:59,0,0,1
BRDA:59,0,1,1
BRF:2
BRH:2
end_of_record
TN:
SF:/Users/sijinze/Desktop/FrontEnd 3/frontend/src/Components/Admin/BannedUserContent.js
FN:7,(anonymous_0)
FNF:1
FNH:0
FNDA:0,(anonymous_0)
DA:8,0
LF:1
LH:0
BRF:0
BRH:0
end_of_record
TN:
SF:/Users/sijinze/Desktop/FrontEnd 3/frontend/src/Components/Admin/BannedUserForm.js
FN:21,(anonymous_0)
FN:51,(anonymous_1)
FN:117,(anonymous_2)
FN:121,(anonymous_3)
FN:288,(anonymous_4)
FN:300,(anonymous_5)
FN:304,(anonymous_6)
FN:353,(anonymous_7)
FN:354,(anonymous_8)
FNF:9
FNH:3
FNDA:0,(anonymous_0)
FNDA:0,(anonymous_1)
FNDA:0,(anonymous_2)
FNDA:6,(anonymous_3)
FNDA:2,(anonymous_4)
FNDA:14,(anonymous_5)
FNDA:0,(anonymous_6)
FNDA:0,(anonymous_7)
FNDA:0,(anonymous_8)
DA:8,2
DA:12,1
DA:21,0
DA:52,0
DA:58,1
DA:111,1
DA:123,6
DA:128,5
DA:129,2
DA:144,3
DA:147,3
DA:148,0
DA:218,3
DA:288,1
DA:289,2
DA:290,2
DA:291,1
DA:293,1
DA:295,2
DA:297,2
DA:301,14
DA:302,14
DA:305,0
DA:309,0
DA:313,14
DA:314,700
DA:329,14
DA:330,700
DA:345,14
DA:353,0
DA:355,0
LF:31
LH:24
BRDA:123,0,0,1
BRDA:123,0,1,5
BRDA:128,1,0,2
BRDA:128,1,1,3
BRDA:147,2,0,0
BRDA:147,2,1,3
BRDA:290,3,0,1
BRDA:290,3,1,1
BRF:8
BRH:7
end_of_record
TN:
SF:/Users/sijinze/Desktop/FrontEnd 3/frontend/src/Components/Admin/Canvas.js
FN:12,(anonymous_0)
FN:15,(anonymous_1)
FN:104,(anonymous_2)
FNF:3
FNH:0
FNDA:0,(anonymous_0)
FNDA:0,(anonymous_1)
FNDA:0,(anonymous_2)
DA:13,0
DA:17,0
DA:19,0
DA:105,0
LF:4
LH:0
BRF:0
BRH:0
end_of_record
TN:
SF:/Users/sijinze/Desktop/FrontEnd 3/frontend/src/Components/Admin/CommentsForm.js
FN:8,(anonymous_0)
FN:16,(anonymous_1)
FN:19,(anonymous_2)
FN:37,(anonymous_3)
FN:73,(anonymous_4)
FN:117,(anonymous_5)
FN:118,(anonymous_6)
FN:124,(anonymous_7)
FN:131,(anonymous_8)
FN:141,(anonymous_9)
FN:150,(anonymous_10)
FN:154,(anonymous_11)
FN:163,(anonymous_12)
FN:172,(anonymous_13)
FNF:14
FNH:12
FNDA:1,(anonymous_0)
FNDA:1,(anonymous_1)
FNDA:3,(anonymous_2)
FNDA:3,(anonymous_3)
FNDA:3,(anonymous_4)
FNDA:0,(anonymous_5)
FNDA:0,(anonymous_6)
FNDA:2,(anonymous_7)
FNDA:2,(anonymous_8)
FNDA:2,(anonymous_9)
FNDA:1,(anonymous_10)
FNDA:2,(anonymous_11)
FNDA:2,(anonymous_12)
FNDA:3,(anonymous_13)
DA:9,1
DA:10,1
DA:14,1
DA:15,1
DA:17,1
DA:19,1
DA:20,3
DA:21,3
DA:22,3
DA:23,3
DA:29,0
DA:37,3
DA:39,3
DA:40,0
DA:41,0
DA:42,0
DA:43,0
DA:45,0
DA:46,0
DA:47,0
DA:48,0
DA:60,0
DA:61,0
DA:62,0
DA:64,0
DA:65,0
DA:67,3
DA:68,3
DA:69,3
DA:72,3
DA:74,3
DA:77,1
DA:117,0
DA:118,0
DA:124,1
DA:126,2
DA:127,2
DA:131,2
DA:133,2
DA:134,1
DA:136,1
DA:137,1
DA:140,2
DA:142,2
DA:146,1
DA:150,1
DA:151,1
DA:154,1
DA:156,2
DA:157,1
DA:158,1
DA:160,1
DA:161,1
DA:163,1
DA:165,2
DA:166,2
DA:167,2
DA:169,0
DA:170,0
DA:173,3
DA:175,3
DA:176,3
DA:180,3
DA:181,3
LF:64
LH:46
BRDA:22,0,0,3
BRDA:22,0,1,0
BRDA:22,1,0,3
BRDA:22,1,1,2
BRDA:32,2,0,0
BRDA:32,2,1,0
BRDA:39,3,0,0
BRDA:39,3,1,3
BRDA:40,4,0,0
BRDA:40,4,1,0
BRDA:40,5,0,0
BRDA:40,5,1,0
BRDA:61,6,0,0
BRDA:61,6,1,0
BRDA:67,7,0,3
BRDA:67,7,1,0
BRDA:133,8,0,1
BRDA:133,8,1,1
BRDA:136,9,0,1
BRDA:136,9,1,0
BRDA:156,10,0,1
BRDA:156,10,1,1
BRDA:165,11,0,2
BRDA:165,11,1,0
BRDA:165,12,0,2
BRDA:165,12,1,2
BRF:26
BRH:13
end_of_record
TN:
SF:/Users/sijinze/Desktop/FrontEnd 3/frontend/src/Components/Admin/HitsSections.js
FN:131,(anonymous_0)
FN:137,(anonymous_1)
FNF:2
FNH:0
FNDA:0,(anonymous_0)
FNDA:0,(anonymous_1)
DA:4,2
DA:99,2
DA:132,0
DA:138,0
LF:4
LH:2
BRF:0
BRH:0
end_of_record
TN:
SF:/Users/sijinze/Desktop/FrontEnd 3/frontend/src/Components/Admin/SensitiveWordsContent.js
FN:10,(anonymous_0)
FNF:1
FNH:0
FNDA:0,(anonymous_0)
DA:11,0
LF:1
LH:0
BRF:0
BRH:0
end_of_record
TN:
SF:/Users/sijinze/Desktop/FrontEnd 3/frontend/src/Components/Admin/SensitiveWordsForm.js
FN:55,(anonymous_0)
FN:57,(anonymous_1)
FN:91,(anonymous_2)
FN:94,(anonymous_3)
FN:98,(anonymous_4)
FN:100,(anonymous_5)
FN:128,(anonymous_6)
FN:133,(anonymous_7)
FN:138,(anonymous_8)
FN:149,(anonymous_9)
FN:154,(anonymous_10)
FN:160,(anonymous_11)
FN:171,(anonymous_12)
FN:179,(anonymous_13)
FN:182,(anonymous_14)
FN:191,(anonymous_15)
FN:261,(anonymous_16)
FN:281,(anonymous_17)
FN:285,(anonymous_18)
FNF:19
FNH:15
FNDA:0,(anonymous_0)
FNDA:0,(anonymous_1)
FNDA:1,(anonymous_2)
FNDA:1,(anonymous_3)
FNDA:4,(anonymous_4)
FNDA:4,(anonymous_5)
FNDA:4,(anonymous_6)
FNDA:2,(anonymous_7)
FNDA:2,(anonymous_8)
FNDA:2,(anonymous_9)
FNDA:2,(anonymous_10)
FNDA:2,(anonymous_11)
FNDA:2,(anonymous_12)
FNDA:1,(anonymous_13)
FNDA:6,(anonymous_14)
FNDA:0,(anonymous_15)
FNDA:2,(anonymous_16)
FNDA:11,(anonymous_17)
FNDA:0,(anonymous_18)
DA:10,1
DA:56,0
DA:57,0
DA:66,1
DA:92,1
DA:95,1
DA:98,1
DA:99,4
DA:100,4
DA:102,4
DA:103,4
DA:104,3
DA:105,3
DA:106,1
DA:108,1
DA:109,2
DA:110,2
DA:123,1
DA:124,1
DA:125,1
DA:127,4
DA:129,4
DA:133,1
DA:134,2
DA:135,2
DA:138,2
DA:140,2
DA:141,1
DA:142,1
DA:143,1
DA:144,1
DA:145,1
DA:148,2
DA:150,2
DA:154,1
DA:156,2
DA:157,2
DA:160,2
DA:162,2
DA:163,1
DA:164,1
DA:165,1
DA:166,1
DA:167,1
DA:170,2
DA:172,2
DA:176,1
DA:179,1
DA:180,1
DA:183,6
DA:184,2
DA:191,0
DA:216,4
DA:217,1
DA:218,1
DA:252,3
DA:261,1
DA:263,2
DA:265,2
DA:267,0
DA:269,2
DA:270,0
DA:272,2
DA:275,2
DA:278,2
DA:282,11
DA:283,11
DA:287,0
DA:288,0
DA:291,0
DA:294,11
LF:71
LH:63
BRDA:103,0,0,3
BRDA:103,0,1,1
BRDA:106,1,0,1
BRDA:106,1,1,0
BRDA:140,2,0,1
BRDA:140,2,1,1
BRDA:143,3,0,1
BRDA:143,3,1,0
BRDA:162,4,0,1
BRDA:162,4,1,1
BRDA:165,5,0,1
BRDA:165,5,1,0
BRDA:183,6,0,2
BRDA:183,6,1,4
BRDA:183,7,0,6
BRDA:183,7,1,5
BRDA:216,8,0,1
BRDA:216,8,1,3
BRDA:265,9,0,0
BRDA:265,9,1,2
BRDA:269,10,0,0
BRDA:269,10,1,2
BRDA:287,11,0,0
BRDA:287,11,1,0
BRF:24
BRH:17
end_of_record
TN:
SF:/Users/sijinze/Desktop/FrontEnd 3/frontend/src/Components/Admin/Sidebar.js
FN:16,(anonymous_0)
FN:27,(anonymous_1)
FN:36,(anonymous_2)
FN:42,(anonymous_3)
FN:55,(anonymous_4)
FN:58,(anonymous_5)
FN:59,(anonymous_6)
FN:63,(anonymous_7)
FN:66,(anonymous_8)
FN:70,(anonymous_9)
FN:71,(anonymous_10)
FNF:11
FNH:11
FNDA:1,(anonymous_0)
FNDA:15,(anonymous_1)
FNDA:3,(anonymous_2)
FNDA:19,(anonymous_3)
FNDA:1,(anonymous_4)
FNDA:1,(anonymous_5)
FNDA:1,(anonymous_6)
FNDA:1,(anonymous_7)
FNDA:1,(anonymous_8)
FNDA:1,(anonymous_9)
FNDA:1,(anonymous_10)
DA:13,2
DA:14,2
DA:17,1
DA:18,1
DA:22,1
DA:29,15
DA:33,15
DA:36,1
DA:37,3
DA:43,19
DA:55,1
DA:58,1
DA:59,1
DA:63,1
DA:66,1
DA:70,1
DA:71,1
LF:17
LH:17
BRDA:47,0,0,9
BRDA:47,0,1,10
BRF:2
BRH:2
end_of_record
TN:
SF:/Users/sijinze/Desktop/FrontEnd 3/frontend/src/Components/Admin/StatisticsContent.js
FN:8,(anonymous_0)
FN:12,(anonymous_1)
FNF:2
FNH:0
FNDA:0,(anonymous_0)
FNDA:0,(anonymous_1)
DA:9,0
DA:13,0
LF:2
LH:0
BRF:0
BRH:0
end_of_record
TN:
SF:/Users/sijinze/Desktop/FrontEnd 3/frontend/src/Components/Admin/ThemeForm.js
FN:38,(anonymous_0)
FN:41,(anonymous_1)
FN:43,(anonymous_2)
FN:70,(anonymous_3)
FN:75,(anonymous_4)
FN:81,(anonymous_5)
FN:88,(anonymous_6)
FN:96,(anonymous_7)
FN:104,(anonymous_8)
FN:111,(anonymous_9)
FN:117,(anonymous_10)
FN:128,(anonymous_11)
FN:133,(anonymous_12)
FN:138,(anonymous_13)
FN:150,(anonymous_14)
FN:155,(anonymous_15)
FN:163,(anonymous_16)
FN:169,(anonymous_17)
FN:181,(anonymous_18)
FN:186,(anonymous_19)
FN:193,(anonymous_20)
FN:200,(anonymous_21)
FN:207,(anonymous_22)
FN:213,(anonymous_23)
FN:214,(anonymous_24)
FN:215,(anonymous_25)
FN:216,(anonymous_26)
FN:217,(anonymous_27)
FN:219,(anonymous_28)
FN:226,(anonymous_29)
FNF:30
FNH:19
FNDA:1,(anonymous_0)
FNDA:5,(anonymous_1)
FNDA:5,(anonymous_2)
FNDA:5,(anonymous_3)
FNDA:0,(anonymous_4)
FNDA:1,(anonymous_5)
FNDA:1,(anonymous_6)
FNDA:1,(anonymous_7)
FNDA:1,(anonymous_8)
FNDA:3,(anonymous_9)
FNDA:3,(anonymous_10)
FNDA:3,(anonymous_11)
FNDA:2,(anonymous_12)
FNDA:2,(anonymous_13)
FNDA:2,(anonymous_14)
FNDA:1,(anonymous_15)
FNDA:2,(anonymous_16)
FNDA:2,(anonymous_17)
FNDA:2,(anonymous_18)
FNDA:8,(anonymous_19)
FNDA:0,(anonymous_20)
FNDA:0,(anonymous_21)
FNDA:0,(anonymous_22)
FNDA:0,(anonymous_23)
FNDA:0,(anonymous_24)
FNDA:0,(anonymous_25)
FNDA:0,(anonymous_26)
FNDA:0,(anonymous_27)
FNDA:0,(anonymous_28)
FNDA:0,(anonymous_29)
DA:6,1
DA:11,1
DA:12,1
DA:39,1
DA:41,1
DA:42,5
DA:43,5
DA:45,5
DA:46,5
DA:48,0
DA:49,0
DA:50,0
DA:51,0
DA:52,0
DA:53,0
DA:59,0
DA:60,0
DA:67,0
DA:70,5
DA:71,5
DA:75,1
DA:76,0
DA:81,1
DA:83,1
DA:88,1
DA:90,1
DA:91,1
DA:96,1
DA:98,1
DA:104,1
DA:106,1
DA:111,1
DA:112,3
DA:113,3
DA:117,3
DA:119,3
DA:120,2
DA:121,2
DA:122,1
DA:123,1
DA:124,1
DA:127,3
DA:129,3
DA:133,1
DA:134,2
DA:135,2
DA:138,2
DA:140,2
DA:141,1
DA:142,1
DA:143,1
DA:144,1
DA:146,1
DA:149,2
DA:151,2
DA:155,1
DA:157,1
DA:163,1
DA:165,2
DA:166,2
DA:169,2
DA:171,2
DA:172,1
DA:173,1
DA:174,1
DA:175,1
DA:177,1
DA:180,2
DA:182,2
DA:187,8
DA:188,8
DA:189,8
DA:193,0
DA:200,0
DA:207,0
DA:213,0
DA:214,0
DA:215,0
DA:216,0
DA:217,0
DA:219,0
DA:223,8
DA:226,0
LF:83
LH:63
BRDA:45,0,0,5
BRDA:45,0,1,0
BRDA:48,1,0,0
BRDA:48,1,1,0
BRDA:119,2,0,2
BRDA:119,2,1,1
BRDA:122,3,0,1
BRDA:122,3,1,0
BRDA:140,4,0,1
BRDA:140,4,1,1
BRDA:143,5,0,1
BRDA:143,5,1,0
BRDA:171,6,0,1
BRDA:171,6,1,1
BRDA:174,7,0,1
BRDA:174,7,1,0
BRDA:188,8,0,8
BRDA:188,8,1,8
BRDA:194,9,0,8
BRDA:194,9,1,0
BRDA:201,10,0,8
BRDA:201,10,1,0
BRDA:208,11,0,8
BRDA:208,11,1,0
BRDA:213,12,0,0
BRDA:213,12,1,0
BRDA:213,13,0,0
BRDA:213,13,1,0
BRDA:213,13,2,0
BRF:29
BRH:15
end_of_record
TN:
SF:/Users/sijinze/Desktop/FrontEnd 3/frontend/src/Components/Admin/ThemesManagementContent.js
FN:8,(anonymous_0)
FNF:1
FNH:0
FNDA:0,(anonymous_0)
DA:9,0
LF:1
LH:0
BRF:0
BRH:0
end_of_record
TN:
SF:/Users/sijinze/Desktop/FrontEnd 3/frontend/src/Components/Admin/UserForm.js
FN:16,(anonymous_0)
FN:30,(anonymous_1)
FN:59,(anonymous_2)
FN:79,(anonymous_3)
FN:99,(anonymous_4)
FN:136,(anonymous_5)
FN:141,(anonymous_6)
FN:164,(anonymous_7)
FN:174,(anonymous_8)
FN:212,(anonymous_9)
FN:217,(anonymous_10)
FN:223,(anonymous_11)
FN:230,(anonymous_12)
FN:236,(anonymous_13)
FN:240,(anonymous_14)
FN:265,(anonymous_15)
FN:281,(anonymous_16)
FN:286,(anonymous_17)
FN:292,(anonymous_18)
FN:298,(anonymous_19)
FN:304,(anonymous_20)
FN:312,(anonymous_21)
FN:319,(anonymous_22)
FN:346,(anonymous_23)
FN:379,(anonymous_24)
FN:381,(anonymous_25)
FN:383,(anonymous_26)
FN:384,(anonymous_27)
FN:401,(anonymous_28)
FN:413,(anonymous_29)
FN:427,(anonymous_30)
FN:430,(anonymous_31)
FN:439,(anonymous_32)
FN:448,(anonymous_33)
FN:452,(anonymous_34)
FN:466,(anonymous_35)
FN:467,(anonymous_36)
FNF:37
FNH:20
FNDA:7,(anonymous_0)
FNDA:0,(anonymous_1)
FNDA:0,(anonymous_2)
FNDA:7,(anonymous_3)
FNDA:5,(anonymous_4)
FNDA:5,(anonymous_5)
FNDA:1,(anonymous_6)
FNDA:14,(anonymous_7)
FNDA:13,(anonymous_8)
FNDA:13,(anonymous_9)
FNDA:1,(anonymous_10)
FNDA:1,(anonymous_11)
FNDA:1,(anonymous_12)
FNDA:0,(anonymous_13)
FNDA:5,(anonymous_14)
FNDA:3,(anonymous_15)
FNDA:3,(anonymous_16)
FNDA:4,(anonymous_17)
FNDA:0,(anonymous_18)
FNDA:0,(anonymous_19)
FNDA:0,(anonymous_20)
FNDA:0,(anonymous_21)
FNDA:0,(anonymous_22)
FNDA:9,(anonymous_23)
FNDA:0,(anonymous_24)
FNDA:0,(anonymous_25)
FNDA:0,(anonymous_26)
FNDA:0,(anonymous_27)
FNDA:0,(anonymous_28)
FNDA:0,(anonymous_29)
FNDA:7,(anonymous_30)
FNDA:4,(anonymous_31)
FNDA:5,(anonymous_32)
FNDA:47,(anonymous_33)
FNDA:0,(anonymous_34)
FNDA:0,(anonymous_35)
FNDA:0,(anonymous_36)
DA:13,2
DA:14,2
DA:17,7
DA:18,7
DA:21,7
DA:30,0
DA:59,0
DA:71,7
DA:72,7
DA:79,7
DA:80,7
DA:82,7
DA:83,7
DA:84,7
DA:85,1
DA:87,6
DA:88,1
DA:90,5
DA:91,1
DA:93,4
DA:96,2
DA:98,5
DA:99,5
DA:100,5
DA:101,5
DA:102,2
DA:103,1
DA:104,1
DA:107,1
DA:108,1
DA:110,2
DA:112,3
DA:113,3
DA:114,12
DA:115,12
DA:126,3
DA:127,3
DA:128,3
DA:130,0
DA:131,0
DA:132,0
DA:135,5
DA:137,5
DA:140,7
DA:143,1
DA:144,1
DA:150,1
DA:151,1
DA:153,1
DA:154,1
DA:156,1
DA:157,1
DA:159,1
DA:161,1
DA:164,7
DA:166,14
DA:167,1
DA:168,1
DA:170,13
DA:171,13
DA:174,13
DA:176,13
DA:177,12
DA:178,1
DA:179,0
DA:180,0
DA:183,1
DA:184,1
DA:186,1
DA:188,11
DA:189,11
DA:190,63
DA:191,63
DA:202,11
DA:203,11
DA:204,11
DA:206,1
DA:207,0
DA:208,0
DA:211,13
DA:213,13
DA:217,7
DA:218,1
DA:223,7
DA:225,1
DA:230,7
DA:232,1
DA:240,7
DA:241,5
DA:242,5
DA:245,5
DA:246,5
DA:248,2
DA:249,3
DA:250,1
DA:251,2
DA:252,1
DA:253,1
DA:255,0
DA:259,1
DA:260,1
DA:262,3
DA:263,6
DA:265,3
DA:267,3
DA:268,2
DA:269,4
DA:271,2
DA:272,2
DA:273,2
DA:275,1
DA:276,1
DA:277,1
DA:280,3
DA:282,3
DA:286,7
DA:287,4
DA:290,4
DA:292,7
DA:293,0
DA:298,7
DA:299,0
DA:304,7
DA:310,7
DA:312,0
DA:319,0
DA:322,7
DA:348,9
DA:355,8
DA:356,2
DA:366,6
DA:371,6
DA:372,1
DA:379,0
DA:381,0
DA:383,0
DA:384,0
DA:393,5
DA:401,0
DA:413,7
DA:414,0
DA:416,0
DA:417,0
DA:419,0
DA:421,0
DA:423,0
DA:426,7
DA:428,7
DA:430,7
DA:432,4
DA:433,2
DA:434,2
DA:436,2
DA:437,2
DA:439,7
DA:441,5
DA:442,1
DA:443,1
DA:445,4
DA:446,4
DA:449,47
DA:450,47
DA:453,0
DA:456,0
DA:459,47
DA:460,47
DA:466,0
DA:468,0
LF:168
LH:139
BRDA:84,0,0,1
BRDA:84,0,1,6
BRDA:87,1,0,1
BRDA:87,1,1,5
BRDA:90,2,0,1
BRDA:90,2,1,4
BRDA:93,3,0,2
BRDA:93,3,1,2
BRDA:93,4,0,4
BRDA:93,4,1,2
BRDA:100,5,0,5
BRDA:100,5,1,0
BRDA:101,6,0,2
BRDA:101,6,1,3
BRDA:102,7,0,1
BRDA:102,7,1,1
BRDA:122,8,0,3
BRDA:122,8,1,9
BRDA:123,9,0,12
BRDA:123,9,1,0
BRDA:130,10,0,0
BRDA:130,10,1,0
BRDA:150,11,0,1
BRDA:150,11,1,0
BRDA:153,12,0,1
BRDA:153,12,1,0
BRDA:156,13,0,1
BRDA:156,13,1,0
BRDA:166,14,0,1
BRDA:166,14,1,13
BRDA:176,15,0,12
BRDA:176,15,1,1
BRDA:177,16,0,1
BRDA:177,16,1,11
BRDA:178,17,0,0
BRDA:178,17,1,1
BRDA:198,18,0,11
BRDA:198,18,1,52
BRDA:199,19,0,63
BRDA:199,19,1,0
BRDA:206,20,0,0
BRDA:206,20,1,1
BRDA:245,21,0,0
BRDA:245,21,1,5
BRDA:246,22,0,2
BRDA:246,22,1,3
BRDA:249,23,0,1
BRDA:249,23,1,2
BRDA:251,24,0,1
BRDA:251,24,1,1
BRDA:253,25,0,0
BRDA:253,25,1,1
BRDA:267,26,0,2
BRDA:267,26,1,1
BRDA:269,27,0,2
BRDA:269,27,1,2
BRDA:275,28,0,1
BRDA:275,28,1,0
BRDA:348,29,0,1
BRDA:348,29,1,8
BRDA:355,30,0,2
BRDA:355,30,1,6
BRDA:371,31,0,1
BRDA:371,31,1,5
BRDA:416,32,0,0
BRDA:416,32,1,0
BRDA:432,33,0,2
BRDA:432,33,1,2
BRDA:441,34,0,1
BRDA:441,34,1,4
BRDA:441,35,0,5
BRDA:441,35,1,2
BRDA:441,35,2,1
BRF:73
BRH:58
end_of_record
TN:
SF:/Users/sijinze/Desktop/FrontEnd 3/frontend/src/Components/MainPage/Classification.js
FN:15,(anonymous_0)
FN:22,(anonymous_1)
FN:27,(anonymous_2)
FN:40,(anonymous_3)
FN:43,(anonymous_4)
FN:56,(anonymous_5)
FN:57,(anonymous_6)
FNF:7
FNH:5
FNDA:1,(anonymous_0)
FNDA:3,(anonymous_1)
FNDA:3,(anonymous_2)
FNDA:1,(anonymous_3)
FNDA:3,(anonymous_4)
FNDA:0,(anonymous_5)
FNDA:0,(anonymous_6)
DA:16,1
DA:17,1
DA:24,3
DA:25,3
DA:26,3
DA:29,3
DA:30,2
DA:34,1
DA:40,1
DA:41,1
DA:45,3
DA:57,0
LF:12
LH:11
BRDA:29,0,0,2
BRDA:29,0,1,1
BRF:2
BRH:2
end_of_record
TN:
SF:/Users/sijinze/Desktop/FrontEnd 3/frontend/src/Components/MainPage/FeaturedQuestions.js
FN:13,(anonymous_0)
FN:20,(anonymous_1)
FN:29,(anonymous_2)
FN:43,(anonymous_3)
FNF:4
FNH:3
FNDA:1,(anonymous_0)
FNDA:2,(anonymous_1)
FNDA:2,(anonymous_2)
FNDA:0,(anonymous_3)
DA:14,1
DA:15,1
DA:21,2
DA:23,2
DA:31,2
DA:44,0
LF:6
LH:5
BRDA:35,0,0,0
BRDA:35,0,1,2
BRF:2
BRH:1
end_of_record
TN:
SF:/Users/sijinze/Desktop/FrontEnd 3/frontend/src/Components/MainPage/LatestQuestions.js
FN:14,(anonymous_0)
FN:20,(anonymous_1)
FN:30,(anonymous_2)
FN:43,(anonymous_3)
FNF:4
FNH:3
FNDA:1,(anonymous_0)
FNDA:2,(anonymous_1)
FNDA:2,(anonymous_2)
FNDA:0,(anonymous_3)
DA:15,1
DA:16,1
DA:21,2
DA:23,2
DA:31,2
DA:44,0
LF:6
LH:5
BRDA:35,0,0,0
BRDA:35,0,1,2
BRF:2
BRH:1
end_of_record
TN:
SF:/Users/sijinze/Desktop/FrontEnd 3/frontend/src/Components/MainPage/PersonCard.js
FN:11,(anonymous_0)
FN:17,(anonymous_1)
FNF:2
FNH:2
FNDA:1,(anonymous_0)
FNDA:1,(anonymous_1)
DA:12,1
DA:18,1
LF:2
LH:2
BRF:0
BRH:0
end_of_record
TN:
SF:/Users/sijinze/Desktop/FrontEnd 3/frontend/src/Components/MainPage/QuestionListItem.js
FN:18,(anonymous_0)
FN:30,(anonymous_1)
FN:48,(anonymous_2)
FN:66,(anonymous_3)
FN:84,(anonymous_4)
FN:91,(anonymous_5)
FN:97,(anonymous_6)
FN:100,(anonymous_7)
FN:108,(anonymous_8)
FN:123,(anonymous_9)
FN:127,(anonymous_10)
FN:128,(anonymous_11)
FNF:12
FNH:12
FNDA:1,(anonymous_0)
FNDA:3,(anonymous_1)
FNDA:3,(anonymous_2)
FNDA:3,(anonymous_3)
FNDA:3,(anonymous_4)
FNDA:3,(anonymous_5)
FNDA:1,(anonymous_6)
FNDA:2,(anonymous_7)
FNDA:2,(anonymous_8)
FNDA:1,(anonymous_9)
FNDA:10,(anonymous_10)
FNDA:10,(anonymous_11)
DA:14,6
DA:19,1
DA:20,1
DA:31,3
DA:32,3
DA:33,3
DA:34,3
DA:37,3
DA:43,3
DA:44,3
DA:47,3
DA:50,3
DA:51,2
DA:55,1
DA:60,3
DA:61,3
DA:65,3
DA:68,3
DA:69,2
DA:74,1
DA:80,3
DA:81,3
DA:84,3
DA:85,3
DA:86,2
DA:87,2
DA:90,3
DA:92,3
DA:97,1
DA:98,1
DA:100,1
DA:101,2
DA:102,2
DA:107,2
DA:111,2
DA:112,1
DA:117,1
DA:123,1
DA:124,1
DA:128,10
DA:130,10
LF:41
LH:41
BRDA:50,0,0,2
BRDA:50,0,1,1
BRDA:68,1,0,2
BRDA:68,1,1,1
BRDA:85,2,0,2
BRDA:85,2,1,1
BRDA:86,3,0,2
BRDA:86,3,1,0
BRDA:111,4,0,1
BRDA:111,4,1,1
BRDA:114,5,0,0
BRDA:114,5,1,1
BRDA:128,6,0,2
BRDA:128,6,1,8
BRDA:128,7,0,10
BRDA:128,7,1,6
BRDA:137,8,0,2
BRDA:137,8,1,8
BRDA:137,9,0,10
BRDA:137,9,1,8
BRDA:141,10,0,0
BRDA:141,10,1,10
BRDA:161,11,0,2
BRDA:161,11,1,8
BRF:24
BRH:21
end_of_record
TN:
SF:/Users/sijinze/Desktop/FrontEnd 3/frontend/src/Components/MainPage/SearchBar.js
FN:13,(anonymous_0)
FN:19,(anonymous_1)
FN:25,(anonymous_2)
FN:30,(anonymous_3)
FN:42,(anonymous_4)
FN:43,(anonymous_5)
FNF:6
FNH:6
FNDA:1,(anonymous_0)
FNDA:2,(anonymous_1)
FNDA:2,(anonymous_2)
FNDA:3,(anonymous_3)
FNDA:1,(anonymous_4)
FNDA:1,(anonymous_5)
DA:14,1
DA:15,1
DA:19,1
DA:20,2
DA:21,2
DA:25,1
DA:26,2
DA:31,3
DA:42,1
DA:43,1
LF:10
LH:10
BRDA:34,0,0,0
BRDA:34,0,1,3
BRF:2
BRH:1
end_of_record
TN:
SF:/Users/sijinze/Desktop/FrontEnd 3/frontend/src/Components/PersonPage/QuestionItem.js
FN:10,(anonymous_0)
FN:21,(anonymous_1)
FN:31,(anonymous_2)
FN:35,(anonymous_3)
FN:41,(anonymous_4)
FN:47,(anonymous_5)
FN:60,(anonymous_6)
FN:65,(anonymous_7)
FNF:8
FNH:8
FNDA:2,(anonymous_0)
FNDA:1,(anonymous_1)
FNDA:1,(anonymous_2)
FNDA:1,(anonymous_3)
FNDA:3,(anonymous_4)
FNDA:3,(anonymous_5)
FNDA:3,(anonymous_6)
FNDA:3,(anonymous_7)
DA:11,2
DA:12,2
DA:22,1
DA:31,2
DA:32,1
DA:35,2
DA:37,1
DA:38,1
DA:41,2
DA:42,3
DA:43,3
DA:47,3
DA:48,3
DA:49,1
DA:51,3
DA:52,1
DA:54,3
DA:55,1
DA:56,1
DA:59,3
DA:61,3
DA:66,3
LF:22
LH:22
BRDA:48,0,0,1
BRDA:48,0,1,2
BRDA:51,1,0,1
BRDA:51,1,1,2
BRDA:54,2,0,1
BRDA:54,2,1,2
BRDA:70,3,0,3
BRDA:70,3,1,1
BRF:8
BRH:8
end_of_record
TN:
SF:/Users/sijinze/Desktop/FrontEnd 3/frontend/src/Components/PersonPage/UsersItem.js
FN:9,(anonymous_0)
FN:21,(anonymous_1)
FN:26,(anonymous_2)
FNF:3
FNH:3
FNDA:2,(anonymous_0)
FNDA:2,(anonymous_1)
FNDA:2,(anonymous_2)
DA:10,2
DA:11,2
DA:21,2
DA:22,2
DA:23,2
DA:27,2
LF:6
LH:6
BRDA:31,0,0,1
BRDA:31,0,1,1
BRDA:31,1,0,2
BRDA:31,1,1,1
BRDA:35,2,0,1
BRDA:35,2,1,1
BRF:6
BRH:6
end_of_record
TN:
SF:/Users/sijinze/Desktop/FrontEnd 3/frontend/src/SubViews/PersonPage/EditInformation.js
FN:14,(anonymous_0)
FN:34,(anonymous_1)
FN:46,(anonymous_2)
FN:47,(anonymous_3)
FN:48,(anonymous_4)
FN:49,(anonymous_5)
FN:50,(anonymous_6)
FN:51,(anonymous_7)
FN:52,(anonymous_8)
FN:54,(anonymous_9)
FN:66,(anonymous_10)
FN:87,(anonymous_11)
FN:93,(anonymous_12)
FNF:13
FNH:13
FNDA:1,(anonymous_0)
FNDA:1,(anonymous_1)
FNDA:1,(anonymous_2)
FNDA:1,(anonymous_3)
FNDA:1,(anonymous_4)
FNDA:1,(anonymous_5)
FNDA:1,(anonymous_6)
FNDA:1,(anonymous_7)
FNDA:1,(anonymous_8)
FNDA:3,(anonymous_9)
FNDA:3,(anonymous_10)
FNDA:3,(anonymous_11)
FNDA:9,(anonymous_12)
DA:10,2
DA:11,2
DA:15,1
DA:16,1
DA:35,1
DA:46,1
DA:47,1
DA:48,1
DA:49,1
DA:50,1
DA:51,1
DA:52,1
DA:54,1
DA:55,3
DA:56,3
DA:66,3
DA:67,3
DA:68,1
DA:69,1
DA:78,3
DA:79,1
DA:81,3
DA:82,1
DA:83,1
DA:86,3
DA:88,3
DA:94,9
DA:95,9
DA:96,909
DA:98,9
LF:30
LH:30
BRDA:58,0,0,3
BRDA:58,0,1,0
BRDA:59,1,0,3
BRDA:59,1,1,0
BRDA:60,2,0,3
BRDA:60,2,1,0
BRDA:61,3,0,3
BRDA:61,3,1,0
BRDA:62,4,0,3
BRDA:62,4,1,0
BRDA:63,5,0,3
BRDA:63,5,1,0
BRDA:64,6,0,3
BRDA:64,6,1,0
BRDA:67,7,0,1
BRDA:67,7,1,2
BRDA:78,8,0,1
BRDA:78,8,1,2
BRDA:81,9,0,1
BRDA:81,9,1,2
BRDA:130,10,0,9
BRDA:130,10,1,0
BRF:22
BRH:14
end_of_record
TN:
SF:/Users/sijinze/Desktop/FrontEnd 3/frontend/src/SubViews/PersonPage/Follower.js
FN:11,(anonymous_0)
FN:21,(anonymous_1)
FN:25,(anonymous_2)
FN:31,(anonymous_3)
FN:36,(anonymous_4)
FN:51,(anonymous_5)
FN:58,(anonymous_6)
FN:63,(anonymous_7)
FN:67,(anonymous_8)
FN:80,(anonymous_9)
FN:86,(anonymous_10)
FNF:11
FNH:11
FNDA:1,(anonymous_0)
FNDA:1,(anonymous_1)
FNDA:1,(anonymous_2)
FNDA:4,(anonymous_3)
FNDA:4,(anonymous_4)
FNDA:4,(anonymous_5)
FNDA:5,(anonymous_6)
FNDA:5,(anonymous_7)
FNDA:3,(anonymous_8)
FNDA:5,(anonymous_9)
FNDA:5,(anonymous_10)
DA:12,1
DA:13,1
DA:22,1
DA:26,1
DA:31,1
DA:32,4
DA:33,4
DA:36,4
DA:37,4
DA:39,2
DA:40,2
DA:42,4
DA:43,1
DA:45,4
DA:46,1
DA:47,1
DA:50,4
DA:52,4
DA:58,1
DA:59,5
DA:60,5
DA:63,5
DA:64,5
DA:65,3
DA:67,3
DA:71,5
DA:72,1
DA:74,5
DA:75,1
DA:76,1
DA:79,5
DA:81,5
DA:87,5
LF:33
LH:33
BRDA:37,0,0,2
BRDA:37,0,1,2
BRDA:42,1,0,1
BRDA:42,1,1,3
BRDA:45,2,0,1
BRDA:45,2,1,3
BRDA:64,3,0,3
BRDA:64,3,1,2
BRDA:71,4,0,1
BRDA:71,4,1,4
BRDA:74,5,0,1
BRDA:74,5,1,4
BRDA:94,6,0,4
BRDA:94,6,1,1
BRF:14
BRH:14
end_of_record
TN:
SF:/Users/sijinze/Desktop/FrontEnd 3/frontend/src/SubViews/PersonPage/Following.js
FN:11,(anonymous_0)
FN:21,(anonymous_1)
FN:25,(anonymous_2)
FN:31,(anonymous_3)
FN:36,(anonymous_4)
FN:50,(anonymous_5)
FN:56,(anonymous_6)
FN:61,(anonymous_7)
FN:65,(anonymous_8)
FN:78,(anonymous_9)
FN:84,(anonymous_10)
FNF:11
FNH:11
FNDA:1,(anonymous_0)
FNDA:1,(anonymous_1)
FNDA:1,(anonymous_2)
FNDA:4,(anonymous_3)
FNDA:4,(anonymous_4)
FNDA:4,(anonymous_5)
FNDA:5,(anonymous_6)
FNDA:5,(anonymous_7)
FNDA:3,(anonymous_8)
FNDA:5,(anonymous_9)
FNDA:5,(anonymous_10)
DA:12,1
DA:13,1
DA:22,1
DA:26,1
DA:31,1
DA:32,4
DA:33,4
DA:36,4
DA:37,4
DA:38,2
DA:39,2
DA:41,4
DA:42,1
DA:44,4
DA:45,1
DA:46,1
DA:49,4
DA:51,4
DA:56,1
DA:57,5
DA:58,5
DA:61,5
DA:62,5
DA:63,3
DA:65,3
DA:69,5
DA:70,1
DA:72,5
DA:73,1
DA:74,1
DA:77,5
DA:79,5
DA:85,5
LF:33
LH:33
BRDA:37,0,0,2
BRDA:37,0,1,2
BRDA:41,1,0,1
BRDA:41,1,1,3
BRDA:44,2,0,1
BRDA:44,2,1,3
BRDA:62,3,0,3
BRDA:62,3,1,2
BRDA:69,4,0,1
BRDA:69,4,1,4
BRDA:72,5,0,1
BRDA:72,5,1,4
BRDA:92,6,0,4
BRDA:92,6,1,1
BRF:14
BRH:14
end_of_record
TN:
SF:/Users/sijinze/Desktop/FrontEnd 3/frontend/src/SubViews/PersonPage/Information.js
FN:7,(anonymous_0)
FN:14,(anonymous_1)
FN:20,(anonymous_2)
FNF:3
FNH:3
FNDA:1,(anonymous_0)
FNDA:1,(anonymous_1)
FNDA:2,(anonymous_2)
DA:8,1
DA:9,1
DA:15,1
DA:21,2
LF:4
LH:4
BRF:0
BRH:0
end_of_record
TN:
SF:/Users/sijinze/Desktop/FrontEnd 3/frontend/src/SubViews/PersonPage/QuestionAnswered.js
FN:11,(anonymous_0)
FN:21,(anonymous_1)
FN:25,(anonymous_2)
FN:31,(anonymous_3)
FN:37,(anonymous_4)
FN:51,(anonymous_5)
FN:57,(anonymous_6)
FN:62,(anonymous_7)
FN:70,(anonymous_8)
FN:77,(anonymous_9)
FN:90,(anonymous_10)
FN:96,(anonymous_11)
FNF:12
FNH:12
FNDA:1,(anonymous_0)
FNDA:1,(anonymous_1)
FNDA:1,(anonymous_2)
FNDA:5,(anonymous_3)
FNDA:5,(anonymous_4)
FNDA:5,(anonymous_5)
FNDA:1,(anonymous_6)
FNDA:5,(anonymous_7)
FNDA:5,(anonymous_8)
FNDA:3,(anonymous_9)
FNDA:5,(anonymous_10)
FNDA:5,(anonymous_11)
DA:12,1
DA:13,1
DA:22,1
DA:26,1
DA:31,1
DA:32,5
DA:33,5
DA:37,5
DA:38,5
DA:39,2
DA:40,2
DA:42,5
DA:43,1
DA:45,5
DA:46,2
DA:47,2
DA:50,5
DA:52,5
DA:57,1
DA:58,1
DA:59,1
DA:62,1
DA:63,5
DA:64,5
DA:65,5
DA:66,4
DA:67,5
DA:70,5
DA:71,5
DA:72,3
DA:73,3
DA:74,3
DA:75,3
DA:77,3
DA:81,5
DA:82,1
DA:84,5
DA:85,1
DA:86,1
DA:89,5
DA:91,5
DA:98,5
LF:42
LH:42
BRDA:38,0,0,2
BRDA:38,0,1,3
BRDA:42,1,0,1
BRDA:42,1,1,4
BRDA:45,2,0,2
BRDA:45,2,1,3
BRDA:71,3,0,3
BRDA:71,3,1,2
BRDA:81,4,0,1
BRDA:81,4,1,4
BRDA:84,5,0,1
BRDA:84,5,1,4
BRDA:105,6,0,4
BRDA:105,6,1,1
BRF:14
BRH:14
end_of_record
TN:
SF:/Users/sijinze/Desktop/FrontEnd 3/frontend/src/SubViews/PersonPage/QuestionCollected.js
FN:11,(anonymous_0)
FN:21,(anonymous_1)
FN:25,(anonymous_2)
FN:31,(anonymous_3)
FN:37,(anonymous_4)
FN:51,(anonymous_5)
FN:57,(anonymous_6)
FN:62,(anonymous_7)
FN:70,(anonymous_8)
FN:77,(anonymous_9)
FN:90,(anonymous_10)
FN:96,(anonymous_11)
FNF:12
FNH:12
FNDA:1,(anonymous_0)
FNDA:1,(anonymous_1)
FNDA:1,(anonymous_2)
FNDA:5,(anonymous_3)
FNDA:5,(anonymous_4)
FNDA:5,(anonymous_5)
FNDA:1,(anonymous_6)
FNDA:5,(anonymous_7)
FNDA:5,(anonymous_8)
FNDA:3,(anonymous_9)
FNDA:5,(anonymous_10)
FNDA:5,(anonymous_11)
DA:12,1
DA:13,1
DA:22,1
DA:26,1
DA:31,1
DA:32,5
DA:33,5
DA:37,5
DA:38,5
DA:39,2
DA:40,2
DA:42,5
DA:43,1
DA:45,5
DA:46,2
DA:47,2
DA:50,5
DA:52,5
DA:57,1
DA:58,1
DA:59,1
DA:62,1
DA:63,5
DA:64,5
DA:65,5
DA:66,4
DA:67,5
DA:70,5
DA:71,5
DA:72,3
DA:73,3
DA:74,3
DA:75,3
DA:77,3
DA:81,5
DA:82,1
DA:84,5
DA:85,1
DA:86,1
DA:89,5
DA:91,5
DA:97,5
LF:42
LH:42
BRDA:38,0,0,2
BRDA:38,0,1,3
BRDA:42,1,0,1
BRDA:42,1,1,4
BRDA:45,2,0,2
BRDA:45,2,1,3
BRDA:71,3,0,3
BRDA:71,3,1,2
BRDA:81,4,0,1
BRDA:81,4,1,4
BRDA:84,5,0,1
BRDA:84,5,1,4
BRDA:104,6,0,4
BRDA:104,6,1,1
BRF:14
BRH:14
end_of_record
TN:
SF:/Users/sijinze/Desktop/FrontEnd 3/frontend/src/SubViews/PersonPage/QuestionRaised.js
FN:11,(anonymous_0)
FN:20,(anonymous_1)
FN:24,(anonymous_2)
FN:31,(anonymous_3)
FN:37,(anonymous_4)
FN:50,(anonymous_5)
FN:56,(anonymous_6)
FN:61,(anonymous_7)
FN:62,(anonymous_8)
FNF:9
FNH:9
FNDA:1,(anonymous_0)
FNDA:1,(anonymous_1)
FNDA:1,(anonymous_2)
FNDA:5,(anonymous_3)
FNDA:5,(anonymous_4)
FNDA:5,(anonymous_5)
FNDA:1,(anonymous_6)
FNDA:4,(anonymous_7)
FNDA:3,(anonymous_8)
DA:12,1
DA:13,1
DA:21,1
DA:25,1
DA:31,1
DA:32,5
DA:33,5
DA:37,5
DA:38,5
DA:39,2
DA:41,5
DA:42,1
DA:44,5
DA:45,2
DA:46,2
DA:49,5
DA:51,5
DA:56,1
DA:57,1
DA:58,1
DA:62,4
DA:64,4
LF:22
LH:22
BRDA:38,0,0,2
BRDA:38,0,1,3
BRDA:41,1,0,1
BRDA:41,1,1,4
BRDA:44,2,0,2
BRDA:44,2,1,3
BRDA:71,3,0,3
BRDA:71,3,1,1
BRF:8
BRH:8
end_of_record
TN:
SF:/Users/sijinze/Desktop/FrontEnd 3/frontend/src/Utils/Ajax.js
FN:1,(anonymous_0)
FN:14,(anonymous_1)
FN:17,(anonymous_2)
FN:28,(anonymous_3)
FN:31,(anonymous_4)
FN:43,(anonymous_5)
FN:46,(anonymous_6)
FN:69,(anonymous_7)
FN:72,(anonymous_8)
FN:84,(anonymous_9)
FNF:10
FNH:0
FNDA:0,(anonymous_0)
FNDA:0,(anonymous_1)
FNDA:0,(anonymous_2)
FNDA:0,(anonymous_3)
FNDA:0,(anonymous_4)
FNDA:0,(anonymous_5)
FNDA:0,(anonymous_6)
FNDA:0,(anonymous_7)
FNDA:0,(anonymous_8)
FNDA:0,(anonymous_9)
DA:1,1
DA:3,0
DA:12,0
DA:14,0
DA:17,1
DA:19,0
DA:28,0
DA:31,1
DA:33,0
DA:43,0
DA:46,1
DA:48,0
DA:49,0
DA:50,0
DA:58,0
DA:59,0
DA:60,0
DA:61,0
DA:62,0
DA:63,0
DA:64,0
DA:65,0
DA:66,0
DA:69,0
DA:72,1
DA:74,0
DA:84,0
LF:27
LH:5
BRDA:58,0,0,0
BRDA:58,0,1,0
BRDA:65,1,0,0
BRDA:65,1,1,0
BRF:4
BRH:0
end_of_record
TN:
SF:/Users/sijinze/Desktop/FrontEnd 3/frontend/src/Utils/History.js
FNF:0
FNH:0
DA:3,23
LF:1
LH:1
BRF:0
BRH:0
end_of_record
TN:
SF:/Users/sijinze/Desktop/FrontEnd 3/frontend/src/Utils/Tool.js
FN:6,(anonymous_0)
FN:13,(anonymous_1)
FN:32,(anonymous_2)
FN:33,(anonymous_3)
FN:39,(anonymous_4)
FN:43,(anonymous_5)
FN:83,(anonymous_6)
FN:96,(anonymous_7)
FN:117,(anonymous_8)
FNF:9
FNH:0
FNDA:0,(anonymous_0)
FNDA:0,(anonymous_1)
FNDA:0,(anonymous_2)
FNDA:0,(anonymous_3)
FNDA:0,(anonymous_4)
FNDA:0,(anonymous_5)
FNDA:0,(anonymous_6)
FNDA:0,(anonymous_7)
FNDA:0,(anonymous_8)
DA:6,8
DA:7,0
DA:9,0
DA:11,0
DA:13,8
DA:14,0
DA:16,0
DA:19,0
DA:22,0
DA:25,0
DA:27,0
DA:29,0
DA:32,8
DA:35,0
DA:36,0
DA:37,0
DA:39,0
DA:40,0
DA:43,0
DA:47,0
DA:48,0
DA:51,0
DA:52,0
DA:55,0
DA:56,0
DA:58,0
DA:59,0
DA:61,0
DA:62,0
DA:64,0
DA:65,0
DA:67,0
DA:68,0
DA:72,0
DA:73,0
DA:75,0
DA:77,0
DA:79,0
DA:83,0
DA:85,0
DA:86,0
DA:87,0
DA:94,0
DA:95,0
DA:96,0
DA:97,0
DA:98,0
DA:99,0
DA:100,0
DA:101,0
DA:108,0
DA:109,0
DA:111,0
DA:112,0
DA:113,0
DA:116,0
DA:118,0
LF:57
LH:3
BRDA:14,0,0,0
BRDA:14,0,1,0
BRDA:14,0,2,0
BRDA:14,0,3,0
BRDA:14,0,4,0
BRDA:61,1,0,0
BRDA:61,1,1,0
BRDA:61,2,0,0
BRDA:61,2,1,0
BRDA:62,3,0,0
BRDA:62,3,1,0
BRDA:98,4,0,0
BRDA:98,4,1,0
BRDA:108,5,0,0
BRDA:108,5,1,0
BRDA:111,6,0,0
BRDA:111,6,1,0
BRF:17
BRH:0
end_of_record
TN:
SF:/Users/sijinze/Desktop/FrontEnd 3/frontend/src/Views/Admin.js
FN:19,(anonymous_0)
FN:35,(anonymous_1)
FN:77,(anonymous_2)
FNF:3
FNH:3
FNDA:1,(anonymous_0)
FNDA:8,(anonymous_1)
FNDA:13,(anonymous_2)
DA:20,1
DA:21,1
DA:22,1
DA:23,1
DA:25,1
DA:30,1
DA:35,1
DA:37,8
DA:39,7
DA:41,0
DA:42,0
DA:44,1
DA:45,1
DA:47,1
DA:48,1
DA:51,0
DA:52,0
DA:54,0
DA:55,0
DA:57,1
DA:58,1
DA:60,1
DA:61,1
DA:63,1
DA:64,1
DA:66,1
DA:67,1
DA:69,1
DA:71,6
DA:78,13
LF:30
LH:24
BRDA:21,0,0,1
BRDA:21,0,1,0
BRDA:37,1,0,7
BRDA:37,1,1,1
BRDA:39,2,0,0
BRDA:39,2,1,1
BRDA:39,2,2,1
BRDA:39,2,3,0
BRDA:39,2,4,0
BRDA:39,2,5,1
BRDA:39,2,6,1
BRDA:39,2,7,1
BRDA:39,2,8,1
BRDA:39,2,9,1
BRF:14
BRH:10
end_of_record
TN:
SF:/Users/sijinze/Desktop/FrontEnd 3/frontend/src/Views/MainPage.js
FN:21,(anonymous_0)
FN:29,(anonymous_1)
FN:33,(anonymous_2)
FN:39,(anonymous_3)
FN:59,(anonymous_4)
FN:81,(anonymous_5)
FNF:6
FNH:6
FNDA:1,(anonymous_0)
FNDA:3,(anonymous_1)
FNDA:3,(anonymous_2)
FNDA:3,(anonymous_3)
FNDA:3,(anonymous_4)
FNDA:5,(anonymous_5)
DA:22,1
DA:23,1
DA:30,3
DA:33,1
DA:34,3
DA:35,3
DA:36,3
DA:37,3
DA:38,3
DA:41,3
DA:42,3
DA:43,3
DA:44,3
DA:45,3
DA:48,3
DA:49,2
DA:53,1
DA:58,3
DA:61,3
DA:62,3
DA:63,3
DA:64,3
DA:65,3
DA:67,3
DA:68,2
DA:72,1
DA:82,5
LF:27
LH:27
BRDA:48,0,0,2
BRDA:48,0,1,1
BRDA:67,1,0,2
BRDA:67,1,1,1
BRDA:92,2,0,1
BRDA:92,2,1,4
BRDA:96,3,0,2
BRDA:96,3,1,3
BRF:8
BRH:8
end_of_record
TN:
SF:/Users/sijinze/Desktop/FrontEnd 3/frontend/src/Views/PersonPage.js
FN:20,(anonymous_0)
FN:33,(anonymous_1)
FN:45,(anonymous_2)
FN:49,(anonymous_3)
FN:58,(anonymous_4)
FN:76,(anonymous_5)
FN:81,(anonymous_6)
FN:86,(anonymous_7)
FN:100,(anonymous_8)
FN:105,(anonymous_9)
FN:123,(anonymous_10)
FN:131,(anonymous_11)
FN:144,(anonymous_12)
FN:151,(anonymous_13)
FN:208,(anonymous_14)
FN:210,(anonymous_15)
FN:221,(anonymous_16)
FN:227,(anonymous_17)
FN:233,(anonymous_18)
FN:239,(anonymous_19)
FN:246,(anonymous_20)
FNF:21
FNH:21
FNDA:3,(anonymous_0)
FNDA:3,(anonymous_1)
FNDA:7,(anonymous_2)
FNDA:6,(anonymous_3)
FNDA:6,(anonymous_4)
FNDA:6,(anonymous_5)
FNDA:3,(anonymous_6)
FNDA:3,(anonymous_7)
FNDA:3,(anonymous_8)
FNDA:1,(anonymous_9)
FNDA:3,(anonymous_10)
FNDA:3,(anonymous_11)
FNDA:3,(anonymous_12)
FNDA:19,(anonymous_13)
FNDA:1,(anonymous_14)
FNDA:1,(anonymous_15)
FNDA:1,(anonymous_16)
FNDA:1,(anonymous_17)
FNDA:1,(anonymous_18)
FNDA:1,(anonymous_19)
FNDA:1,(anonymous_20)
DA:21,3
DA:22,3
DA:34,3
DA:35,1
DA:38,2
DA:39,2
DA:41,3
DA:42,3
DA:45,3
DA:46,7
DA:49,3
DA:50,6
DA:51,6
DA:52,6
DA:53,6
DA:58,6
DA:59,6
DA:60,3
DA:67,6
DA:68,2
DA:70,6
DA:71,1
DA:72,1
DA:75,6
DA:77,6
DA:81,3
DA:82,3
DA:83,3
DA:86,3
DA:87,3
DA:88,3
DA:89,3
DA:91,3
DA:92,0
DA:94,3
DA:95,0
DA:96,0
DA:99,3
DA:101,3
DA:105,3
DA:106,1
DA:107,1
DA:108,1
DA:109,1
DA:110,1
DA:111,1
DA:112,1
DA:113,1
DA:114,1
DA:115,1
DA:116,1
DA:123,3
DA:124,3
DA:125,3
DA:126,3
DA:127,3
DA:131,3
DA:132,3
DA:133,1
DA:135,3
DA:136,1
DA:138,3
DA:139,1
DA:140,1
DA:143,3
DA:145,3
DA:152,19
DA:208,1
DA:210,1
DA:221,1
DA:227,1
DA:233,1
DA:239,1
DA:246,1
LF:74
LH:71
BRDA:34,0,0,1
BRDA:34,0,1,2
BRDA:59,1,0,3
BRDA:59,1,1,3
BRDA:67,2,0,2
BRDA:67,2,1,4
BRDA:70,3,0,1
BRDA:70,3,1,5
BRDA:87,4,0,3
BRDA:87,4,1,0
BRDA:88,5,0,3
BRDA:88,5,1,0
BRDA:91,6,0,0
BRDA:91,6,1,3
BRDA:94,7,0,0
BRDA:94,7,1,3
BRDA:124,8,0,0
BRDA:124,8,1,3
BRDA:132,9,0,1
BRDA:132,9,1,2
BRDA:135,10,0,1
BRDA:135,10,1,2
BRDA:138,11,0,1
BRDA:138,11,1,2
BRDA:169,12,0,19
BRDA:169,12,1,7
BRDA:169,12,2,3
BRDA:173,13,0,19
BRDA:173,13,1,7
BRDA:173,13,2,4
BRDA:180,14,0,19
BRDA:180,14,1,4
BRDA:181,15,0,6
BRDA:181,15,1,13
BRDA:183,16,0,19
BRDA:183,16,1,4
BRDA:220,17,0,10
BRDA:220,17,1,9
BRDA:226,18,0,1
BRDA:226,18,1,18
BRDA:232,19,0,1
BRDA:232,19,1,18
BRDA:238,20,0,1
BRDA:238,20,1,18
BRDA:243,21,0,19
BRDA:243,21,1,12
BRDA:245,22,0,4
BRDA:245,22,1,8
BRDA:254,23,0,19
BRDA:254,23,1,10
BRDA:255,24,0,19
BRDA:255,24,1,1
BRDA:256,25,0,19
BRDA:256,25,1,1
BRDA:257,26,0,19
BRDA:257,26,1,1
BRDA:258,27,0,19
BRDA:258,27,1,4
BRDA:258,27,2,4
BRDA:267,28,0,19
BRDA:267,28,1,1
BRDA:268,29,0,19
BRDA:268,29,1,1
BRF:63
BRH:58
end_of_record
TN:
SF:/Users/sijinze/Desktop/FrontEnd 3/frontend/src/Views/SignInPage.js
FN:12,(anonymous_0)
FN:22,(anonymous_1)
FN:27,(anonymous_2)
FN:33,(anonymous_3)
FN:39,(anonymous_4)
FN:54,(anonymous_5)
FN:77,(anonymous_6)
FN:81,(anonymous_7)
FN:85,(anonymous_8)
FN:116,(anonymous_9)
FN:124,(anonymous_10)
FN:146,(anonymous_11)
FNF:12
FNH:10
FNDA:1,(anonymous_0)
FNDA:1,(anonymous_1)
FNDA:2,(anonymous_2)
FNDA:2,(anonymous_3)
FNDA:5,(anonymous_4)
FNDA:4,(anonymous_5)
FNDA:4,(anonymous_6)
FNDA:0,(anonymous_7)
FNDA:9,(anonymous_8)
FNDA:1,(anonymous_9)
FNDA:1,(anonymous_10)
FNDA:0,(anonymous_11)
DA:13,1
DA:14,1
DA:22,1
DA:23,1
DA:27,1
DA:29,2
DA:33,1
DA:35,2
DA:39,1
DA:41,5
DA:42,1
DA:46,1
DA:48,4
DA:49,4
DA:54,4
DA:55,4
DA:56,4
DA:57,2
DA:58,2
DA:59,2
DA:60,2
DA:61,2
DA:62,2
DA:63,2
DA:64,2
DA:65,2
DA:66,2
DA:69,2
DA:76,4
DA:78,4
DA:81,1
DA:82,0
DA:86,9
DA:116,1
DA:124,1
DA:146,0
LF:36
LH:34
BRDA:41,0,0,1
BRDA:41,0,1,4
BRDA:41,1,0,5
BRDA:41,1,1,4
BRDA:56,2,0,2
BRDA:56,2,1,2
BRF:6
BRH:6
end_of_record
TN:
SF:/Users/sijinze/Desktop/FrontEnd 3/frontend/src/Views/SignUpPage.js
FN:6,(anonymous_0)
FNF:1
FNH:1
FNDA:1,(anonymous_0)
DA:7,1
LF:1
LH:1
BRF:0
BRH:0
end_of_record
TN:
SF:/Users/sijinze/Desktop/FrontEnd 3/frontend/src/test/sum.js
FN:1,sum
FNF:1
FNH:1
FNDA:1,sum
DA:2,1
DA:4,1
LF:2
LH:2
BRF:0
BRH:0
end_of_record
